#
# A fatal error has been detected by the Java Runtime Environment:
#
#  EXCEPTION_ACCESS_VIOLATION (0xc0000005) at pc=0x00007ffb1509b06a, pid=14228, tid=14276
#
# JRE version: Java(TM) SE Runtime Environment (17.0.1+12) (build 17.0.1+12-LTS-39)
# Java VM: Java HotSpot(TM) 64-Bit Server VM (17.0.1+12-LTS-39, mixed mode, sharing, tiered, compressed oops, compressed class ptrs, g1 gc, windows-amd64)
# Problematic frame:
# C  [nvoglv64.dll+0x126b06a]
#
# No core dump will be written. Minidumps are not enabled by default on client versions of Windows
#
# If you would like to submit a bug report, please visit:
#   https://bugreport.java.com/bugreport/crash.jsp
# The crash happened outside the Java Virtual Machine in native code.
# See problematic frame for where to report the bug.
#

---------------  S U M M A R Y ------------

Command Line: -Dfile.encoding=windows-1252 -Duser.country=DE -Duser.language=de -Duser.variant Main

Host: AMD Ryzen 5 3600 6-Core Processor              , 12 cores, 31G,  Windows 10 , 64 bit Build 22000 (10.0.22000.675)
Time: Sun May 29 16:48:30 2022 Mitteleuropäische Sommerzeit elapsed time: 0.469553 seconds (0d 0h 0m 0s)

---------------  T H R E A D  ---------------

Current thread (0x000001d699883c40):  JavaThread "main" [_thread_in_native, id=14276, stack(0x000000d2f1000000,0x000000d2f1100000)]

Stack: [0x000000d2f1000000,0x000000d2f1100000],  sp=0x000000d2f10fec48,  free space=1019k
Native frames: (J=compiled Java code, j=interpreted, Vv=VM code, C=native code)
C  [nvoglv64.dll+0x126b06a]

Java frames: (J=compiled Java code, j=interpreted, Vv=VM code)
j  org.lwjgl.opengl.GL11C.nglTexImage2D(IIIIIIIIJ)V+0
j  org.lwjgl.opengl.GL11C.glTexImage2D(IIIIIIIILjava/nio/ByteBuffer;)V+17
j  org.lwjgl.opengl.GL11.glTexImage2D(IIIIIIIILjava/nio/ByteBuffer;)V+14
j  renderer.Texture.<init>(Ljava/lang/String;)V+132
j  jade.LevelEditorScene.init()V+45
j  jade.Window.changeScene(I)V+41
j  jade.Window.init()V+162
j  jade.Window.run()V+15
j  Main.main([Ljava/lang/String;)V+5
v  ~StubRoutines::call_stub

siginfo: EXCEPTION_ACCESS_VIOLATION (0xc0000005), reading address 0x000001d6c77ff000


Register to memory mapping:

RIP=0x00007ffb1509b06a nvoglv64.dll
RAX=0x0 is NULL
RBX=0x000001d6c75d7a08 points into unknown readable memory: 0xfdfffffffcfffff9 | f9 ff ff fc ff ff ff fd
RCX=0x000001d6c75dba20 points into unknown readable memory: 0x0000000000000000 | 00 00 00 00 00 00 00 00
RDX=0x0000000000223608 is an unknown value
RSP=0x000000d2f10fec48 is pointing into the stack for thread: 0x000001d699883c40
RBP=0x000001d6c77fb010 points into unknown readable memory: 0xfdfffffffcfffff9 | f9 ff ff fc ff ff ff fd
RSI=0x0000000000004e20 is an unknown value
RDI=0x000001d6c816a080 points into unknown readable memory: 0x0000000000000000 | 00 00 00 00 00 00 00 00
R8 =0x0000000000004e08 is an unknown value
R9 =0x000000000000001c is an unknown value
R10=0x000001d6c77fb010 points into unknown readable memory: 0xfdfffffffcfffff9 | f9 ff ff fc ff ff ff fd
R11=0x000001d6c75d7a08 points into unknown readable memory: 0xfdfffffffcfffff9 | f9 ff ff fc ff ff ff fd
R12=0x0000000000001401 is an unknown value
R13=0x0000000000001908 is an unknown value
R14=0x0000000000000032 is an unknown value
R15=0x0000000000000de1 is an unknown value


Registers:
RAX=0x0000000000000000, RBX=0x000001d6c75d7a08, RCX=0x000001d6c75dba20, RDX=0x0000000000223608
RSP=0x000000d2f10fec48, RBP=0x000001d6c77fb010, RSI=0x0000000000004e20, RDI=0x000001d6c816a080
R8 =0x0000000000004e08, R9 =0x000000000000001c, R10=0x000001d6c77fb010, R11=0x000001d6c75d7a08
R12=0x0000000000001401, R13=0x0000000000001908, R14=0x0000000000000032, R15=0x0000000000000de1
RIP=0x00007ffb1509b06a, EFLAGS=0x0000000000010202

Top of Stack: (sp=0x000000d2f10fec48)
0x000000d2f10fec48:   00007ffb1476d02f 0000000000000000
0x000000d2f10fec58:   0000000000000000 0000000000000000
0x000000d2f10fec68:   000001d6a1098e10 0000000000000000
0x000000d2f10fec78:   0000000000001908 000001d600001401
0x000000d2f10fec88:   000001d6c77fb010 0000000000004e20
0x000000d2f10fec98:   0000000000000000 000001d699883c40
0x000000d2f10feca8:   000000d2f10feec0 000001d6c6a543f8
0x000000d2f10fecb8:   0000000000000000 0000000000001908
0x000000d2f10fecc8:   0000000000000000 0000000000000de1
0x000000d2f10fecd8:   00007ffb9cc9b304 0000000000000032
0x000000d2f10fece8:   0000006000000000 000001d600001908
0x000000d2f10fecf8:   000000d2f10feec0 0000000000000064
0x000000d2f10fed08:   0000000000000000 000001d600001908
0x000000d2f10fed18:   000001d600001401 000001d6c77fb010
0x000000d2f10fed28:   00007ffb1737e342 0000000000000110
0x000000d2f10fed38:   00007ffbac10cb35 0000000000000de1 

Instructions: (pc=0x00007ffb1509b06a)
0x00007ffb1509af6a:   88 48 0c c3 66 90 4c 8b 02 0f b6 4a 08 4c 89 00
0x00007ffb1509af7a:   88 48 08 c3 66 90 4c 8b 02 0f b7 4a 08 4c 89 00
0x00007ffb1509af8a:   66 89 48 08 c3 90 4c 8b 02 8b 4a 08 4c 89 00 89
0x00007ffb1509af9a:   48 08 c3 0f 1f 00 4c 8b 02 8b 4a 08 44 0f b7 4a
0x00007ffb1509afaa:   0c 4c 89 00 89 48 08 66 44 89 48 0c c3 66 0f 1f
0x00007ffb1509afba:   84 00 00 00 00 00 4c 8b 02 8b 4a 08 44 0f b7 4a
0x00007ffb1509afca:   0c 44 0f b6 52 0e 4c 89 00 89 48 08 66 44 89 48
0x00007ffb1509afda:   0c 44 88 50 0e c3 0f 10 04 11 4c 03 c1 48 83 c1
0x00007ffb1509afea:   10 41 f6 c3 0f 74 13 0f 28 c8 48 83 e1 f0 0f 10
0x00007ffb1509affa:   04 11 48 83 c1 10 41 0f 11 0b 4c 2b c1 4d 8b c8
0x00007ffb1509b00a:   49 c1 e9 07 0f 84 88 00 00 00 0f 29 41 f0 4c 3b
0x00007ffb1509b01a:   0d d9 15 ac 01 76 17 e9 c2 00 00 00 66 66 0f 1f
0x00007ffb1509b02a:   84 00 00 00 00 00 0f 29 41 e0 0f 29 49 f0 0f 10
0x00007ffb1509b03a:   04 11 0f 10 4c 11 10 48 81 c1 80 00 00 00 0f 29
0x00007ffb1509b04a:   41 80 0f 29 49 90 0f 10 44 11 a0 0f 10 4c 11 b0
0x00007ffb1509b05a:   49 ff c9 0f 29 41 a0 0f 29 49 b0 0f 10 44 11 c0
0x00007ffb1509b06a:   0f 10 4c 11 d0 0f 29 41 c0 0f 29 49 d0 0f 10 44
0x00007ffb1509b07a:   11 e0 0f 10 4c 11 f0 75 ad 0f 29 41 e0 49 83 e0
0x00007ffb1509b08a:   7f 0f 28 c1 eb 0c 0f 10 04 11 48 83 c1 10 49 83
0x00007ffb1509b09a:   e8 10 4d 8b c8 49 c1 e9 04 74 1c 66 66 66 0f 1f
0x00007ffb1509b0aa:   84 00 00 00 00 00 0f 11 41 f0 0f 10 04 11 48 83
0x00007ffb1509b0ba:   c1 10 49 ff c9 75 ef 49 83 e0 0f 74 0d 4a 8d 04
0x00007ffb1509b0ca:   01 0f 10 4c 10 f0 0f 11 48 f0 0f 11 41 f0 49 8b
0x00007ffb1509b0da:   c3 c3 0f 1f 40 00 0f 2b 41 e0 0f 2b 49 f0 0f 18
0x00007ffb1509b0ea:   84 11 00 02 00 00 0f 10 04 11 0f 10 4c 11 10 48
0x00007ffb1509b0fa:   81 c1 80 00 00 00 0f 2b 41 80 0f 2b 49 90 0f 10
0x00007ffb1509b10a:   44 11 a0 0f 10 4c 11 b0 49 ff c9 0f 2b 41 a0 0f
0x00007ffb1509b11a:   2b 49 b0 0f 10 44 11 c0 0f 10 4c 11 d0 0f 18 84
0x00007ffb1509b12a:   11 40 02 00 00 0f 2b 41 c0 0f 2b 49 d0 0f 10 44
0x00007ffb1509b13a:   11 e0 0f 10 4c 11 f0 75 9d 0f ae f8 e9 38 ff ff
0x00007ffb1509b14a:   ff 0f 1f 44 00 00 49 03 c8 0f 10 44 11 f0 48 83
0x00007ffb1509b15a:   e9 10 49 83 e8 10 f6 c1 0f 74 17 48 8b c1 48 83 


Stack slot to memory mapping:
stack at sp + 0 slots: 0x00007ffb1476d02f nvoglv64.dll
stack at sp + 1 slots: 0x0 is NULL
stack at sp + 2 slots: 0x0 is NULL
stack at sp + 3 slots: 0x0 is NULL
stack at sp + 4 slots: 0x000001d6a1098e10 is at code_begin+-112 in 
[CodeBlob (0x000001d6a1098e10)]
Framesize: 0
BufferBlob (0x000001d6a1098e10) used for Interpreter
stack at sp + 5 slots: 0x0 is NULL
stack at sp + 6 slots: 0x0000000000001908 is an unknown value
stack at sp + 7 slots: 0x000001d600001401 is an unknown value


---------------  P R O C E S S  ---------------

Threads class SMR info:
_java_thread_list=0x000001d6c6d52050, length=12, elements={
0x000001d699883c40, 0x000001d6c61fb180, 0x000001d6c61fbff0, 0x000001d6c62105e0,
0x000001d6c62134a0, 0x000001d6c6213e50, 0x000001d6c6214d10, 0x000001d6c6218ef0,
0x000001d6c6c280a0, 0x000001d6c621abf0, 0x000001d6c6d4ec50, 0x000001d6c6d558f0
}

Java Threads: ( => current thread )
=>0x000001d699883c40 JavaThread "main" [_thread_in_native, id=14276, stack(0x000000d2f1000000,0x000000d2f1100000)]
  0x000001d6c61fb180 JavaThread "Reference Handler" daemon [_thread_blocked, id=10408, stack(0x000000d2f1700000,0x000000d2f1800000)]
  0x000001d6c61fbff0 JavaThread "Finalizer" daemon [_thread_blocked, id=9376, stack(0x000000d2f1800000,0x000000d2f1900000)]
  0x000001d6c62105e0 JavaThread "Signal Dispatcher" daemon [_thread_blocked, id=16832, stack(0x000000d2f1900000,0x000000d2f1a00000)]
  0x000001d6c62134a0 JavaThread "Attach Listener" daemon [_thread_blocked, id=15048, stack(0x000000d2f1a00000,0x000000d2f1b00000)]
  0x000001d6c6213e50 JavaThread "Service Thread" daemon [_thread_blocked, id=6800, stack(0x000000d2f1b00000,0x000000d2f1c00000)]
  0x000001d6c6214d10 JavaThread "Monitor Deflation Thread" daemon [_thread_blocked, id=9692, stack(0x000000d2f1c00000,0x000000d2f1d00000)]
  0x000001d6c6218ef0 JavaThread "C2 CompilerThread0" daemon [_thread_blocked, id=20848, stack(0x000000d2f1d00000,0x000000d2f1e00000)]
  0x000001d6c6c280a0 JavaThread "C1 CompilerThread0" daemon [_thread_blocked, id=21192, stack(0x000000d2f1e00000,0x000000d2f1f00000)]
  0x000001d6c621abf0 JavaThread "Sweeper thread" daemon [_thread_blocked, id=11656, stack(0x000000d2f1f00000,0x000000d2f2000000)]
  0x000001d6c6d4ec50 JavaThread "Notification Thread" daemon [_thread_blocked, id=7348, stack(0x000000d2f2000000,0x000000d2f2100000)]
  0x000001d6c6d558f0 JavaThread "Common-Cleaner" daemon [_thread_blocked, id=8648, stack(0x000000d2f2200000,0x000000d2f2300000)]

Other Threads:
  0x000001d6c61f4570 VMThread "VM Thread" [stack: 0x000000d2f1600000,0x000000d2f1700000] [id=16928]
  0x000001d699912be0 WatcherThread [stack: 0x000000d2f2100000,0x000000d2f2200000] [id=14780]
  0x000001d6998fa360 GCTaskThread "GC Thread#0" [stack: 0x000000d2f1100000,0x000000d2f1200000] [id=2028]
  0x000001d69990b230 ConcurrentGCThread "G1 Main Marker" [stack: 0x000000d2f1200000,0x000000d2f1300000] [id=2328]
  0x000001d69990c3e0 ConcurrentGCThread "G1 Conc#0" [stack: 0x000000d2f1300000,0x000000d2f1400000] [id=15192]
  0x000001d6c60ab120 ConcurrentGCThread "G1 Refine#0" [stack: 0x000000d2f1400000,0x000000d2f1500000] [id=8084]
  0x000001d6c60ac960 ConcurrentGCThread "G1 Service" [stack: 0x000000d2f1500000,0x000000d2f1600000] [id=14816]

Threads with active compile tasks:

VM state: not at safepoint (normal execution)

VM Mutex/Monitor currently owned by a thread: None

Heap address: 0x0000000600c00000, size: 8180 MB, Compressed Oops mode: Zero based, Oop shift amount: 3

CDS archive(s) mapped at: [0x0000000800000000-0x0000000800bc0000-0x0000000800bc0000), size 12320768, SharedBaseAddress: 0x0000000800000000, ArchiveRelocationMode: 0.
Compressed class space mapped at: 0x0000000800c00000-0x0000000840c00000, reserved size: 1073741824
Narrow klass base: 0x0000000800000000, Narrow klass shift: 0, Narrow klass range: 0x100000000

GC Precious Log:
 CPUs: 12 total, 12 available
 Memory: 32719M
 Large Page Support: Disabled
 NUMA Support: Disabled
 Compressed Oops: Enabled (Zero based)
 Heap Region Size: 4M
 Heap Min Capacity: 8M
 Heap Initial Capacity: 512M
 Heap Max Capacity: 8180M
 Pre-touch: Disabled
 Parallel Workers: 10
 Concurrent Workers: 3
 Concurrent Refinement Workers: 10
 Periodic GC: Disabled

Heap:
 garbage-first heap   total 524288K, used 4096K [0x0000000600c00000, 0x0000000800000000)
  region size 4096K, 3 young (12288K), 0 survivors (0K)
 Metaspace       used 3894K, committed 4160K, reserved 1056768K
  class space    used 211K, committed 320K, reserved 1048576K

Heap Regions: E=young(eden), S=young(survivor), O=old, HS=humongous(starts), HC=humongous(continues), CS=collection set, F=free, OA=open archive, CA=closed archive, TAMS=top-at-mark-start (previous, next)
|   0|0x0000000600c00000, 0x0000000600c00000, 0x0000000601000000|  0%| F|  |TAMS 0x0000000600c00000, 0x0000000600c00000| Untracked 
|   1|0x0000000601000000, 0x0000000601000000, 0x0000000601400000|  0%| F|  |TAMS 0x0000000601000000, 0x0000000601000000| Untracked 
|   2|0x0000000601400000, 0x0000000601400000, 0x0000000601800000|  0%| F|  |TAMS 0x0000000601400000, 0x0000000601400000| Untracked 
|   3|0x0000000601800000, 0x0000000601800000, 0x0000000601c00000|  0%| F|  |TAMS 0x0000000601800000, 0x0000000601800000| Untracked 
|   4|0x0000000601c00000, 0x0000000601c00000, 0x0000000602000000|  0%| F|  |TAMS 0x0000000601c00000, 0x0000000601c00000| Untracked 
|   5|0x0000000602000000, 0x0000000602000000, 0x0000000602400000|  0%| F|  |TAMS 0x0000000602000000, 0x0000000602000000| Untracked 
|   6|0x0000000602400000, 0x0000000602400000, 0x0000000602800000|  0%| F|  |TAMS 0x0000000602400000, 0x0000000602400000| Untracked 
|   7|0x0000000602800000, 0x0000000602800000, 0x0000000602c00000|  0%| F|  |TAMS 0x0000000602800000, 0x0000000602800000| Untracked 
|   8|0x0000000602c00000, 0x0000000602c00000, 0x0000000603000000|  0%| F|  |TAMS 0x0000000602c00000, 0x0000000602c00000| Untracked 
|   9|0x0000000603000000, 0x0000000603000000, 0x0000000603400000|  0%| F|  |TAMS 0x0000000603000000, 0x0000000603000000| Untracked 
|  10|0x0000000603400000, 0x0000000603400000, 0x0000000603800000|  0%| F|  |TAMS 0x0000000603400000, 0x0000000603400000| Untracked 
|  11|0x0000000603800000, 0x0000000603800000, 0x0000000603c00000|  0%| F|  |TAMS 0x0000000603800000, 0x0000000603800000| Untracked 
|  12|0x0000000603c00000, 0x0000000603c00000, 0x0000000604000000|  0%| F|  |TAMS 0x0000000603c00000, 0x0000000603c00000| Untracked 
|  13|0x0000000604000000, 0x0000000604000000, 0x0000000604400000|  0%| F|  |TAMS 0x0000000604000000, 0x0000000604000000| Untracked 
|  14|0x0000000604400000, 0x0000000604400000, 0x0000000604800000|  0%| F|  |TAMS 0x0000000604400000, 0x0000000604400000| Untracked 
|  15|0x0000000604800000, 0x0000000604800000, 0x0000000604c00000|  0%| F|  |TAMS 0x0000000604800000, 0x0000000604800000| Untracked 
|  16|0x0000000604c00000, 0x0000000604c00000, 0x0000000605000000|  0%| F|  |TAMS 0x0000000604c00000, 0x0000000604c00000| Untracked 
|  17|0x0000000605000000, 0x0000000605000000, 0x0000000605400000|  0%| F|  |TAMS 0x0000000605000000, 0x0000000605000000| Untracked 
|  18|0x0000000605400000, 0x0000000605400000, 0x0000000605800000|  0%| F|  |TAMS 0x0000000605400000, 0x0000000605400000| Untracked 
|  19|0x0000000605800000, 0x0000000605800000, 0x0000000605c00000|  0%| F|  |TAMS 0x0000000605800000, 0x0000000605800000| Untracked 
|  20|0x0000000605c00000, 0x0000000605c00000, 0x0000000606000000|  0%| F|  |TAMS 0x0000000605c00000, 0x0000000605c00000| Untracked 
|  21|0x0000000606000000, 0x0000000606000000, 0x0000000606400000|  0%| F|  |TAMS 0x0000000606000000, 0x0000000606000000| Untracked 
|  22|0x0000000606400000, 0x0000000606400000, 0x0000000606800000|  0%| F|  |TAMS 0x0000000606400000, 0x0000000606400000| Untracked 
|  23|0x0000000606800000, 0x0000000606800000, 0x0000000606c00000|  0%| F|  |TAMS 0x0000000606800000, 0x0000000606800000| Untracked 
|  24|0x0000000606c00000, 0x0000000606c00000, 0x0000000607000000|  0%| F|  |TAMS 0x0000000606c00000, 0x0000000606c00000| Untracked 
|  25|0x0000000607000000, 0x0000000607000000, 0x0000000607400000|  0%| F|  |TAMS 0x0000000607000000, 0x0000000607000000| Untracked 
|  26|0x0000000607400000, 0x0000000607400000, 0x0000000607800000|  0%| F|  |TAMS 0x0000000607400000, 0x0000000607400000| Untracked 
|  27|0x0000000607800000, 0x0000000607800000, 0x0000000607c00000|  0%| F|  |TAMS 0x0000000607800000, 0x0000000607800000| Untracked 
|  28|0x0000000607c00000, 0x0000000607c00000, 0x0000000608000000|  0%| F|  |TAMS 0x0000000607c00000, 0x0000000607c00000| Untracked 
|  29|0x0000000608000000, 0x0000000608000000, 0x0000000608400000|  0%| F|  |TAMS 0x0000000608000000, 0x0000000608000000| Untracked 
|  30|0x0000000608400000, 0x0000000608400000, 0x0000000608800000|  0%| F|  |TAMS 0x0000000608400000, 0x0000000608400000| Untracked 
|  31|0x0000000608800000, 0x0000000608800000, 0x0000000608c00000|  0%| F|  |TAMS 0x0000000608800000, 0x0000000608800000| Untracked 
|  32|0x0000000608c00000, 0x0000000608c00000, 0x0000000609000000|  0%| F|  |TAMS 0x0000000608c00000, 0x0000000608c00000| Untracked 
|  33|0x0000000609000000, 0x0000000609000000, 0x0000000609400000|  0%| F|  |TAMS 0x0000000609000000, 0x0000000609000000| Untracked 
|  34|0x0000000609400000, 0x0000000609400000, 0x0000000609800000|  0%| F|  |TAMS 0x0000000609400000, 0x0000000609400000| Untracked 
|  35|0x0000000609800000, 0x0000000609800000, 0x0000000609c00000|  0%| F|  |TAMS 0x0000000609800000, 0x0000000609800000| Untracked 
|  36|0x0000000609c00000, 0x0000000609c00000, 0x000000060a000000|  0%| F|  |TAMS 0x0000000609c00000, 0x0000000609c00000| Untracked 
|  37|0x000000060a000000, 0x000000060a000000, 0x000000060a400000|  0%| F|  |TAMS 0x000000060a000000, 0x000000060a000000| Untracked 
|  38|0x000000060a400000, 0x000000060a400000, 0x000000060a800000|  0%| F|  |TAMS 0x000000060a400000, 0x000000060a400000| Untracked 
|  39|0x000000060a800000, 0x000000060a800000, 0x000000060ac00000|  0%| F|  |TAMS 0x000000060a800000, 0x000000060a800000| Untracked 
|  40|0x000000060ac00000, 0x000000060ac00000, 0x000000060b000000|  0%| F|  |TAMS 0x000000060ac00000, 0x000000060ac00000| Untracked 
|  41|0x000000060b000000, 0x000000060b000000, 0x000000060b400000|  0%| F|  |TAMS 0x000000060b000000, 0x000000060b000000| Untracked 
|  42|0x000000060b400000, 0x000000060b400000, 0x000000060b800000|  0%| F|  |TAMS 0x000000060b400000, 0x000000060b400000| Untracked 
|  43|0x000000060b800000, 0x000000060b800000, 0x000000060bc00000|  0%| F|  |TAMS 0x000000060b800000, 0x000000060b800000| Untracked 
|  44|0x000000060bc00000, 0x000000060bc00000, 0x000000060c000000|  0%| F|  |TAMS 0x000000060bc00000, 0x000000060bc00000| Untracked 
|  45|0x000000060c000000, 0x000000060c000000, 0x000000060c400000|  0%| F|  |TAMS 0x000000060c000000, 0x000000060c000000| Untracked 
|  46|0x000000060c400000, 0x000000060c400000, 0x000000060c800000|  0%| F|  |TAMS 0x000000060c400000, 0x000000060c400000| Untracked 
|  47|0x000000060c800000, 0x000000060c800000, 0x000000060cc00000|  0%| F|  |TAMS 0x000000060c800000, 0x000000060c800000| Untracked 
|  48|0x000000060cc00000, 0x000000060cc00000, 0x000000060d000000|  0%| F|  |TAMS 0x000000060cc00000, 0x000000060cc00000| Untracked 
|  49|0x000000060d000000, 0x000000060d000000, 0x000000060d400000|  0%| F|  |TAMS 0x000000060d000000, 0x000000060d000000| Untracked 
|  50|0x000000060d400000, 0x000000060d400000, 0x000000060d800000|  0%| F|  |TAMS 0x000000060d400000, 0x000000060d400000| Untracked 
|  51|0x000000060d800000, 0x000000060d800000, 0x000000060dc00000|  0%| F|  |TAMS 0x000000060d800000, 0x000000060d800000| Untracked 
|  52|0x000000060dc00000, 0x000000060dc00000, 0x000000060e000000|  0%| F|  |TAMS 0x000000060dc00000, 0x000000060dc00000| Untracked 
|  53|0x000000060e000000, 0x000000060e000000, 0x000000060e400000|  0%| F|  |TAMS 0x000000060e000000, 0x000000060e000000| Untracked 
|  54|0x000000060e400000, 0x000000060e400000, 0x000000060e800000|  0%| F|  |TAMS 0x000000060e400000, 0x000000060e400000| Untracked 
|  55|0x000000060e800000, 0x000000060e800000, 0x000000060ec00000|  0%| F|  |TAMS 0x000000060e800000, 0x000000060e800000| Untracked 
|  56|0x000000060ec00000, 0x000000060ec00000, 0x000000060f000000|  0%| F|  |TAMS 0x000000060ec00000, 0x000000060ec00000| Untracked 
|  57|0x000000060f000000, 0x000000060f000000, 0x000000060f400000|  0%| F|  |TAMS 0x000000060f000000, 0x000000060f000000| Untracked 
|  58|0x000000060f400000, 0x000000060f400000, 0x000000060f800000|  0%| F|  |TAMS 0x000000060f400000, 0x000000060f400000| Untracked 
|  59|0x000000060f800000, 0x000000060f800000, 0x000000060fc00000|  0%| F|  |TAMS 0x000000060f800000, 0x000000060f800000| Untracked 
|  60|0x000000060fc00000, 0x000000060fc00000, 0x0000000610000000|  0%| F|  |TAMS 0x000000060fc00000, 0x000000060fc00000| Untracked 
|  61|0x0000000610000000, 0x0000000610000000, 0x0000000610400000|  0%| F|  |TAMS 0x0000000610000000, 0x0000000610000000| Untracked 
|  62|0x0000000610400000, 0x0000000610400000, 0x0000000610800000|  0%| F|  |TAMS 0x0000000610400000, 0x0000000610400000| Untracked 
|  63|0x0000000610800000, 0x0000000610800000, 0x0000000610c00000|  0%| F|  |TAMS 0x0000000610800000, 0x0000000610800000| Untracked 
|  64|0x0000000610c00000, 0x0000000610c00000, 0x0000000611000000|  0%| F|  |TAMS 0x0000000610c00000, 0x0000000610c00000| Untracked 
|  65|0x0000000611000000, 0x0000000611000000, 0x0000000611400000|  0%| F|  |TAMS 0x0000000611000000, 0x0000000611000000| Untracked 
|  66|0x0000000611400000, 0x0000000611400000, 0x0000000611800000|  0%| F|  |TAMS 0x0000000611400000, 0x0000000611400000| Untracked 
|  67|0x0000000611800000, 0x0000000611800000, 0x0000000611c00000|  0%| F|  |TAMS 0x0000000611800000, 0x0000000611800000| Untracked 
|  68|0x0000000611c00000, 0x0000000611c00000, 0x0000000612000000|  0%| F|  |TAMS 0x0000000611c00000, 0x0000000611c00000| Untracked 
|  69|0x0000000612000000, 0x0000000612000000, 0x0000000612400000|  0%| F|  |TAMS 0x0000000612000000, 0x0000000612000000| Untracked 
|  70|0x0000000612400000, 0x0000000612400000, 0x0000000612800000|  0%| F|  |TAMS 0x0000000612400000, 0x0000000612400000| Untracked 
|  71|0x0000000612800000, 0x0000000612800000, 0x0000000612c00000|  0%| F|  |TAMS 0x0000000612800000, 0x0000000612800000| Untracked 
|  72|0x0000000612c00000, 0x0000000612c00000, 0x0000000613000000|  0%| F|  |TAMS 0x0000000612c00000, 0x0000000612c00000| Untracked 
|  73|0x0000000613000000, 0x0000000613000000, 0x0000000613400000|  0%| F|  |TAMS 0x0000000613000000, 0x0000000613000000| Untracked 
|  74|0x0000000613400000, 0x0000000613400000, 0x0000000613800000|  0%| F|  |TAMS 0x0000000613400000, 0x0000000613400000| Untracked 
|  75|0x0000000613800000, 0x0000000613800000, 0x0000000613c00000|  0%| F|  |TAMS 0x0000000613800000, 0x0000000613800000| Untracked 
|  76|0x0000000613c00000, 0x0000000613c00000, 0x0000000614000000|  0%| F|  |TAMS 0x0000000613c00000, 0x0000000613c00000| Untracked 
|  77|0x0000000614000000, 0x0000000614000000, 0x0000000614400000|  0%| F|  |TAMS 0x0000000614000000, 0x0000000614000000| Untracked 
|  78|0x0000000614400000, 0x0000000614400000, 0x0000000614800000|  0%| F|  |TAMS 0x0000000614400000, 0x0000000614400000| Untracked 
|  79|0x0000000614800000, 0x0000000614800000, 0x0000000614c00000|  0%| F|  |TAMS 0x0000000614800000, 0x0000000614800000| Untracked 
|  80|0x0000000614c00000, 0x0000000614c00000, 0x0000000615000000|  0%| F|  |TAMS 0x0000000614c00000, 0x0000000614c00000| Untracked 
|  81|0x0000000615000000, 0x0000000615000000, 0x0000000615400000|  0%| F|  |TAMS 0x0000000615000000, 0x0000000615000000| Untracked 
|  82|0x0000000615400000, 0x0000000615400000, 0x0000000615800000|  0%| F|  |TAMS 0x0000000615400000, 0x0000000615400000| Untracked 
|  83|0x0000000615800000, 0x0000000615800000, 0x0000000615c00000|  0%| F|  |TAMS 0x0000000615800000, 0x0000000615800000| Untracked 
|  84|0x0000000615c00000, 0x0000000615c00000, 0x0000000616000000|  0%| F|  |TAMS 0x0000000615c00000, 0x0000000615c00000| Untracked 
|  85|0x0000000616000000, 0x0000000616000000, 0x0000000616400000|  0%| F|  |TAMS 0x0000000616000000, 0x0000000616000000| Untracked 
|  86|0x0000000616400000, 0x0000000616400000, 0x0000000616800000|  0%| F|  |TAMS 0x0000000616400000, 0x0000000616400000| Untracked 
|  87|0x0000000616800000, 0x0000000616800000, 0x0000000616c00000|  0%| F|  |TAMS 0x0000000616800000, 0x0000000616800000| Untracked 
|  88|0x0000000616c00000, 0x0000000616c00000, 0x0000000617000000|  0%| F|  |TAMS 0x0000000616c00000, 0x0000000616c00000| Untracked 
|  89|0x0000000617000000, 0x0000000617000000, 0x0000000617400000|  0%| F|  |TAMS 0x0000000617000000, 0x0000000617000000| Untracked 
|  90|0x0000000617400000, 0x0000000617400000, 0x0000000617800000|  0%| F|  |TAMS 0x0000000617400000, 0x0000000617400000| Untracked 
|  91|0x0000000617800000, 0x0000000617800000, 0x0000000617c00000|  0%| F|  |TAMS 0x0000000617800000, 0x0000000617800000| Untracked 
|  92|0x0000000617c00000, 0x0000000617c00000, 0x0000000618000000|  0%| F|  |TAMS 0x0000000617c00000, 0x0000000617c00000| Untracked 
|  93|0x0000000618000000, 0x0000000618000000, 0x0000000618400000|  0%| F|  |TAMS 0x0000000618000000, 0x0000000618000000| Untracked 
|  94|0x0000000618400000, 0x0000000618400000, 0x0000000618800000|  0%| F|  |TAMS 0x0000000618400000, 0x0000000618400000| Untracked 
|  95|0x0000000618800000, 0x0000000618800000, 0x0000000618c00000|  0%| F|  |TAMS 0x0000000618800000, 0x0000000618800000| Untracked 
|  96|0x0000000618c00000, 0x0000000618c00000, 0x0000000619000000|  0%| F|  |TAMS 0x0000000618c00000, 0x0000000618c00000| Untracked 
|  97|0x0000000619000000, 0x0000000619000000, 0x0000000619400000|  0%| F|  |TAMS 0x0000000619000000, 0x0000000619000000| Untracked 
|  98|0x0000000619400000, 0x0000000619400000, 0x0000000619800000|  0%| F|  |TAMS 0x0000000619400000, 0x0000000619400000| Untracked 
|  99|0x0000000619800000, 0x0000000619800000, 0x0000000619c00000|  0%| F|  |TAMS 0x0000000619800000, 0x0000000619800000| Untracked 
| 100|0x0000000619c00000, 0x0000000619c00000, 0x000000061a000000|  0%| F|  |TAMS 0x0000000619c00000, 0x0000000619c00000| Untracked 
| 101|0x000000061a000000, 0x000000061a000000, 0x000000061a400000|  0%| F|  |TAMS 0x000000061a000000, 0x000000061a000000| Untracked 
| 102|0x000000061a400000, 0x000000061a400000, 0x000000061a800000|  0%| F|  |TAMS 0x000000061a400000, 0x000000061a400000| Untracked 
| 103|0x000000061a800000, 0x000000061a800000, 0x000000061ac00000|  0%| F|  |TAMS 0x000000061a800000, 0x000000061a800000| Untracked 
| 104|0x000000061ac00000, 0x000000061ac00000, 0x000000061b000000|  0%| F|  |TAMS 0x000000061ac00000, 0x000000061ac00000| Untracked 
| 105|0x000000061b000000, 0x000000061b000000, 0x000000061b400000|  0%| F|  |TAMS 0x000000061b000000, 0x000000061b000000| Untracked 
| 106|0x000000061b400000, 0x000000061b400000, 0x000000061b800000|  0%| F|  |TAMS 0x000000061b400000, 0x000000061b400000| Untracked 
| 107|0x000000061b800000, 0x000000061b800000, 0x000000061bc00000|  0%| F|  |TAMS 0x000000061b800000, 0x000000061b800000| Untracked 
| 108|0x000000061bc00000, 0x000000061bc00000, 0x000000061c000000|  0%| F|  |TAMS 0x000000061bc00000, 0x000000061bc00000| Untracked 
| 109|0x000000061c000000, 0x000000061c000000, 0x000000061c400000|  0%| F|  |TAMS 0x000000061c000000, 0x000000061c000000| Untracked 
| 110|0x000000061c400000, 0x000000061c400000, 0x000000061c800000|  0%| F|  |TAMS 0x000000061c400000, 0x000000061c400000| Untracked 
| 111|0x000000061c800000, 0x000000061c800000, 0x000000061cc00000|  0%| F|  |TAMS 0x000000061c800000, 0x000000061c800000| Untracked 
| 112|0x000000061cc00000, 0x000000061cc00000, 0x000000061d000000|  0%| F|  |TAMS 0x000000061cc00000, 0x000000061cc00000| Untracked 
| 113|0x000000061d000000, 0x000000061d000000, 0x000000061d400000|  0%| F|  |TAMS 0x000000061d000000, 0x000000061d000000| Untracked 
| 114|0x000000061d400000, 0x000000061d400000, 0x000000061d800000|  0%| F|  |TAMS 0x000000061d400000, 0x000000061d400000| Untracked 
| 115|0x000000061d800000, 0x000000061d800000, 0x000000061dc00000|  0%| F|  |TAMS 0x000000061d800000, 0x000000061d800000| Untracked 
| 116|0x000000061dc00000, 0x000000061dc00000, 0x000000061e000000|  0%| F|  |TAMS 0x000000061dc00000, 0x000000061dc00000| Untracked 
| 117|0x000000061e000000, 0x000000061e000000, 0x000000061e400000|  0%| F|  |TAMS 0x000000061e000000, 0x000000061e000000| Untracked 
| 118|0x000000061e400000, 0x000000061e400000, 0x000000061e800000|  0%| F|  |TAMS 0x000000061e400000, 0x000000061e400000| Untracked 
| 119|0x000000061e800000, 0x000000061e800000, 0x000000061ec00000|  0%| F|  |TAMS 0x000000061e800000, 0x000000061e800000| Untracked 
| 120|0x000000061ec00000, 0x000000061ec00000, 0x000000061f000000|  0%| F|  |TAMS 0x000000061ec00000, 0x000000061ec00000| Untracked 
| 121|0x000000061f000000, 0x000000061f000000, 0x000000061f400000|  0%| F|  |TAMS 0x000000061f000000, 0x000000061f000000| Untracked 
| 122|0x000000061f400000, 0x000000061f400000, 0x000000061f800000|  0%| F|  |TAMS 0x000000061f400000, 0x000000061f400000| Untracked 
| 123|0x000000061f800000, 0x000000061f800000, 0x000000061fc00000|  0%| F|  |TAMS 0x000000061f800000, 0x000000061f800000| Untracked 
| 124|0x000000061fc00000, 0x000000061fc00000, 0x0000000620000000|  0%| F|  |TAMS 0x000000061fc00000, 0x000000061fc00000| Untracked 
| 125|0x0000000620000000, 0x00000006201c9d08, 0x0000000620400000| 44%| E|  |TAMS 0x0000000620000000, 0x0000000620000000| Complete 
| 126|0x0000000620400000, 0x0000000620800000, 0x0000000620800000|100%| E|  |TAMS 0x0000000620400000, 0x0000000620400000| Complete 
| 127|0x0000000620800000, 0x0000000620c00000, 0x0000000620c00000|100%| E|CS|TAMS 0x0000000620800000, 0x0000000620800000| Complete 

Card table byte_map: [0x000001d6b15e0000,0x000001d6b25e0000] _byte_map_base: 0x000001d6ae5da000

Marking Bits (Prev, Next): (CMBitMap*) 0x000001d6998fa970, (CMBitMap*) 0x000001d6998fa9b0
 Prev Bits: [0x000001d6b35e0000, 0x000001d6bb5b0000)
 Next Bits: [0x000001d6bb5b0000, 0x000001d6c3580000)

Polling page: 0x000001d697800000

Metaspace:

Usage:
  Non-class:      3.60 MB used.
      Class:    211.47 KB used.
       Both:      3.80 MB used.

Virtual space:
  Non-class space:        8.00 MB reserved,       3.75 MB ( 47%) committed,  1 nodes.
      Class space:        1.00 GB reserved,     320.00 KB ( <1%) committed,  1 nodes.
             Both:        1.01 GB reserved,       4.06 MB ( <1%) committed. 

Chunk freelists:
   Non-Class:  1.56 MB
       Class:  3.61 MB
        Both:  5.17 MB

MaxMetaspaceSize: unlimited
CompressedClassSpaceSize: 1.00 GB
Initial GC threshold: 21.00 MB
Current GC threshold: 21.00 MB
CDS: on
MetaspaceReclaimPolicy: balanced
 - commit_granule_bytes: 65536.
 - commit_granule_words: 8192.
 - virtual_space_node_default_size: 1048576.
 - enlarge_chunks_in_place: 1.
 - new_chunks_are_fully_committed: 0.
 - uncommit_free_chunks: 1.
 - use_allocation_guard: 0.
 - handle_deallocations: 1.


Internal statistics:

num_allocs_failed_limit: 0.
num_arena_births: 94.
num_arena_deaths: 0.
num_vsnodes_births: 2.
num_vsnodes_deaths: 0.
num_space_committed: 63.
num_space_uncommitted: 0.
num_chunks_returned_to_freelist: 0.
num_chunks_taken_from_freelist: 202.
num_chunk_merges: 0.
num_chunk_splits: 130.
num_chunks_enlarged: 93.
num_purges: 0.
num_inconsistent_stats: 0.

CodeHeap 'non-profiled nmethods': size=120000Kb used=199Kb max_used=199Kb free=119800Kb
 bounds [0x000001d6a8b60000, 0x000001d6a8dd0000, 0x000001d6b0090000]
CodeHeap 'profiled nmethods': size=120000Kb used=996Kb max_used=996Kb free=119003Kb
 bounds [0x000001d6a1630000, 0x000001d6a18a0000, 0x000001d6a8b60000]
CodeHeap 'non-nmethods': size=5760Kb used=1577Kb max_used=1583Kb free=4182Kb
 bounds [0x000001d6a1090000, 0x000001d6a1300000, 0x000001d6a1630000]
 total_blobs=1669 nmethods=671 adapters=911
 compilation: enabled
              stopped_count=0, restarted_count=0
 full_count=0

Compilation events (20 events):
Event: 0.458 Thread 0x000001d6c6c280a0  662       3       jdk.internal.module.SystemModuleFinders$SystemModuleReader::containsImageLocation (42 bytes)
Event: 0.458 Thread 0x000001d6c6c280a0 nmethod 662 0x000001d6a1724410 code [0x000001d6a1724620, 0x000001d6a1724cd8]
Event: 0.458 Thread 0x000001d6c6c280a0  663       3       jdk.internal.jimage.ImageStringsReader::stringFromByteBufferMatches (133 bytes)
Event: 0.458 Thread 0x000001d6c6c280a0 nmethod 663 0x000001d6a1724f90 code [0x000001d6a1725280, 0x000001d6a1726408]
Event: 0.460 Thread 0x000001d6c6c280a0  664   !   3       java.util.zip.Inflater::needsInput (55 bytes)
Event: 0.461 Thread 0x000001d6c6c280a0 nmethod 664 0x000001d6a1726b90 code [0x000001d6a1726d40, 0x000001d6a17270f8]
Event: 0.461 Thread 0x000001d6c6c280a0  665       3       java.nio.channels.spi.AbstractInterruptibleChannel::isOpen (13 bytes)
Event: 0.461 Thread 0x000001d6c6c280a0 nmethod 665 0x000001d6a1727210 code [0x000001d6a17273a0, 0x000001d6a1727518]
Event: 0.461 Thread 0x000001d6c6c280a0  666       3       sun.nio.ch.Util::isBufferTooLarge (15 bytes)
Event: 0.461 Thread 0x000001d6c6c280a0 nmethod 666 0x000001d6a1727590 code [0x000001d6a1727720, 0x000001d6a1727878]
Event: 0.461 Thread 0x000001d6c6c280a0  667       3       java.nio.Buffer::flip (20 bytes)
Event: 0.461 Thread 0x000001d6c6c280a0 nmethod 667 0x000001d6a1727910 code [0x000001d6a1727aa0, 0x000001d6a1727bb8]
Event: 0.461 Thread 0x000001d6c6c280a0  668       3       java.nio.ByteBuffer::flip (7 bytes)
Event: 0.462 Thread 0x000001d6c6c280a0 nmethod 668 0x000001d6a1727c90 code [0x000001d6a1727e20, 0x000001d6a1727f98]
Event: 0.463 Thread 0x000001d6c6c280a0  669       3       java.util.ArrayList::get (15 bytes)
Event: 0.463 Thread 0x000001d6c6c280a0 nmethod 669 0x000001d6a1728090 code [0x000001d6a1728260, 0x000001d6a1728588]
Event: 0.463 Thread 0x000001d6c6c280a0  670       3       jdk.internal.jimage.ImageStringsReader::match (11 bytes)
Event: 0.463 Thread 0x000001d6c6c280a0 nmethod 670 0x000001d6a1728710 code [0x000001d6a17288c0, 0x000001d6a1728a88]
Event: 0.463 Thread 0x000001d6c6c280a0  671       3       jdk.internal.jimage.BasicImageReader::match (37 bytes)
Event: 0.463 Thread 0x000001d6c6c280a0 nmethod 671 0x000001d6a1728b90 code [0x000001d6a1728d60, 0x000001d6a1729018]

GC Heap History (0 events):
No events

Deoptimization events (20 events):
Event: 0.086 Thread 0x000001d699883c40 DEOPT PACKING pc=0x000001d6a16477e7 sp=0x000000d2f10fa270
Event: 0.086 Thread 0x000001d699883c40 DEOPT UNPACKING pc=0x000001d6a10e2b43 sp=0x000000d2f10f9690 mode 0
Event: 0.094 Thread 0x000001d699883c40 DEOPT PACKING pc=0x000001d6a1637d51 sp=0x000000d2f10facb0
Event: 0.094 Thread 0x000001d699883c40 DEOPT UNPACKING pc=0x000001d6a10e2b43 sp=0x000000d2f10fa128 mode 0
Event: 0.100 Thread 0x000001d699883c40 Uncommon trap: trap_request=0xffffff45 fr.pc=0x000001d6a8b7b6e4 relative=0x0000000000000064
Event: 0.100 Thread 0x000001d699883c40 Uncommon trap: reason=unstable_if action=reinterpret pc=0x000001d6a8b7b6e4 method=java.io.WinNTFileSystem.isSlash(C)Z @ 9 c2
Event: 0.100 Thread 0x000001d699883c40 DEOPT PACKING pc=0x000001d6a8b7b6e4 sp=0x000000d2f10fb830
Event: 0.100 Thread 0x000001d699883c40 DEOPT UNPACKING pc=0x000001d6a10e23a3 sp=0x000000d2f10fb7b8 mode 2
Event: 0.328 Thread 0x000001d699883c40 Uncommon trap: trap_request=0xffffff54 fr.pc=0x000001d6a8b89660 relative=0x0000000000000060
Event: 0.328 Thread 0x000001d699883c40 Uncommon trap: reason=speculate_null_assert action=make_not_entrant pc=0x000001d6a8b89660 method=sun.misc.Unsafe.putLong(Ljava/lang/Object;JJ)V @ 7 c2
Event: 0.328 Thread 0x000001d699883c40 DEOPT PACKING pc=0x000001d6a8b89660 sp=0x000000d2f10fee00
Event: 0.328 Thread 0x000001d699883c40 DEOPT UNPACKING pc=0x000001d6a10e23a3 sp=0x000000d2f10fed78 mode 2
Event: 0.343 Thread 0x000001d699883c40 Uncommon trap: trap_request=0xffffff54 fr.pc=0x000001d6a8b8dfdc relative=0x000000000000005c
Event: 0.343 Thread 0x000001d699883c40 Uncommon trap: reason=speculate_null_assert action=make_not_entrant pc=0x000001d6a8b8dfdc method=sun.misc.Unsafe.getLong(Ljava/lang/Object;J)J @ 5 c2
Event: 0.343 Thread 0x000001d699883c40 DEOPT PACKING pc=0x000001d6a8b8dfdc sp=0x000000d2f10fee90
Event: 0.343 Thread 0x000001d699883c40 DEOPT UNPACKING pc=0x000001d6a10e23a3 sp=0x000000d2f10fee18 mode 2
Event: 0.410 Thread 0x000001d699883c40 Uncommon trap: trap_request=0xffffff45 fr.pc=0x000001d6a8b8b4f4 relative=0x00000000000003d4
Event: 0.410 Thread 0x000001d699883c40 Uncommon trap: reason=unstable_if action=reinterpret pc=0x000001d6a8b8b4f4 method=java.lang.StringLatin1.newString([BII)Ljava/lang/String; @ 1 c2
Event: 0.410 Thread 0x000001d699883c40 DEOPT PACKING pc=0x000001d6a8b8b4f4 sp=0x000000d2f10fecc0
Event: 0.410 Thread 0x000001d699883c40 DEOPT UNPACKING pc=0x000001d6a10e23a3 sp=0x000000d2f10fec88 mode 2

Classes unloaded (0 events):
No events

Classes redefined (0 events):
No events

Internal exceptions (20 events):
Event: 0.086 Thread 0x000001d699883c40 Exception <a 'java/lang/NoSuchMethodError'{0x0000000620bbd320}: 'int java.lang.invoke.DirectMethodHandle$Holder.invokeSpecial(java.lang.Object, java.lang.Object, java.lang.Object)'> (0x0000000620bbd320) 
thrown [t:\workspace\open\src\hotspot\share\interpreter\linkResolver.cpp, line 766]
Event: 0.104 Thread 0x000001d699883c40 Exception <a 'sun/nio/fs/WindowsException'{0x0000000620436060}> (0x0000000620436060) 
thrown [t:\workspace\open\src\hotspot\share\prims\jni.cpp, line 516]
Event: 0.104 Thread 0x000001d699883c40 Exception <a 'sun/nio/fs/WindowsException'{0x00000006204365b8}> (0x00000006204365b8) 
thrown [t:\workspace\open\src\hotspot\share\prims\jni.cpp, line 516]
Event: 0.110 Thread 0x000001d699883c40 Exception <a 'java/lang/NoSuchMethodError'{0x000000062046f1c8}: 'int java.lang.invoke.DirectMethodHandle$Holder.invokeStaticInit(java.lang.Object, java.lang.Object, int, long)'> (0x000000062046f1c8) 
thrown [t:\workspace\open\src\hotspot\share\interpreter\linkResolver.cpp, line 766]
Event: 0.111 Thread 0x000001d699883c40 Exception <a 'java/lang/NoSuchMethodError'{0x0000000620474a90}: 'java.lang.Object java.lang.invoke.DirectMethodHandle$Holder.newInvokeSpecial(java.lang.Object, java.lang.Object, int)'> (0x0000000620474a90) 
thrown [t:\workspace\open\src\hotspot\share\interpreter\linkResolver.cpp, line 766]
Event: 0.112 Thread 0x000001d699883c40 Exception <a 'java/lang/NoSuchMethodError'{0x0000000620484fa0}: 'int java.lang.invoke.DirectMethodHandle$Holder.invokeStaticInit(java.lang.Object, java.lang.Object, long, long)'> (0x0000000620484fa0) 
thrown [t:\workspace\open\src\hotspot\share\interpreter\linkResolver.cpp, line 766]
Event: 0.112 Thread 0x000001d699883c40 Exception <a 'java/lang/NoSuchMethodError'{0x000000062048ad28}: 'java.lang.Object java.lang.invoke.DirectMethodHandle$Holder.newInvokeSpecial(java.lang.Object, java.lang.Object, long)'> (0x000000062048ad28) 
thrown [t:\workspace\open\src\hotspot\share\interpreter\linkResolver.cpp, line 766]
Event: 0.112 Thread 0x000001d699883c40 Exception <a 'java/lang/NoSuchMethodError'{0x000000062048e5f0}: 'java.lang.Object java.lang.invoke.Invokers$Holder.linkToTargetMethod(java.lang.Object, long, java.lang.Object)'> (0x000000062048e5f0) 
thrown [t:\workspace\open\src\hotspot\share\interpreter\linkResolver.cpp, line 766]
Event: 0.113 Thread 0x000001d699883c40 Exception <a 'java/lang/NoSuchMethodError'{0x0000000620495ac0}: 'int java.lang.invoke.DirectMethodHandle$Holder.invokeStaticInit(java.lang.Object, java.lang.Object, java.lang.Object, long)'> (0x0000000620495ac0) 
thrown [t:\workspace\open\src\hotspot\share\interpreter\linkResolver.cpp, line 766]
Event: 0.125 Thread 0x000001d699883c40 Exception <a 'sun/nio/fs/WindowsException'{0x0000000620556420}> (0x0000000620556420) 
thrown [t:\workspace\open\src\hotspot\share\prims\jni.cpp, line 516]
Event: 0.125 Thread 0x000001d699883c40 Exception <a 'sun/nio/fs/WindowsException'{0x0000000620556790}> (0x0000000620556790) 
thrown [t:\workspace\open\src\hotspot\share\prims\jni.cpp, line 516]
Event: 0.300 Thread 0x000001d699883c40 Exception <a 'java/lang/NoSuchMethodError'{0x00000006205b3028}: 'void java.lang.invoke.DirectMethodHandle$Holder.invokeStaticInit(java.lang.Object, long, double, double)'> (0x00000006205b3028) 
thrown [t:\workspace\open\src\hotspot\share\interpreter\linkResolver.cpp, line 766]
Event: 0.302 Thread 0x000001d699883c40 Exception <a 'java/lang/NoSuchMethodError'{0x00000006205c3288}: 'void java.lang.invoke.DirectMethodHandle$Holder.invokeStaticInit(java.lang.Object, long, int, int, int)'> (0x00000006205c3288) 
thrown [t:\workspace\open\src\hotspot\share\interpreter\linkResolver.cpp, line 766]
Event: 0.304 Thread 0x000001d699883c40 Exception <a 'java/lang/NoSuchMethodError'{0x00000006205dda58}: 'void java.lang.invoke.DirectMethodHandle$Holder.invokeStaticInit(java.lang.Object, long, int, int, int, int)'> (0x00000006205dda58) 
thrown [t:\workspace\open\src\hotspot\share\interpreter\linkResolver.cpp, line 766]
Event: 0.324 Thread 0x000001d699883c40 Exception <a 'sun/nio/fs/WindowsException'{0x0000000620615d88}> (0x0000000620615d88) 
thrown [t:\workspace\open\src\hotspot\share\prims\jni.cpp, line 516]
Event: 0.324 Thread 0x000001d699883c40 Exception <a 'sun/nio/fs/WindowsException'{0x0000000620616138}> (0x0000000620616138) 
thrown [t:\workspace\open\src\hotspot\share\prims\jni.cpp, line 516]
Event: 0.326 Thread 0x000001d699883c40 Exception <a 'sun/nio/fs/WindowsException'{0x000000062061d8b0}> (0x000000062061d8b0) 
thrown [t:\workspace\open\src\hotspot\share\prims\jni.cpp, line 516]
Event: 0.326 Thread 0x000001d699883c40 Exception <a 'sun/nio/fs/WindowsException'{0x000000062061db98}> (0x000000062061db98) 
thrown [t:\workspace\open\src\hotspot\share\prims\jni.cpp, line 516]
Event: 0.462 Thread 0x000001d699883c40 Exception <a 'sun/nio/fs/WindowsException'{0x0000000620172c60}> (0x0000000620172c60) 
thrown [t:\workspace\open\src\hotspot\share\prims\jni.cpp, line 516]
Event: 0.462 Thread 0x000001d699883c40 Exception <a 'sun/nio/fs/WindowsException'{0x0000000620172fe8}> (0x0000000620172fe8) 
thrown [t:\workspace\open\src\hotspot\share\prims\jni.cpp, line 516]

VM Operations (4 events):
Event: 0.046 Executing VM operation: HandshakeAllThreads
Event: 0.046 Executing VM operation: HandshakeAllThreads done
Event: 0.100 Executing VM operation: HandshakeAllThreads
Event: 0.100 Executing VM operation: HandshakeAllThreads done

Events (20 events):
Event: 0.128 loading class jdk/internal/reflect/UnsafeQualifiedStaticIntegerFieldAccessorImpl done
Event: 0.325 Loaded shared library C:\Users\pasca\AppData\Local\Temp\lwjglPascal\3.3.1-build-7\lwjgl_opengl.dll
Event: 0.330 loading class jdk/internal/module/ModulePatcher$PatchedModuleReader
Event: 0.330 loading class jdk/internal/module/ModulePatcher$PatchedModuleReader done
Event: 0.330 loading class sun/net/www/protocol/jrt/Handler
Event: 0.330 loading class sun/net/www/protocol/jrt/Handler done
Event: 0.333 loading class sun/util/resources/LocaleData$CommonResourceBundleProvider
Event: 0.333 loading class sun/util/resources/LocaleData$LocaleDataResourceBundleProvider
Event: 0.333 loading class java/util/spi/ResourceBundleProvider
Event: 0.333 loading class java/util/spi/ResourceBundleProvider done
Event: 0.333 loading class sun/util/resources/LocaleData$LocaleDataResourceBundleProvider done
Event: 0.333 loading class sun/util/resources/LocaleData$CommonResourceBundleProvider done
Event: 0.333 loading class sun/util/resources/Bundles$2
Event: 0.333 loading class sun/util/resources/Bundles$2 done
Event: 0.343 loading class jdk/internal/misc/ScopedMemoryAccess$Scope
Event: 0.343 loading class jdk/internal/misc/ScopedMemoryAccess$Scope done
Event: 0.388 loading class java/io/Externalizable
Event: 0.388 loading class java/io/Externalizable done
Event: 0.389 Loaded shared library C:\Program Files\Java\jdk-17.0.1\bin\verify.dll
Event: 0.463 Loaded shared library C:\Users\pasca\AppData\Local\Temp\lwjglPascal\3.3.1-build-7\lwjgl_stb.dll


Dynamic libraries:
0x00007ff6a2b70000 - 0x00007ff6a2b80000 	C:\Program Files\Java\jdk-17.0.1\bin\java.exe
0x00007ffbe7aa0000 - 0x00007ffbe7ca9000 	C:\WINDOWS\SYSTEM32\ntdll.dll
0x00007ffbe69b0000 - 0x00007ffbe6a6d000 	C:\WINDOWS\System32\KERNEL32.DLL
0x00007ffbe4f90000 - 0x00007ffbe5309000 	C:\WINDOWS\System32\KERNELBASE.dll
0x00007ffbe5820000 - 0x00007ffbe5931000 	C:\WINDOWS\System32\ucrtbase.dll
0x00007ffbdfeb0000 - 0x00007ffbdfec8000 	C:\Program Files\Java\jdk-17.0.1\bin\jli.dll
0x00007ffbd7010000 - 0x00007ffbd702a000 	C:\Program Files\Java\jdk-17.0.1\bin\VCRUNTIME140.dll
0x00007ffbe5940000 - 0x00007ffbe59ee000 	C:\WINDOWS\System32\ADVAPI32.dll
0x00007ffbe6ae0000 - 0x00007ffbe6b83000 	C:\WINDOWS\System32\msvcrt.dll
0x00007ffbe7520000 - 0x00007ffbe75be000 	C:\WINDOWS\System32\sechost.dll
0x00007ffbe6c30000 - 0x00007ffbe6d50000 	C:\WINDOWS\System32\RPCRT4.dll
0x00007ffbe59f0000 - 0x00007ffbe5b9c000 	C:\WINDOWS\System32\USER32.dll
0x00007ffbd3c80000 - 0x00007ffbd3f25000 	C:\WINDOWS\WinSxS\amd64_microsoft.windows.common-controls_6595b64144ccf1df_6.0.22000.120_none_9d947278b86cc467\COMCTL32.dll
0x00007ffbe54e0000 - 0x00007ffbe5506000 	C:\WINDOWS\System32\win32u.dll
0x00007ffbe6980000 - 0x00007ffbe69a9000 	C:\WINDOWS\System32\GDI32.dll
0x00007ffbe5700000 - 0x00007ffbe5812000 	C:\WINDOWS\System32\gdi32full.dll
0x00007ffbdcc30000 - 0x00007ffbdcc3a000 	C:\WINDOWS\SYSTEM32\VERSION.dll
0x00007ffbe5440000 - 0x00007ffbe54dd000 	C:\WINDOWS\System32\msvcp_win.dll
0x00007ffbe6a80000 - 0x00007ffbe6ab1000 	C:\WINDOWS\System32\IMM32.DLL
0x00007ffbda780000 - 0x00007ffbda78c000 	C:\Program Files\Java\jdk-17.0.1\bin\vcruntime140_1.dll
0x00007ffb2b3e0000 - 0x00007ffb2b46d000 	C:\Program Files\Java\jdk-17.0.1\bin\msvcp140.dll
0x00007ffb17000000 - 0x00007ffb17bbe000 	C:\Program Files\Java\jdk-17.0.1\bin\server\jvm.dll
0x00007ffbe6b90000 - 0x00007ffbe6b98000 	C:\WINDOWS\System32\PSAPI.DLL
0x00007ffbe10e0000 - 0x00007ffbe10e9000 	C:\WINDOWS\SYSTEM32\WSOCK32.dll
0x00007ffbde650000 - 0x00007ffbde683000 	C:\WINDOWS\SYSTEM32\WINMM.dll
0x00007ffbe6bc0000 - 0x00007ffbe6c2f000 	C:\WINDOWS\System32\WS2_32.dll
0x00007ffbe4180000 - 0x00007ffbe4198000 	C:\WINDOWS\SYSTEM32\kernel.appcore.dll
0x00007ffbd9b90000 - 0x00007ffbd9b9a000 	C:\Program Files\Java\jdk-17.0.1\bin\jimage.dll
0x00007ffbd8bb0000 - 0x00007ffbd8dd1000 	C:\WINDOWS\SYSTEM32\DBGHELP.DLL
0x00007ffbcb570000 - 0x00007ffbcb5a1000 	C:\WINDOWS\SYSTEM32\dbgcore.DLL
0x00007ffbe5680000 - 0x00007ffbe56ff000 	C:\WINDOWS\System32\bcryptPrimitives.dll
0x00007ffbc5600000 - 0x00007ffbc5625000 	C:\Program Files\Java\jdk-17.0.1\bin\java.dll
0x00007ffb2b300000 - 0x00007ffb2b3d6000 	C:\Program Files\Java\jdk-17.0.1\bin\svml.dll
0x00007ffbe5c90000 - 0x00007ffbe643f000 	C:\WINDOWS\System32\SHELL32.dll
0x00007ffbe3110000 - 0x00007ffbe3978000 	C:\WINDOWS\SYSTEM32\windows.storage.dll
0x00007ffbe6540000 - 0x00007ffbe68b8000 	C:\WINDOWS\System32\combase.dll
0x00007ffbe2fa0000 - 0x00007ffbe3106000 	C:\WINDOWS\SYSTEM32\wintypes.dll
0x00007ffbe7270000 - 0x00007ffbe735a000 	C:\WINDOWS\System32\SHCORE.dll
0x00007ffbe6920000 - 0x00007ffbe697d000 	C:\WINDOWS\System32\shlwapi.dll
0x00007ffbe4ec0000 - 0x00007ffbe4ee1000 	C:\WINDOWS\SYSTEM32\profapi.dll
0x00007ffbd2730000 - 0x00007ffbd2749000 	C:\Program Files\Java\jdk-17.0.1\bin\net.dll
0x00007ffbdf8a0000 - 0x00007ffbdf9ac000 	C:\WINDOWS\SYSTEM32\WINHTTP.dll
0x00007ffbe45b0000 - 0x00007ffbe4617000 	C:\WINDOWS\system32\mswsock.dll
0x00007ffbd26c0000 - 0x00007ffbd26d5000 	C:\Program Files\Java\jdk-17.0.1\bin\nio.dll
0x00007ffbcd210000 - 0x00007ffbcd228000 	C:\Program Files\Java\jdk-17.0.1\bin\zip.dll
0x00007ffb85870000 - 0x00007ffb858e5000 	C:\Users\pasca\AppData\Local\Temp\lwjglPascal\3.3.1-build-7\lwjgl.dll
0x00007ffb85800000 - 0x00007ffb85861000 	C:\Users\pasca\AppData\Local\Temp\lwjglPascal\3.3.1-build-7\glfw.dll
0x00007ffbd9700000 - 0x00007ffbd9745000 	C:\WINDOWS\SYSTEM32\dinput8.dll
0x00007ffb55660000 - 0x00007ffb55671000 	C:\WINDOWS\SYSTEM32\xinput1_4.dll
0x00007ffbe4c90000 - 0x00007ffbe4cdc000 	C:\WINDOWS\SYSTEM32\cfgmgr32.dll
0x00007ffbe4c60000 - 0x00007ffbe4c8c000 	C:\WINDOWS\SYSTEM32\DEVOBJ.dll
0x00007ffbe2a90000 - 0x00007ffbe2abf000 	C:\WINDOWS\SYSTEM32\dwmapi.dll
0x00007ffbd20b0000 - 0x00007ffbd2279000 	C:\WINDOWS\SYSTEM32\inputhost.dll
0x00007ffbe1fa0000 - 0x00007ffbe20d2000 	C:\WINDOWS\SYSTEM32\CoreMessaging.dll
0x00007ffbe2620000 - 0x00007ffbe26cc000 	C:\WINDOWS\system32\uxtheme.dll
0x00007ffbe7790000 - 0x00007ffbe78ae000 	C:\WINDOWS\System32\MSCTF.dll
0x00007ffbe4810000 - 0x00007ffbe481c000 	C:\WINDOWS\SYSTEM32\CRYPTBASE.DLL
0x00007ffb9cc70000 - 0x00007ffb9cd71000 	C:\WINDOWS\SYSTEM32\opengl32.dll
0x00007ffbcfdb0000 - 0x00007ffbcfddd000 	C:\WINDOWS\SYSTEM32\GLU32.dll
0x00007ffbe28d0000 - 0x00007ffbe2908000 	C:\WINDOWS\SYSTEM32\dxcore.dll
0x00007ffbe6d50000 - 0x00007ffbe6dff000 	C:\WINDOWS\System32\clbcatq.dll
0x00007ffb13e30000 - 0x00007ffb16e58000 	C:\WINDOWS\System32\DriverStore\FileRepository\nv_dispi.inf_amd64_c0e159863e7afdde\nvoglv64.dll
0x00007ffbe6e00000 - 0x00007ffbe726c000 	C:\WINDOWS\System32\SETUPAPI.dll
0x00007ffbe78b0000 - 0x00007ffbe7a4a000 	C:\WINDOWS\System32\ole32.dll
0x00007ffbe7620000 - 0x00007ffbe76f6000 	C:\WINDOWS\System32\OLEAUT32.dll
0x00007ffbe12d0000 - 0x00007ffbe12e4000 	C:\WINDOWS\SYSTEM32\WTSAPI32.dll
0x00007ffbe4850000 - 0x00007ffbe4862000 	C:\WINDOWS\SYSTEM32\msasn1.dll
0x00007ffbdcbf0000 - 0x00007ffbdcc21000 	C:\WINDOWS\SYSTEM32\cryptnet.dll
0x00007ffbe5510000 - 0x00007ffbe5672000 	C:\WINDOWS\System32\CRYPT32.dll
0x00007ffbdc8e0000 - 0x00007ffbdca29000 	C:\WINDOWS\SYSTEM32\drvstore.dll
0x00007ffbe48c0000 - 0x00007ffbe48fd000 	C:\WINDOWS\SYSTEM32\wldp.dll
0x00007ffbe5310000 - 0x00007ffbe5377000 	C:\WINDOWS\System32\WINTRUST.dll
0x00007ffbe2950000 - 0x00007ffbe2984000 	C:\WINDOWS\SYSTEM32\ntmarta.dll
0x00007ffb41c40000 - 0x00007ffb41f05000 	C:\WINDOWS\system32\nvspcap64.dll
0x00007ffbe3990000 - 0x00007ffbe39dd000 	C:\WINDOWS\SYSTEM32\powrprof.dll
0x00007ffbe3a80000 - 0x00007ffbe3a93000 	C:\WINDOWS\SYSTEM32\UMPDC.dll
0x00007ffbe3c30000 - 0x00007ffbe3c93000 	C:\WINDOWS\SYSTEM32\WINSTA.dll
0x00007ffbce7f0000 - 0x00007ffbce91d000 	C:\WINDOWS\SYSTEM32\textinputframework.dll
0x00007ffbde690000 - 0x00007ffbde9fd000 	C:\WINDOWS\SYSTEM32\CoreUIComponents.dll
0x00007ffbac100000 - 0x00007ffbac15d000 	C:\Users\pasca\AppData\Local\Temp\lwjglPascal\3.3.1-build-7\lwjgl_opengl.dll
0x00007ffbd98b0000 - 0x00007ffbd98c0000 	C:\Program Files\Java\jdk-17.0.1\bin\verify.dll
0x00007ffb85770000 - 0x00007ffb857f1000 	C:\Users\pasca\AppData\Local\Temp\lwjglPascal\3.3.1-build-7\lwjgl_stb.dll

dbghelp: loaded successfully - version: 4.0.5 - missing functions: none
symbol engine: initialized successfully - sym options: 0x614 - pdb path: .;C:\Program Files\Java\jdk-17.0.1\bin;C:\WINDOWS\SYSTEM32;C:\WINDOWS\WinSxS\amd64_microsoft.windows.common-controls_6595b64144ccf1df_6.0.22000.120_none_9d947278b86cc467;C:\Program Files\Java\jdk-17.0.1\bin\server;C:\Users\pasca\AppData\Local\Temp\lwjglPascal\3.3.1-build-7;C:\WINDOWS\System32\DriverStore\FileRepository\nv_dispi.inf_amd64_c0e159863e7afdde

VM Arguments:
jvm_args: -Dfile.encoding=windows-1252 -Duser.country=DE -Duser.language=de -Duser.variant 
java_command: Main
java_class_path (initial): C:\Users\pasca\OneDrive\Desktop\Java Game Engine\build\classes\java\main;C:\Users\pasca\OneDrive\Desktop\Java Game Engine\build\resources\main;C:\Users\pasca\.gradle\caches\modules-2\files-2.1\org.lwjgl\lwjgl-assimp\3.3.1\312072f451794f25670aebb0160ce6ec88aff842\lwjgl-assimp-3.3.1.jar;C:\Users\pasca\.gradle\caches\modules-2\files-2.1\org.lwjgl\lwjgl-assimp\3.3.1\bfa2a0d57acbf952b716d0ad8a3acbd7ad9f5639\lwjgl-assimp-3.3.1-natives-windows.jar;C:\Users\pasca\.gradle\caches\modules-2\files-2.1\org.lwjgl\lwjgl-glfw\3.3.1\cbac1b8d30cb4795149c1ef540f912671a8616d0\lwjgl-glfw-3.3.1.jar;C:\Users\pasca\.gradle\caches\modules-2\files-2.1\org.lwjgl\lwjgl-glfw\3.3.1\ed892f945cf7e79c8756796f32d00fa4ceaf573b\lwjgl-glfw-3.3.1-natives-windows.jar;C:\Users\pasca\.gradle\caches\modules-2\files-2.1\org.lwjgl\lwjgl-nfd\3.3.1\622318116996ddcff449b46cb38f0fdee39b8ac3\lwjgl-nfd-3.3.1.jar;C:\Users\pasca\.gradle\caches\modules-2\files-2.1\org.lwjgl\lwjgl-nfd\3.3.1\869fe532a50455e8b2d924f498bfb95f80b41aed\lwjgl-nfd-3.3.1-natives-windows.jar;C:\Users\pasca\.gradle\caches\modules-2\files-2.1\org.lwjgl\lwjgl-openal\3.3.1\2623a6b8ae1dfcd880738656a9f0243d2e6840bd\lwjgl-openal-3.3.1.jar;C:\Users\pasca\.gradle\caches\modules-2\files-2.1\org.lwjgl\lwjgl-openal\3.3.1\30a474d0e57193d7bc128849a3ab66bc9316fdb1\lwjgl-openal-3.3.1-natives-windows.jar;C:\Users\pasca\.gradle\caches\modules-2\files-2.1\org.lwjgl\lwjgl-opengl\3.3.1\831a5533a21a5f4f81bbc51bb13e9899319b5411\lwjgl-opengl-3.3.1.jar;C:\Users\pasca\.gradle\caches\modules-2\files-2.1\org.lwjgl\lwjgl-opengl\3.3.1\c1807e9bd571402787d7e37e3029776ae2513bb8\lwjgl-opengl-3.3.1-natives-windows.jar;C:\Users\pasca\.gradle\caches\modules-2\files-2.1\org.lwjgl\lwjgl-stb\3.3.1\b119297cf8ed01f247abe8685857f8e7fcf5980f\lwjgl-stb-3.3.1.jar;C:\Users\pasca\.gradle\caches\modules-2\files-2.1\org.lwjgl\lwjgl-stb\3.3.1\86315914ac119efdb02dc9e8e978ade84f1702af\lwjgl-stb-3.3.1-natives-windows.jar;C:\Users\pasca\.gradle\caches\modules-2\files-2.
Launcher Type: SUN_STANDARD

[Global flags]
     intx CICompilerCount                          = 4                                         {product} {ergonomic}
     uint ConcGCThreads                            = 3                                         {product} {ergonomic}
     uint G1ConcRefinementThreads                  = 10                                        {product} {ergonomic}
   size_t G1HeapRegionSize                         = 4194304                                   {product} {ergonomic}
    uintx GCDrainStackTargetSize                   = 64                                        {product} {ergonomic}
   size_t InitialHeapSize                          = 536870912                                 {product} {ergonomic}
   size_t MarkStackSize                            = 4194304                                   {product} {ergonomic}
   size_t MaxHeapSize                              = 8577351680                                {product} {ergonomic}
   size_t MaxNewSize                               = 5146411008                                {product} {ergonomic}
   size_t MinHeapDeltaBytes                        = 4194304                                   {product} {ergonomic}
   size_t MinHeapSize                              = 8388608                                   {product} {ergonomic}
    uintx NonNMethodCodeHeapSize                   = 5839372                                {pd product} {ergonomic}
    uintx NonProfiledCodeHeapSize                  = 122909434                              {pd product} {ergonomic}
    uintx ProfiledCodeHeapSize                     = 122909434                              {pd product} {ergonomic}
    uintx ReservedCodeCacheSize                    = 251658240                              {pd product} {ergonomic}
     bool SegmentedCodeCache                       = true                                      {product} {ergonomic}
   size_t SoftMaxHeapSize                          = 8577351680                             {manageable} {ergonomic}
     bool UseCompressedClassPointers               = true                           {product lp64_product} {ergonomic}
     bool UseCompressedOops                        = true                           {product lp64_product} {ergonomic}
     bool UseG1GC                                  = true                                      {product} {ergonomic}
     bool UseLargePagesIndividualAllocation        = false                                  {pd product} {ergonomic}

Logging:
Log output configuration:
 #0: stdout all=warning uptime,level,tags
 #1: stderr all=off uptime,level,tags

Environment Variables:
PATH=C:\Program Files\Common Files\Oracle\Java\javapath;C:\Program Files (x86)\Common Files\Oracle\Java\javapath;C:\WINDOWS\system32;C:\WINDOWS;C:\WINDOWS\System32\Wbem;C:\WINDOWS\System32\WindowsPowerShell\v1.0\;C:\WINDOWS\System32\OpenSSH\;C:\Program Files\NVIDIA Corporation\NVIDIA NvDLISR;C:\Program Files (x86)\IVI Foundation\VISA\WinNT\Bin;C:\Program Files\PuTTY\;C:\Program Files (x86)\NVIDIA Corporation\PhysX\Common;C:\Program Files\dotnet\;C:\Program Files\Microsoft SQL Server\130\Tools\Binn\;C:\WINDOWS\system32;C:\WINDOWS;C:\WINDOWS\System32\Wbem;C:\WINDOWS\System32\WindowsPowerShell\v1.0\;C:\WINDOWS\System32\OpenSSH\;C:\Program Files\Git\cmd;C:\Program Files (x86)\dotnet\;C:\Users\pasca\AppData\Local\Programs\Python\Python39\Scripts\;C:\Users\pasca\AppData\Local\Programs\Python\Python39\;C:\Users\pasca\AppData\Local\Microsoft\WindowsApps;C:\Program Files\JetBrains\PyCharm Community Edition 2021.3\bin;;C:\Users\pasca\.dotnet\tools;C:\Program Files\JetBrains\IntelliJ IDEA Community Edition 2021.3.1\bin;;C:\Users\pasca\AppData\Local\Programs\Microsoft VS Code\bin;
USERNAME=Pascal
OS=Windows_NT
PROCESSOR_IDENTIFIER=AMD64 Family 23 Model 113 Stepping 0, AuthenticAMD



---------------  S Y S T E M  ---------------

OS:
 Windows 10 , 64 bit Build 22000 (10.0.22000.675)
OS uptime: 9 days 20:40 hours

CPU: total 12 (initial active 12) (12 cores per cpu, 2 threads per core) family 23 model 113 stepping 0 microcode 0x0, cx8, cmov, fxsr, ht, mmx, 3dnowpref, sse, sse2, sse3, ssse3, sse4a, sse4.1, sse4.2, popcnt, lzcnt, tsc, tscinvbit, avx, avx2, aes, clmul, bmi1, bmi2, adx, sha, fma, vzeroupper, clflush, clflushopt

Memory: 4k page, system-wide physical 32719M (18733M free)
TotalPageFile size 37583M (AvailPageFile size 20615M)
current process WorkingSet (physical memory assigned to process): 143M, peak: 143M
current process commit charge ("private bytes"): 735M, peak: 735M

vm_info: Java HotSpot(TM) 64-Bit Server VM (17.0.1+12-LTS-39) for windows-amd64 JRE (17.0.1+12-LTS-39), built on Sep 27 2021 18:41:35 by "mach5one" with MS VC++ 16.8 (VS2019)

END.
