#
# A fatal error has been detected by the Java Runtime Environment:
#
#  EXCEPTION_ACCESS_VIOLATION (0xc0000005) at pc=0x00007ffbb7401212, pid=7188, tid=3476
#
# JRE version: Java(TM) SE Runtime Environment (17.0.1+12) (build 17.0.1+12-LTS-39)
# Java VM: Java HotSpot(TM) 64-Bit Server VM (17.0.1+12-LTS-39, mixed mode, sharing, tiered, compressed oops, compressed class ptrs, g1 gc, windows-amd64)
# Problematic frame:
# C  [glfw.dll+0x1212]
#
# No core dump will be written. Minidumps are not enabled by default on client versions of Windows
#
# If you would like to submit a bug report, please visit:
#   https://bugreport.java.com/bugreport/crash.jsp
# The crash happened outside the Java Virtual Machine in native code.
# See problematic frame for where to report the bug.
#

---------------  S U M M A R Y ------------

Command Line: -Dfile.encoding=windows-1252 -Duser.country=DE -Duser.language=de -Duser.variant Main

Host: AMD Ryzen 5 3600 6-Core Processor              , 12 cores, 31G,  Windows 10 , 64 bit Build 22000 (10.0.22000.675)
Time: Mon May 30 21:19:38 2022 Mitteleuropäische Sommerzeit elapsed time: 0.149619 seconds (0d 0h 0m 0s)

---------------  T H R E A D  ---------------

Current thread (0x000001a34c06b670):  JavaThread "main" [_thread_in_native, id=3476, stack(0x0000001bd8000000,0x0000001bd8100000)]

Stack: [0x0000001bd8000000,0x0000001bd8100000],  sp=0x0000001bd80feae0,  free space=1018k
Native frames: (J=compiled Java code, j=interpreted, Vv=VM code, C=native code)
C  [glfw.dll+0x1212]

Java frames: (J=compiled Java code, j=interpreted, Vv=VM code)
j  org.lwjgl.system.JNI.invokePPPP(IIJJJJ)J+0
j  org.lwjgl.glfw.GLFW.nglfwCreateWindow(IIJJJ)J+14
j  org.lwjgl.glfw.GLFW.glfwCreateWindow(IILjava/lang/CharSequence;JJ)J+34
j  jade.Window.init()V+68
j  jade.Window.run()V+15
j  Main.main([Ljava/lang/String;)V+5
v  ~StubRoutines::call_stub

siginfo: EXCEPTION_ACCESS_VIOLATION (0xc0000005), reading address 0x0000000000000209


Register to memory mapping:

RIP=0x00007ffbb7401212 glfw.dll
RAX=0x0000000000000001 is an unknown value
RBX={method} {0x000001a3790b25a0} 'invokePPPP' '(IIJJJJ)J' in 'org/lwjgl/system/JNI'
RCX=0x0000001bd80feb30 is pointing into the stack for thread: 0x000001a34c06b670
RDX=0x0000001bd80fee70 is pointing into the stack for thread: 0x000001a34c06b670
RSP=0x0000001bd80feae0 is pointing into the stack for thread: 0x000001a34c06b670
RBP=0x0000001bd80fec10 is pointing into the stack for thread: 0x000001a34c06b670
RSI=0x0000000000000438 is an unknown value
RDI=0x0000000000000780 is an unknown value
R8 =0x000001a3798170a8 points into unknown readable memory: 0x0000006f6972614d | 4d 61 72 69 6f 00 00 00
R9 =0x000001a379891570 points into unknown readable memory: 0x20636972656e6547 | 47 65 6e 65 72 69 63 20
R10=0x0000000000000001 is an unknown value
R11=0x00000006205a7b68 is an oop: java.lang.Class 
{0x00000006205a7b68} - klass: 'java/lang/Class'
 - ---- fields (total size 14 words):
 - private volatile transient 'classRedefinedCount' 'I' @12  0
 - private volatile transient 'cachedConstructor' 'Ljava/lang/reflect/Constructor;' @40  NULL (0)
 - private transient 'name' 'Ljava/lang/String;' @44  "org.lwjgl.system.JNI"{0x00000006205a7be8} (c40b4f7d)
 - private transient 'module' 'Ljava/lang/Module;' @48  a 'java/lang/Module'{0x00000006208670f8} (c410ce1f)
 - private final 'classLoader' 'Ljava/lang/ClassLoader;' @52  a 'jdk/internal/loader/ClassLoaders$AppClassLoader'{0x0000000620866f38} (c410cde7)
 - private transient 'classData' 'Ljava/lang/Object;' @56  NULL (0)
 - private transient 'packageName' 'Ljava/lang/String;' @60  "org.lwjgl.system"{0x0000000620abf658} (c4157ecb)
 - private final 'componentType' 'Ljava/lang/Class;' @64  NULL (0)
 - private volatile transient 'reflectionData' 'Ljava/lang/ref/SoftReference;' @68  NULL (0)
 - private volatile transient 'genericInfo' 'Lsun/reflect/generics/repository/ClassRepository;' @72  NULL (0)
 - private volatile transient 'enumConstants' '[Ljava/lang/Object;' @76  NULL (0)
 - private volatile transient 'enumConstantDirectory' 'Ljava/util/Map;' @80  NULL (0)
 - private volatile transient 'annotationData' 'Ljava/lang/Class$AnnotationData;' @84  NULL (0)
 - private volatile transient 'annotationType' 'Lsun/reflect/annotation/AnnotationType;' @88  NULL (0)
 - transient 'classValueMap' 'Ljava/lang/ClassValue$ClassValueMap;' @92  NULL (0)
 - signature: Lorg/lwjgl/system/JNI;
 - fake entry for mirror: 'org/lwjgl/system/JNI'
 - fake entry for array: NULL
 - fake entry for oop_size: 14
 - fake entry for static_oop_field_count: 0
R12=0x0 is NULL
R13={method} {0x000001a3790b25a0} 'invokePPPP' '(IIJJJJ)J' in 'org/lwjgl/system/JNI'
R14=0x000001a379891570 points into unknown readable memory: 0x20636972656e6547 | 47 65 6e 65 72 69 63 20
R15=0x000001a34c06b670 is a thread


Registers:
RAX=0x0000000000000001, RBX=0x000001a3790b2598, RCX=0x0000001bd80feb30, RDX=0x0000001bd80fee70
RSP=0x0000001bd80feae0, RBP=0x0000001bd80fec10, RSI=0x0000000000000438, RDI=0x0000000000000780
R8 =0x000001a3798170a8, R9 =0x000001a379891570, R10=0x0000000000000001, R11=0x00000006205a7b68
R12=0x0000000000000000, R13=0x000001a3790b2598, R14=0x000001a379891570, R15=0x000001a34c06b670
RIP=0x00007ffbb7401212, EFLAGS=0x0000000000010202

Top of Stack: (sp=0x0000001bd80feae0)
0x0000001bd80feae0:   ffffffffffffffff 00000040ffffffff
0x0000001bd80feaf0:   0000000000000300 00007ffb164dafa8
0x0000001bd80feb00:   0000000000000000 00007ffbb7406bc5
0x0000001bd80feb10:   000001a34c06b670 0000001bd80fef00
0x0000001bd80feb20:   000001a34c06bb50 00007ffb15d70278
0x0000001bd80feb30:   0003600100030001 0000000000000001
0x0000001bd80feb40:   0000000000000000 0000000000000000
0x0000001bd80feb50:   0000000000000000 0000000000000001
0x0000001bd80feb60:   0000000000000000 000001a35387af77
0x0000001bd80feb70:   0000043800000780 000001a3798170a8
0x0000001bd80feb80:   0000000000000001 0000000100000001
0x0000001bd80feb90:   0000000000000001 0000000100000000
0x0000001bd80feba0:   0000000000000001 0000000100000000
0x0000001bd80febb0:   0000000000000000 0000000000000000
0x0000001bd80febc0:   0000000000000000 0000000000000000
0x0000001bd80febd0:   0000000000000000 0000000000000000 

Instructions: (pc=0x00007ffbb7401212)
0x00007ffbb7401112:   74 0b 44 2b 5a e8 45 0f af db 41 03 c3 41 83 fa
0x00007ffbb7401122:   ff 74 0b 44 2b 52 ec 45 0f af d2 41 03 c2 41 8b
0x00007ffbb7401132:   49 18 83 f9 ff 74 08 2b 4a f0 0f af c9 03 c1 41
0x00007ffbb7401142:   8b 49 1c 83 f9 ff 74 08 2b 4a f4 0f af c9 03 c1
0x00007ffbb7401152:   41 8b 49 20 83 f9 ff 74 08 2b 4a f8 0f af c9 03
0x00007ffbb7401162:   c1 41 8b 49 24 83 f9 ff 74 08 2b 4a fc 0f af c9
0x00007ffbb7401172:   03 c1 83 fb ff 74 08 2b 5a 08 0f af db 03 c3 41
0x00007ffbb7401182:   83 79 34 00 74 08 83 7a 0c 00 75 02 ff c0 41 3b
0x00007ffbb7401192:   f6 73 06 48 8d 6a d8 eb 1d 75 12 45 3b c7 72 07
0x00007ffbb74011a2:   75 0b 41 3b c4 73 06 48 8d 6a d8 eb 09 48 8d 4a
0x00007ffbb74011b2:   d8 48 3b cd 75 09 44 8b f6 45 8b f8 44 8b e0 b8
0x00007ffbb74011c2:   01 00 00 00 48 83 c2 48 49 83 ed 01 0f 85 7c fe
0x00007ffbb74011d2:   ff ff 4c 8b 6c 24 40 48 8b 7c 24 38 48 8b 74 24
0x00007ffbb74011e2:   30 48 8b 5c 24 28 48 8b c5 41 5f 41 5e 41 5c 5d
0x00007ffbb74011f2:   c3 cc cc cc cc cc cc cc cc cc cc cc cc cc 48 83
0x00007ffbb7401202:   ec 28 48 8b 41 28 48 85 c0 74 21 83 39 00 74 09
0x00007ffbb7401212:   83 b8 08 02 00 00 00 75 13 33 d2 b9 0a 00 01 00
0x00007ffbb7401222:   e8 09 0c 00 00 33 c0 48 83 c4 28 c3 44 8b 41 04
0x00007ffbb7401232:   41 8d 80 ff 9f fc ff 83 f8 02 76 18 48 8d 15 eb
0x00007ffbb7401242:   a3 02 00 b9 03 00 01 00 e8 e1 0b 00 00 33 c0 48
0x00007ffbb7401252:   83 c4 28 c3 44 8b 01 45 85 c0 74 4a 41 81 f8 01
0x00007ffbb7401262:   00 03 00 0f 84 98 00 00 00 41 81 f8 02 00 03 00
0x00007ffbb7401272:   74 18 48 8d 15 dd a3 02 00 b9 03 00 01 00 e8 ab
0x00007ffbb7401282:   0b 00 00 33 c0 48 83 c4 28 c3 44 8b 41 08 41 83
0x00007ffbb7401292:   f8 01 7c 51 8b 41 0c 85 c0 78 4a 41 83 f8 01 75
0x00007ffbb74012a2:   3a 41 3b c0 7f 3f 44 8b 41 20 45 85 c0 0f 84 2d
0x00007ffbb74012b2:   01 00 00 41 8d 80 ff ef fc ff 83 f8 01 0f 86 1d
0x00007ffbb74012c2:   01 00 00 48 8d 15 ac a4 02 00 b9 03 00 01 00 e8
0x00007ffbb74012d2:   5a 0b 00 00 33 c0 48 83 c4 28 c3 41 83 f8 02 75
0x00007ffbb74012e2:   c5 85 c0 7e c1 44 8b 49 0c 48 8d 15 66 a4 02 00
0x00007ffbb74012f2:   b9 04 00 01 00 e8 34 0b 00 00 33 c0 48 83 c4 28
0x00007ffbb7401302:   c3 44 8b 41 08 41 83 f8 01 0f 8c b5 00 00 00 8b 


Stack slot to memory mapping:
stack at sp + 0 slots: 0xffffffffffffffff is an unknown value
stack at sp + 1 slots: 0x00000040ffffffff is an unknown value
stack at sp + 2 slots: 0x0000000000000300 is an unknown value
stack at sp + 3 slots: 0x00007ffb164dafa8 jvm.dll
stack at sp + 4 slots: 0x0 is NULL
stack at sp + 5 slots: 0x00007ffbb7406bc5 glfw.dll
stack at sp + 6 slots: 0x000001a34c06b670 is a thread
stack at sp + 7 slots: 0x0000001bd80fef00 is pointing into the stack for thread: 0x000001a34c06b670


---------------  P R O C E S S  ---------------

Threads class SMR info:
_java_thread_list=0x000001a3797cce50, length=13, elements={
0x000001a34c06b670, 0x000001a3789ff8d0, 0x000001a378a00740, 0x000001a378a16cb0,
0x000001a378a17660, 0x000001a378a1a420, 0x000001a378a1bde0, 0x000001a3794011a0,
0x000001a37942bc70, 0x000001a379434e30, 0x000001a3795593b0, 0x000001a37955fb30,
0x000001a3797c2a10
}

Java Threads: ( => current thread )
=>0x000001a34c06b670 JavaThread "main" [_thread_in_native, id=3476, stack(0x0000001bd8000000,0x0000001bd8100000)]
  0x000001a3789ff8d0 JavaThread "Reference Handler" daemon [_thread_blocked, id=18380, stack(0x0000001bd8700000,0x0000001bd8800000)]
  0x000001a378a00740 JavaThread "Finalizer" daemon [_thread_blocked, id=10528, stack(0x0000001bd8800000,0x0000001bd8900000)]
  0x000001a378a16cb0 JavaThread "Signal Dispatcher" daemon [_thread_blocked, id=3796, stack(0x0000001bd8900000,0x0000001bd8a00000)]
  0x000001a378a17660 JavaThread "Attach Listener" daemon [_thread_blocked, id=19636, stack(0x0000001bd8a00000,0x0000001bd8b00000)]
  0x000001a378a1a420 JavaThread "Service Thread" daemon [_thread_blocked, id=12268, stack(0x0000001bd8b00000,0x0000001bd8c00000)]
  0x000001a378a1bde0 JavaThread "Monitor Deflation Thread" daemon [_thread_blocked, id=16164, stack(0x0000001bd8c00000,0x0000001bd8d00000)]
  0x000001a3794011a0 JavaThread "C2 CompilerThread0" daemon [_thread_blocked, id=18840, stack(0x0000001bd8d00000,0x0000001bd8e00000)]
  0x000001a37942bc70 JavaThread "C1 CompilerThread0" daemon [_thread_blocked, id=3876, stack(0x0000001bd8e00000,0x0000001bd8f00000)]
  0x000001a379434e30 JavaThread "Sweeper thread" daemon [_thread_blocked, id=21796, stack(0x0000001bd8f00000,0x0000001bd9000000)]
  0x000001a3795593b0 JavaThread "Notification Thread" daemon [_thread_blocked, id=23972, stack(0x0000001bd9000000,0x0000001bd9100000)]
  0x000001a37955fb30 JavaThread "Common-Cleaner" daemon [_thread_blocked, id=23932, stack(0x0000001bd9200000,0x0000001bd9300000)]
  0x000001a3797c2a10 JavaThread "C2 CompilerThread1" daemon [_thread_blocked, id=12424, stack(0x0000001bd9300000,0x0000001bd9400000)]

Other Threads:
  0x000001a3789f9cd0 VMThread "VM Thread" [stack: 0x0000001bd8600000,0x0000001bd8700000] [id=24228]
  0x000001a37955b890 WatcherThread [stack: 0x0000001bd9100000,0x0000001bd9200000] [id=23560]
  0x000001a34c0e0d80 GCTaskThread "GC Thread#0" [stack: 0x0000001bd8100000,0x0000001bd8200000] [id=4008]
  0x000001a34c0f1c50 ConcurrentGCThread "G1 Main Marker" [stack: 0x0000001bd8200000,0x0000001bd8300000] [id=21920]
  0x000001a34c0f2e00 ConcurrentGCThread "G1 Conc#0" [stack: 0x0000001bd8300000,0x0000001bd8400000] [id=21184]
  0x000001a34c13d050 ConcurrentGCThread "G1 Refine#0" [stack: 0x0000001bd8400000,0x0000001bd8500000] [id=13320]
  0x000001a34c13ea80 ConcurrentGCThread "G1 Service" [stack: 0x0000001bd8500000,0x0000001bd8600000] [id=19836]

Threads with active compile tasks:

VM state: not at safepoint (normal execution)

VM Mutex/Monitor currently owned by a thread: None

Heap address: 0x0000000600c00000, size: 8180 MB, Compressed Oops mode: Zero based, Oop shift amount: 3

CDS archive(s) mapped at: [0x0000000800000000-0x0000000800bc0000-0x0000000800bc0000), size 12320768, SharedBaseAddress: 0x0000000800000000, ArchiveRelocationMode: 0.
Compressed class space mapped at: 0x0000000800c00000-0x0000000840c00000, reserved size: 1073741824
Narrow klass base: 0x0000000800000000, Narrow klass shift: 0, Narrow klass range: 0x100000000

GC Precious Log:
 CPUs: 12 total, 12 available
 Memory: 32719M
 Large Page Support: Disabled
 NUMA Support: Disabled
 Compressed Oops: Enabled (Zero based)
 Heap Region Size: 4M
 Heap Min Capacity: 8M
 Heap Initial Capacity: 512M
 Heap Max Capacity: 8180M
 Pre-touch: Disabled
 Parallel Workers: 10
 Concurrent Workers: 3
 Concurrent Refinement Workers: 10
 Periodic GC: Disabled

Heap:
 garbage-first heap   total 524288K, used 4096K [0x0000000600c00000, 0x0000000800000000)
  region size 4096K, 2 young (8192K), 0 survivors (0K)
 Metaspace       used 2155K, committed 2304K, reserved 1056768K
  class space    used 156K, committed 256K, reserved 1048576K

Heap Regions: E=young(eden), S=young(survivor), O=old, HS=humongous(starts), HC=humongous(continues), CS=collection set, F=free, OA=open archive, CA=closed archive, TAMS=top-at-mark-start (previous, next)
|   0|0x0000000600c00000, 0x0000000600c00000, 0x0000000601000000|  0%| F|  |TAMS 0x0000000600c00000, 0x0000000600c00000| Untracked 
|   1|0x0000000601000000, 0x0000000601000000, 0x0000000601400000|  0%| F|  |TAMS 0x0000000601000000, 0x0000000601000000| Untracked 
|   2|0x0000000601400000, 0x0000000601400000, 0x0000000601800000|  0%| F|  |TAMS 0x0000000601400000, 0x0000000601400000| Untracked 
|   3|0x0000000601800000, 0x0000000601800000, 0x0000000601c00000|  0%| F|  |TAMS 0x0000000601800000, 0x0000000601800000| Untracked 
|   4|0x0000000601c00000, 0x0000000601c00000, 0x0000000602000000|  0%| F|  |TAMS 0x0000000601c00000, 0x0000000601c00000| Untracked 
|   5|0x0000000602000000, 0x0000000602000000, 0x0000000602400000|  0%| F|  |TAMS 0x0000000602000000, 0x0000000602000000| Untracked 
|   6|0x0000000602400000, 0x0000000602400000, 0x0000000602800000|  0%| F|  |TAMS 0x0000000602400000, 0x0000000602400000| Untracked 
|   7|0x0000000602800000, 0x0000000602800000, 0x0000000602c00000|  0%| F|  |TAMS 0x0000000602800000, 0x0000000602800000| Untracked 
|   8|0x0000000602c00000, 0x0000000602c00000, 0x0000000603000000|  0%| F|  |TAMS 0x0000000602c00000, 0x0000000602c00000| Untracked 
|   9|0x0000000603000000, 0x0000000603000000, 0x0000000603400000|  0%| F|  |TAMS 0x0000000603000000, 0x0000000603000000| Untracked 
|  10|0x0000000603400000, 0x0000000603400000, 0x0000000603800000|  0%| F|  |TAMS 0x0000000603400000, 0x0000000603400000| Untracked 
|  11|0x0000000603800000, 0x0000000603800000, 0x0000000603c00000|  0%| F|  |TAMS 0x0000000603800000, 0x0000000603800000| Untracked 
|  12|0x0000000603c00000, 0x0000000603c00000, 0x0000000604000000|  0%| F|  |TAMS 0x0000000603c00000, 0x0000000603c00000| Untracked 
|  13|0x0000000604000000, 0x0000000604000000, 0x0000000604400000|  0%| F|  |TAMS 0x0000000604000000, 0x0000000604000000| Untracked 
|  14|0x0000000604400000, 0x0000000604400000, 0x0000000604800000|  0%| F|  |TAMS 0x0000000604400000, 0x0000000604400000| Untracked 
|  15|0x0000000604800000, 0x0000000604800000, 0x0000000604c00000|  0%| F|  |TAMS 0x0000000604800000, 0x0000000604800000| Untracked 
|  16|0x0000000604c00000, 0x0000000604c00000, 0x0000000605000000|  0%| F|  |TAMS 0x0000000604c00000, 0x0000000604c00000| Untracked 
|  17|0x0000000605000000, 0x0000000605000000, 0x0000000605400000|  0%| F|  |TAMS 0x0000000605000000, 0x0000000605000000| Untracked 
|  18|0x0000000605400000, 0x0000000605400000, 0x0000000605800000|  0%| F|  |TAMS 0x0000000605400000, 0x0000000605400000| Untracked 
|  19|0x0000000605800000, 0x0000000605800000, 0x0000000605c00000|  0%| F|  |TAMS 0x0000000605800000, 0x0000000605800000| Untracked 
|  20|0x0000000605c00000, 0x0000000605c00000, 0x0000000606000000|  0%| F|  |TAMS 0x0000000605c00000, 0x0000000605c00000| Untracked 
|  21|0x0000000606000000, 0x0000000606000000, 0x0000000606400000|  0%| F|  |TAMS 0x0000000606000000, 0x0000000606000000| Untracked 
|  22|0x0000000606400000, 0x0000000606400000, 0x0000000606800000|  0%| F|  |TAMS 0x0000000606400000, 0x0000000606400000| Untracked 
|  23|0x0000000606800000, 0x0000000606800000, 0x0000000606c00000|  0%| F|  |TAMS 0x0000000606800000, 0x0000000606800000| Untracked 
|  24|0x0000000606c00000, 0x0000000606c00000, 0x0000000607000000|  0%| F|  |TAMS 0x0000000606c00000, 0x0000000606c00000| Untracked 
|  25|0x0000000607000000, 0x0000000607000000, 0x0000000607400000|  0%| F|  |TAMS 0x0000000607000000, 0x0000000607000000| Untracked 
|  26|0x0000000607400000, 0x0000000607400000, 0x0000000607800000|  0%| F|  |TAMS 0x0000000607400000, 0x0000000607400000| Untracked 
|  27|0x0000000607800000, 0x0000000607800000, 0x0000000607c00000|  0%| F|  |TAMS 0x0000000607800000, 0x0000000607800000| Untracked 
|  28|0x0000000607c00000, 0x0000000607c00000, 0x0000000608000000|  0%| F|  |TAMS 0x0000000607c00000, 0x0000000607c00000| Untracked 
|  29|0x0000000608000000, 0x0000000608000000, 0x0000000608400000|  0%| F|  |TAMS 0x0000000608000000, 0x0000000608000000| Untracked 
|  30|0x0000000608400000, 0x0000000608400000, 0x0000000608800000|  0%| F|  |TAMS 0x0000000608400000, 0x0000000608400000| Untracked 
|  31|0x0000000608800000, 0x0000000608800000, 0x0000000608c00000|  0%| F|  |TAMS 0x0000000608800000, 0x0000000608800000| Untracked 
|  32|0x0000000608c00000, 0x0000000608c00000, 0x0000000609000000|  0%| F|  |TAMS 0x0000000608c00000, 0x0000000608c00000| Untracked 
|  33|0x0000000609000000, 0x0000000609000000, 0x0000000609400000|  0%| F|  |TAMS 0x0000000609000000, 0x0000000609000000| Untracked 
|  34|0x0000000609400000, 0x0000000609400000, 0x0000000609800000|  0%| F|  |TAMS 0x0000000609400000, 0x0000000609400000| Untracked 
|  35|0x0000000609800000, 0x0000000609800000, 0x0000000609c00000|  0%| F|  |TAMS 0x0000000609800000, 0x0000000609800000| Untracked 
|  36|0x0000000609c00000, 0x0000000609c00000, 0x000000060a000000|  0%| F|  |TAMS 0x0000000609c00000, 0x0000000609c00000| Untracked 
|  37|0x000000060a000000, 0x000000060a000000, 0x000000060a400000|  0%| F|  |TAMS 0x000000060a000000, 0x000000060a000000| Untracked 
|  38|0x000000060a400000, 0x000000060a400000, 0x000000060a800000|  0%| F|  |TAMS 0x000000060a400000, 0x000000060a400000| Untracked 
|  39|0x000000060a800000, 0x000000060a800000, 0x000000060ac00000|  0%| F|  |TAMS 0x000000060a800000, 0x000000060a800000| Untracked 
|  40|0x000000060ac00000, 0x000000060ac00000, 0x000000060b000000|  0%| F|  |TAMS 0x000000060ac00000, 0x000000060ac00000| Untracked 
|  41|0x000000060b000000, 0x000000060b000000, 0x000000060b400000|  0%| F|  |TAMS 0x000000060b000000, 0x000000060b000000| Untracked 
|  42|0x000000060b400000, 0x000000060b400000, 0x000000060b800000|  0%| F|  |TAMS 0x000000060b400000, 0x000000060b400000| Untracked 
|  43|0x000000060b800000, 0x000000060b800000, 0x000000060bc00000|  0%| F|  |TAMS 0x000000060b800000, 0x000000060b800000| Untracked 
|  44|0x000000060bc00000, 0x000000060bc00000, 0x000000060c000000|  0%| F|  |TAMS 0x000000060bc00000, 0x000000060bc00000| Untracked 
|  45|0x000000060c000000, 0x000000060c000000, 0x000000060c400000|  0%| F|  |TAMS 0x000000060c000000, 0x000000060c000000| Untracked 
|  46|0x000000060c400000, 0x000000060c400000, 0x000000060c800000|  0%| F|  |TAMS 0x000000060c400000, 0x000000060c400000| Untracked 
|  47|0x000000060c800000, 0x000000060c800000, 0x000000060cc00000|  0%| F|  |TAMS 0x000000060c800000, 0x000000060c800000| Untracked 
|  48|0x000000060cc00000, 0x000000060cc00000, 0x000000060d000000|  0%| F|  |TAMS 0x000000060cc00000, 0x000000060cc00000| Untracked 
|  49|0x000000060d000000, 0x000000060d000000, 0x000000060d400000|  0%| F|  |TAMS 0x000000060d000000, 0x000000060d000000| Untracked 
|  50|0x000000060d400000, 0x000000060d400000, 0x000000060d800000|  0%| F|  |TAMS 0x000000060d400000, 0x000000060d400000| Untracked 
|  51|0x000000060d800000, 0x000000060d800000, 0x000000060dc00000|  0%| F|  |TAMS 0x000000060d800000, 0x000000060d800000| Untracked 
|  52|0x000000060dc00000, 0x000000060dc00000, 0x000000060e000000|  0%| F|  |TAMS 0x000000060dc00000, 0x000000060dc00000| Untracked 
|  53|0x000000060e000000, 0x000000060e000000, 0x000000060e400000|  0%| F|  |TAMS 0x000000060e000000, 0x000000060e000000| Untracked 
|  54|0x000000060e400000, 0x000000060e400000, 0x000000060e800000|  0%| F|  |TAMS 0x000000060e400000, 0x000000060e400000| Untracked 
|  55|0x000000060e800000, 0x000000060e800000, 0x000000060ec00000|  0%| F|  |TAMS 0x000000060e800000, 0x000000060e800000| Untracked 
|  56|0x000000060ec00000, 0x000000060ec00000, 0x000000060f000000|  0%| F|  |TAMS 0x000000060ec00000, 0x000000060ec00000| Untracked 
|  57|0x000000060f000000, 0x000000060f000000, 0x000000060f400000|  0%| F|  |TAMS 0x000000060f000000, 0x000000060f000000| Untracked 
|  58|0x000000060f400000, 0x000000060f400000, 0x000000060f800000|  0%| F|  |TAMS 0x000000060f400000, 0x000000060f400000| Untracked 
|  59|0x000000060f800000, 0x000000060f800000, 0x000000060fc00000|  0%| F|  |TAMS 0x000000060f800000, 0x000000060f800000| Untracked 
|  60|0x000000060fc00000, 0x000000060fc00000, 0x0000000610000000|  0%| F|  |TAMS 0x000000060fc00000, 0x000000060fc00000| Untracked 
|  61|0x0000000610000000, 0x0000000610000000, 0x0000000610400000|  0%| F|  |TAMS 0x0000000610000000, 0x0000000610000000| Untracked 
|  62|0x0000000610400000, 0x0000000610400000, 0x0000000610800000|  0%| F|  |TAMS 0x0000000610400000, 0x0000000610400000| Untracked 
|  63|0x0000000610800000, 0x0000000610800000, 0x0000000610c00000|  0%| F|  |TAMS 0x0000000610800000, 0x0000000610800000| Untracked 
|  64|0x0000000610c00000, 0x0000000610c00000, 0x0000000611000000|  0%| F|  |TAMS 0x0000000610c00000, 0x0000000610c00000| Untracked 
|  65|0x0000000611000000, 0x0000000611000000, 0x0000000611400000|  0%| F|  |TAMS 0x0000000611000000, 0x0000000611000000| Untracked 
|  66|0x0000000611400000, 0x0000000611400000, 0x0000000611800000|  0%| F|  |TAMS 0x0000000611400000, 0x0000000611400000| Untracked 
|  67|0x0000000611800000, 0x0000000611800000, 0x0000000611c00000|  0%| F|  |TAMS 0x0000000611800000, 0x0000000611800000| Untracked 
|  68|0x0000000611c00000, 0x0000000611c00000, 0x0000000612000000|  0%| F|  |TAMS 0x0000000611c00000, 0x0000000611c00000| Untracked 
|  69|0x0000000612000000, 0x0000000612000000, 0x0000000612400000|  0%| F|  |TAMS 0x0000000612000000, 0x0000000612000000| Untracked 
|  70|0x0000000612400000, 0x0000000612400000, 0x0000000612800000|  0%| F|  |TAMS 0x0000000612400000, 0x0000000612400000| Untracked 
|  71|0x0000000612800000, 0x0000000612800000, 0x0000000612c00000|  0%| F|  |TAMS 0x0000000612800000, 0x0000000612800000| Untracked 
|  72|0x0000000612c00000, 0x0000000612c00000, 0x0000000613000000|  0%| F|  |TAMS 0x0000000612c00000, 0x0000000612c00000| Untracked 
|  73|0x0000000613000000, 0x0000000613000000, 0x0000000613400000|  0%| F|  |TAMS 0x0000000613000000, 0x0000000613000000| Untracked 
|  74|0x0000000613400000, 0x0000000613400000, 0x0000000613800000|  0%| F|  |TAMS 0x0000000613400000, 0x0000000613400000| Untracked 
|  75|0x0000000613800000, 0x0000000613800000, 0x0000000613c00000|  0%| F|  |TAMS 0x0000000613800000, 0x0000000613800000| Untracked 
|  76|0x0000000613c00000, 0x0000000613c00000, 0x0000000614000000|  0%| F|  |TAMS 0x0000000613c00000, 0x0000000613c00000| Untracked 
|  77|0x0000000614000000, 0x0000000614000000, 0x0000000614400000|  0%| F|  |TAMS 0x0000000614000000, 0x0000000614000000| Untracked 
|  78|0x0000000614400000, 0x0000000614400000, 0x0000000614800000|  0%| F|  |TAMS 0x0000000614400000, 0x0000000614400000| Untracked 
|  79|0x0000000614800000, 0x0000000614800000, 0x0000000614c00000|  0%| F|  |TAMS 0x0000000614800000, 0x0000000614800000| Untracked 
|  80|0x0000000614c00000, 0x0000000614c00000, 0x0000000615000000|  0%| F|  |TAMS 0x0000000614c00000, 0x0000000614c00000| Untracked 
|  81|0x0000000615000000, 0x0000000615000000, 0x0000000615400000|  0%| F|  |TAMS 0x0000000615000000, 0x0000000615000000| Untracked 
|  82|0x0000000615400000, 0x0000000615400000, 0x0000000615800000|  0%| F|  |TAMS 0x0000000615400000, 0x0000000615400000| Untracked 
|  83|0x0000000615800000, 0x0000000615800000, 0x0000000615c00000|  0%| F|  |TAMS 0x0000000615800000, 0x0000000615800000| Untracked 
|  84|0x0000000615c00000, 0x0000000615c00000, 0x0000000616000000|  0%| F|  |TAMS 0x0000000615c00000, 0x0000000615c00000| Untracked 
|  85|0x0000000616000000, 0x0000000616000000, 0x0000000616400000|  0%| F|  |TAMS 0x0000000616000000, 0x0000000616000000| Untracked 
|  86|0x0000000616400000, 0x0000000616400000, 0x0000000616800000|  0%| F|  |TAMS 0x0000000616400000, 0x0000000616400000| Untracked 
|  87|0x0000000616800000, 0x0000000616800000, 0x0000000616c00000|  0%| F|  |TAMS 0x0000000616800000, 0x0000000616800000| Untracked 
|  88|0x0000000616c00000, 0x0000000616c00000, 0x0000000617000000|  0%| F|  |TAMS 0x0000000616c00000, 0x0000000616c00000| Untracked 
|  89|0x0000000617000000, 0x0000000617000000, 0x0000000617400000|  0%| F|  |TAMS 0x0000000617000000, 0x0000000617000000| Untracked 
|  90|0x0000000617400000, 0x0000000617400000, 0x0000000617800000|  0%| F|  |TAMS 0x0000000617400000, 0x0000000617400000| Untracked 
|  91|0x0000000617800000, 0x0000000617800000, 0x0000000617c00000|  0%| F|  |TAMS 0x0000000617800000, 0x0000000617800000| Untracked 
|  92|0x0000000617c00000, 0x0000000617c00000, 0x0000000618000000|  0%| F|  |TAMS 0x0000000617c00000, 0x0000000617c00000| Untracked 
|  93|0x0000000618000000, 0x0000000618000000, 0x0000000618400000|  0%| F|  |TAMS 0x0000000618000000, 0x0000000618000000| Untracked 
|  94|0x0000000618400000, 0x0000000618400000, 0x0000000618800000|  0%| F|  |TAMS 0x0000000618400000, 0x0000000618400000| Untracked 
|  95|0x0000000618800000, 0x0000000618800000, 0x0000000618c00000|  0%| F|  |TAMS 0x0000000618800000, 0x0000000618800000| Untracked 
|  96|0x0000000618c00000, 0x0000000618c00000, 0x0000000619000000|  0%| F|  |TAMS 0x0000000618c00000, 0x0000000618c00000| Untracked 
|  97|0x0000000619000000, 0x0000000619000000, 0x0000000619400000|  0%| F|  |TAMS 0x0000000619000000, 0x0000000619000000| Untracked 
|  98|0x0000000619400000, 0x0000000619400000, 0x0000000619800000|  0%| F|  |TAMS 0x0000000619400000, 0x0000000619400000| Untracked 
|  99|0x0000000619800000, 0x0000000619800000, 0x0000000619c00000|  0%| F|  |TAMS 0x0000000619800000, 0x0000000619800000| Untracked 
| 100|0x0000000619c00000, 0x0000000619c00000, 0x000000061a000000|  0%| F|  |TAMS 0x0000000619c00000, 0x0000000619c00000| Untracked 
| 101|0x000000061a000000, 0x000000061a000000, 0x000000061a400000|  0%| F|  |TAMS 0x000000061a000000, 0x000000061a000000| Untracked 
| 102|0x000000061a400000, 0x000000061a400000, 0x000000061a800000|  0%| F|  |TAMS 0x000000061a400000, 0x000000061a400000| Untracked 
| 103|0x000000061a800000, 0x000000061a800000, 0x000000061ac00000|  0%| F|  |TAMS 0x000000061a800000, 0x000000061a800000| Untracked 
| 104|0x000000061ac00000, 0x000000061ac00000, 0x000000061b000000|  0%| F|  |TAMS 0x000000061ac00000, 0x000000061ac00000| Untracked 
| 105|0x000000061b000000, 0x000000061b000000, 0x000000061b400000|  0%| F|  |TAMS 0x000000061b000000, 0x000000061b000000| Untracked 
| 106|0x000000061b400000, 0x000000061b400000, 0x000000061b800000|  0%| F|  |TAMS 0x000000061b400000, 0x000000061b400000| Untracked 
| 107|0x000000061b800000, 0x000000061b800000, 0x000000061bc00000|  0%| F|  |TAMS 0x000000061b800000, 0x000000061b800000| Untracked 
| 108|0x000000061bc00000, 0x000000061bc00000, 0x000000061c000000|  0%| F|  |TAMS 0x000000061bc00000, 0x000000061bc00000| Untracked 
| 109|0x000000061c000000, 0x000000061c000000, 0x000000061c400000|  0%| F|  |TAMS 0x000000061c000000, 0x000000061c000000| Untracked 
| 110|0x000000061c400000, 0x000000061c400000, 0x000000061c800000|  0%| F|  |TAMS 0x000000061c400000, 0x000000061c400000| Untracked 
| 111|0x000000061c800000, 0x000000061c800000, 0x000000061cc00000|  0%| F|  |TAMS 0x000000061c800000, 0x000000061c800000| Untracked 
| 112|0x000000061cc00000, 0x000000061cc00000, 0x000000061d000000|  0%| F|  |TAMS 0x000000061cc00000, 0x000000061cc00000| Untracked 
| 113|0x000000061d000000, 0x000000061d000000, 0x000000061d400000|  0%| F|  |TAMS 0x000000061d000000, 0x000000061d000000| Untracked 
| 114|0x000000061d400000, 0x000000061d400000, 0x000000061d800000|  0%| F|  |TAMS 0x000000061d400000, 0x000000061d400000| Untracked 
| 115|0x000000061d800000, 0x000000061d800000, 0x000000061dc00000|  0%| F|  |TAMS 0x000000061d800000, 0x000000061d800000| Untracked 
| 116|0x000000061dc00000, 0x000000061dc00000, 0x000000061e000000|  0%| F|  |TAMS 0x000000061dc00000, 0x000000061dc00000| Untracked 
| 117|0x000000061e000000, 0x000000061e000000, 0x000000061e400000|  0%| F|  |TAMS 0x000000061e000000, 0x000000061e000000| Untracked 
| 118|0x000000061e400000, 0x000000061e400000, 0x000000061e800000|  0%| F|  |TAMS 0x000000061e400000, 0x000000061e400000| Untracked 
| 119|0x000000061e800000, 0x000000061e800000, 0x000000061ec00000|  0%| F|  |TAMS 0x000000061e800000, 0x000000061e800000| Untracked 
| 120|0x000000061ec00000, 0x000000061ec00000, 0x000000061f000000|  0%| F|  |TAMS 0x000000061ec00000, 0x000000061ec00000| Untracked 
| 121|0x000000061f000000, 0x000000061f000000, 0x000000061f400000|  0%| F|  |TAMS 0x000000061f000000, 0x000000061f000000| Untracked 
| 122|0x000000061f400000, 0x000000061f400000, 0x000000061f800000|  0%| F|  |TAMS 0x000000061f400000, 0x000000061f400000| Untracked 
| 123|0x000000061f800000, 0x000000061f800000, 0x000000061fc00000|  0%| F|  |TAMS 0x000000061f800000, 0x000000061f800000| Untracked 
| 124|0x000000061fc00000, 0x000000061fc00000, 0x0000000620000000|  0%| F|  |TAMS 0x000000061fc00000, 0x000000061fc00000| Untracked 
| 125|0x0000000620000000, 0x0000000620000000, 0x0000000620400000|  0%| F|  |TAMS 0x0000000620000000, 0x0000000620000000| Untracked 
| 126|0x0000000620400000, 0x00000006205ec900, 0x0000000620800000| 48%| E|  |TAMS 0x0000000620400000, 0x0000000620400000| Complete 
| 127|0x0000000620800000, 0x0000000620c00000, 0x0000000620c00000|100%| E|CS|TAMS 0x0000000620800000, 0x0000000620800000| Complete 

Card table byte_map: [0x000001a363dd0000,0x000001a364dd0000] _byte_map_base: 0x000001a360dca000

Marking Bits (Prev, Next): (CMBitMap*) 0x000001a34c0e1390, (CMBitMap*) 0x000001a34c0e13d0
 Prev Bits: [0x000001a365dd0000, 0x000001a36dda0000)
 Next Bits: [0x000001a36dda0000, 0x000001a375d70000)

Polling page: 0x000001a34a000000

Metaspace:

Usage:
  Non-class:      1.95 MB used.
      Class:    156.57 KB used.
       Both:      2.11 MB used.

Virtual space:
  Non-class space:        8.00 MB reserved,       2.00 MB ( 25%) committed,  1 nodes.
      Class space:        1.00 GB reserved,     256.00 KB ( <1%) committed,  1 nodes.
             Both:        1.01 GB reserved,       2.25 MB ( <1%) committed. 

Chunk freelists:
   Non-Class:  3.08 MB
       Class:  3.66 MB
        Both:  6.74 MB

MaxMetaspaceSize: unlimited
CompressedClassSpaceSize: 1.00 GB
Initial GC threshold: 21.00 MB
Current GC threshold: 21.00 MB
CDS: on
MetaspaceReclaimPolicy: balanced
 - commit_granule_bytes: 65536.
 - commit_granule_words: 8192.
 - virtual_space_node_default_size: 1048576.
 - enlarge_chunks_in_place: 1.
 - new_chunks_are_fully_committed: 0.
 - uncommit_free_chunks: 1.
 - use_allocation_guard: 0.
 - handle_deallocations: 1.


Internal statistics:

num_allocs_failed_limit: 0.
num_arena_births: 76.
num_arena_deaths: 0.
num_vsnodes_births: 2.
num_vsnodes_deaths: 0.
num_space_committed: 36.
num_space_uncommitted: 0.
num_chunks_returned_to_freelist: 0.
num_chunks_taken_from_freelist: 135.
num_chunk_merges: 0.
num_chunk_splits: 83.
num_chunks_enlarged: 53.
num_purges: 0.
num_inconsistent_stats: 0.

CodeHeap 'non-profiled nmethods': size=120000Kb used=146Kb max_used=146Kb free=119853Kb
 bounds [0x000001a35b340000, 0x000001a35b5b0000, 0x000001a362870000]
CodeHeap 'profiled nmethods': size=120000Kb used=686Kb max_used=686Kb free=119313Kb
 bounds [0x000001a353e10000, 0x000001a354080000, 0x000001a35b340000]
CodeHeap 'non-nmethods': size=5760Kb used=1507Kb max_used=1507Kb free=4252Kb
 bounds [0x000001a353870000, 0x000001a353ae0000, 0x000001a353e10000]
 total_blobs=1387 nmethods=479 adapters=821
 compilation: enabled
              stopped_count=0, restarted_count=0
 full_count=0

Compilation events (20 events):
Event: 0.135 Thread 0x000001a37942bc70  472       3       org.lwjgl.system.MemoryUtil::write8 (19 bytes)
Event: 0.135 Thread 0x000001a37942bc70 nmethod 472 0x000001a353eb8b90 code [0x000001a353eb8d40, 0x000001a353eb8f98]
Event: 0.135 Thread 0x000001a37942bc70  473       3       sun.misc.Unsafe::putByte (11 bytes)
Event: 0.135 Thread 0x000001a37942bc70 nmethod 473 0x000001a353eb9090 code [0x000001a353eb9220, 0x000001a353eb9338]
Event: 0.135 Thread 0x000001a37942bc70  468       3       java.lang.String::indexOf (64 bytes)
Event: 0.135 Thread 0x000001a3794011a0  477       4       java.lang.Integer::toUnsignedLong (7 bytes)
Event: 0.135 Thread 0x000001a37942bc70 nmethod 468 0x000001a353eb9410 code [0x000001a353eb9620, 0x000001a353eb9b08]
Event: 0.135 Thread 0x000001a37942bc70  475       3       java.lang.ThreadLocal::get (38 bytes)
Event: 0.135 Thread 0x000001a3794011a0 nmethod 477 0x000001a35b364410 code [0x000001a35b364580, 0x000001a35b3645d8]
Event: 0.135 Thread 0x000001a37942bc70 nmethod 475 0x000001a353eb9c90 code [0x000001a353eb9e60, 0x000001a353eba198]
Event: 0.135 Thread 0x000001a37942bc70  476       3       java.lang.ThreadLocal$ThreadLocalMap::getEntry (42 bytes)
Event: 0.135 Thread 0x000001a37942bc70 nmethod 476 0x000001a353eba310 code [0x000001a353eba4e0, 0x000001a353eba858]
Event: 0.135 Thread 0x000001a37942bc70  469       3       java.lang.StringLatin1::indexOf (25 bytes)
Event: 0.135 Thread 0x000001a37942bc70 nmethod 469 0x000001a353ebaa10 code [0x000001a353ebabc0, 0x000001a353ebadc8]
Event: 0.135 Thread 0x000001a37942bc70  478       3       java.lang.String::getBytes (44 bytes)
Event: 0.135 Thread 0x000001a37942bc70 nmethod 478 0x000001a353ebae90 code [0x000001a353ebb060, 0x000001a353ebb378]
Event: 0.135 Thread 0x000001a37942bc70  479       3       java.lang.StringConcatHelper::prepend (37 bytes)
Event: 0.135 Thread 0x000001a37942bc70 nmethod 479 0x000001a353ebb490 code [0x000001a353ebb660, 0x000001a353ebb938]
Event: 0.135 Thread 0x000001a37942bc70  470       1       java.security.CodeSource::getLocation (5 bytes)
Event: 0.136 Thread 0x000001a37942bc70 nmethod 470 0x000001a35b364710 code [0x000001a35b3648a0, 0x000001a35b364978]

GC Heap History (0 events):
No events

Deoptimization events (4 events):
Event: 0.090 Thread 0x000001a34c06b670 DEOPT PACKING pc=0x000001a353e27ae7 sp=0x0000001bd80fa2d0
Event: 0.090 Thread 0x000001a34c06b670 DEOPT UNPACKING pc=0x000001a3538c2b43 sp=0x0000001bd80f96f0 mode 0
Event: 0.098 Thread 0x000001a34c06b670 DEOPT PACKING pc=0x000001a353e17d51 sp=0x0000001bd80fad10
Event: 0.098 Thread 0x000001a34c06b670 DEOPT UNPACKING pc=0x000001a3538c2b43 sp=0x0000001bd80fa188 mode 0

Classes unloaded (0 events):
No events

Classes redefined (0 events):
No events

Internal exceptions (16 events):
Event: 0.080 Thread 0x000001a34c06b670 Exception <a 'java/lang/NoSuchMethodError'{0x0000000620b44f18}: 'java.lang.Object java.lang.invoke.DirectMethodHandle$Holder.invokeStaticInit(java.lang.Object)'> (0x0000000620b44f18) 
thrown [t:\workspace\open\src\hotspot\share\interpreter\linkResolver.cpp, line 766]
Event: 0.086 Thread 0x000001a34c06b670 Exception <a 'java/lang/NoSuchMethodError'{0x0000000620b95e30}: 'void java.lang.invoke.DirectMethodHandle$Holder.invokeStatic(java.lang.Object, java.lang.Object)'> (0x0000000620b95e30) 
thrown [t:\workspace\open\src\hotspot\share\interpreter\linkResolver.cpp, line 766]
Event: 0.087 Thread 0x000001a34c06b670 Exception <a 'java/lang/NoSuchMethodError'{0x0000000620b9b678}: 'void java.lang.invoke.DirectMethodHandle$Holder.invokeSpecial(java.lang.Object, java.lang.Object, java.lang.Object)'> (0x0000000620b9b678) 
thrown [t:\workspace\open\src\hotspot\share\interpreter\linkResolver.cpp, line 766]
Event: 0.088 Thread 0x000001a34c06b670 Exception <a 'java/lang/NoSuchMethodError'{0x0000000620bad3a8}: 'java.lang.Object java.lang.invoke.DirectMethodHandle$Holder.invokeStatic(java.lang.Object, java.lang.Object, int)'> (0x0000000620bad3a8) 
thrown [t:\workspace\open\src\hotspot\share\interpreter\linkResolver.cpp, line 766]
Event: 0.089 Thread 0x000001a34c06b670 Exception <a 'java/lang/NoSuchMethodError'{0x0000000620bb9098}: 'void java.lang.invoke.DelegatingMethodHandle$Holder.delegate(java.lang.Object, java.lang.Object, int, java.lang.Object)'> (0x0000000620bb9098) 
thrown [t:\workspace\open\src\hotspot\share\interpreter\linkResolver.cpp, line 766]
Event: 0.089 Thread 0x000001a34c06b670 Exception <a 'java/lang/NoSuchMethodError'{0x0000000620bbd2d8}: 'int java.lang.invoke.DirectMethodHandle$Holder.invokeSpecial(java.lang.Object, java.lang.Object, java.lang.Object)'> (0x0000000620bbd2d8) 
thrown [t:\workspace\open\src\hotspot\share\interpreter\linkResolver.cpp, line 766]
Event: 0.108 Thread 0x000001a34c06b670 Exception <a 'sun/nio/fs/WindowsException'{0x0000000620435fa0}> (0x0000000620435fa0) 
thrown [t:\workspace\open\src\hotspot\share\prims\jni.cpp, line 516]
Event: 0.108 Thread 0x000001a34c06b670 Exception <a 'sun/nio/fs/WindowsException'{0x00000006204364f8}> (0x00000006204364f8) 
thrown [t:\workspace\open\src\hotspot\share\prims\jni.cpp, line 516]
Event: 0.114 Thread 0x000001a34c06b670 Exception <a 'java/lang/NoSuchMethodError'{0x000000062046f018}: 'int java.lang.invoke.DirectMethodHandle$Holder.invokeStaticInit(java.lang.Object, java.lang.Object, int, long)'> (0x000000062046f018) 
thrown [t:\workspace\open\src\hotspot\share\interpreter\linkResolver.cpp, line 766]
Event: 0.115 Thread 0x000001a34c06b670 Exception <a 'java/lang/NoSuchMethodError'{0x00000006204748e0}: 'java.lang.Object java.lang.invoke.DirectMethodHandle$Holder.newInvokeSpecial(java.lang.Object, java.lang.Object, int)'> (0x00000006204748e0) 
thrown [t:\workspace\open\src\hotspot\share\interpreter\linkResolver.cpp, line 766]
Event: 0.116 Thread 0x000001a34c06b670 Exception <a 'java/lang/NoSuchMethodError'{0x0000000620484e00}: 'int java.lang.invoke.DirectMethodHandle$Holder.invokeStaticInit(java.lang.Object, java.lang.Object, long, long)'> (0x0000000620484e00) 
thrown [t:\workspace\open\src\hotspot\share\interpreter\linkResolver.cpp, line 766]
Event: 0.116 Thread 0x000001a34c06b670 Exception <a 'java/lang/NoSuchMethodError'{0x000000062048ab88}: 'java.lang.Object java.lang.invoke.DirectMethodHandle$Holder.newInvokeSpecial(java.lang.Object, java.lang.Object, long)'> (0x000000062048ab88) 
thrown [t:\workspace\open\src\hotspot\share\interpreter\linkResolver.cpp, line 766]
Event: 0.116 Thread 0x000001a34c06b670 Exception <a 'java/lang/NoSuchMethodError'{0x000000062048e450}: 'java.lang.Object java.lang.invoke.Invokers$Holder.linkToTargetMethod(java.lang.Object, long, java.lang.Object)'> (0x000000062048e450) 
thrown [t:\workspace\open\src\hotspot\share\interpreter\linkResolver.cpp, line 766]
Event: 0.117 Thread 0x000001a34c06b670 Exception <a 'java/lang/NoSuchMethodError'{0x0000000620495920}: 'int java.lang.invoke.DirectMethodHandle$Holder.invokeStaticInit(java.lang.Object, java.lang.Object, java.lang.Object, long)'> (0x0000000620495920) 
thrown [t:\workspace\open\src\hotspot\share\interpreter\linkResolver.cpp, line 766]
Event: 0.130 Thread 0x000001a34c06b670 Exception <a 'sun/nio/fs/WindowsException'{0x0000000620556508}> (0x0000000620556508) 
thrown [t:\workspace\open\src\hotspot\share\prims\jni.cpp, line 516]
Event: 0.130 Thread 0x000001a34c06b670 Exception <a 'sun/nio/fs/WindowsException'{0x0000000620556878}> (0x0000000620556878) 
thrown [t:\workspace\open\src\hotspot\share\prims\jni.cpp, line 516]

VM Operations (4 events):
Event: 0.049 Executing VM operation: HandshakeAllThreads
Event: 0.049 Executing VM operation: HandshakeAllThreads done
Event: 0.104 Executing VM operation: HandshakeAllThreads
Event: 0.104 Executing VM operation: HandshakeAllThreads done

Events (20 events):
Event: 0.112 loading class sun/misc/Unsafe
Event: 0.112 loading class sun/misc/Unsafe done
Event: 0.112 loading class jdk/internal/reflect/UnsafeFieldAccessorFactory
Event: 0.112 loading class jdk/internal/reflect/UnsafeFieldAccessorFactory done
Event: 0.112 loading class jdk/internal/reflect/UnsafeQualifiedStaticObjectFieldAccessorImpl
Event: 0.112 loading class jdk/internal/reflect/UnsafeQualifiedStaticFieldAccessorImpl
Event: 0.112 loading class jdk/internal/reflect/UnsafeQualifiedStaticFieldAccessorImpl done
Event: 0.112 loading class jdk/internal/reflect/UnsafeQualifiedStaticObjectFieldAccessorImpl done
Event: 0.114 loading class java/util/function/LongPredicate
Event: 0.114 loading class java/util/function/LongPredicate done
Event: 0.115 loading class jdk/internal/access/foreign/MemorySegmentProxy
Event: 0.115 loading class jdk/internal/access/foreign/MemorySegmentProxy done
Event: 0.118 loading class java/nio/InvalidMarkException
Event: 0.118 loading class java/nio/InvalidMarkException done
Event: 0.118 loading class java/nio/BufferUnderflowException
Event: 0.118 loading class java/nio/BufferUnderflowException done
Event: 0.130 loading class java/lang/NoSuchFieldError
Event: 0.130 loading class java/lang/NoSuchFieldError done
Event: 0.133 loading class jdk/internal/reflect/UnsafeQualifiedStaticIntegerFieldAccessorImpl
Event: 0.133 loading class jdk/internal/reflect/UnsafeQualifiedStaticIntegerFieldAccessorImpl done


Dynamic libraries:
0x00007ff66bfe0000 - 0x00007ff66bff0000 	C:\Program Files\Java\jdk-17.0.1\bin\java.exe
0x00007ffbe7aa0000 - 0x00007ffbe7ca9000 	C:\WINDOWS\SYSTEM32\ntdll.dll
0x00007ffbe69b0000 - 0x00007ffbe6a6d000 	C:\WINDOWS\System32\KERNEL32.DLL
0x00007ffbe4f90000 - 0x00007ffbe5309000 	C:\WINDOWS\System32\KERNELBASE.dll
0x00007ffbe5820000 - 0x00007ffbe5931000 	C:\WINDOWS\System32\ucrtbase.dll
0x00007ffbda1e0000 - 0x00007ffbda1fa000 	C:\Program Files\Java\jdk-17.0.1\bin\VCRUNTIME140.dll
0x00007ffbda890000 - 0x00007ffbda8a8000 	C:\Program Files\Java\jdk-17.0.1\bin\jli.dll
0x00007ffbe5940000 - 0x00007ffbe59ee000 	C:\WINDOWS\System32\ADVAPI32.dll
0x00007ffbe6ae0000 - 0x00007ffbe6b83000 	C:\WINDOWS\System32\msvcrt.dll
0x00007ffbe7520000 - 0x00007ffbe75be000 	C:\WINDOWS\System32\sechost.dll
0x00007ffbe6c30000 - 0x00007ffbe6d50000 	C:\WINDOWS\System32\RPCRT4.dll
0x00007ffbe59f0000 - 0x00007ffbe5b9c000 	C:\WINDOWS\System32\USER32.dll
0x00007ffbd3c80000 - 0x00007ffbd3f25000 	C:\WINDOWS\WinSxS\amd64_microsoft.windows.common-controls_6595b64144ccf1df_6.0.22000.120_none_9d947278b86cc467\COMCTL32.dll
0x00007ffbe54e0000 - 0x00007ffbe5506000 	C:\WINDOWS\System32\win32u.dll
0x00007ffbe6980000 - 0x00007ffbe69a9000 	C:\WINDOWS\System32\GDI32.dll
0x00007ffbe5700000 - 0x00007ffbe5812000 	C:\WINDOWS\System32\gdi32full.dll
0x00007ffbe5440000 - 0x00007ffbe54dd000 	C:\WINDOWS\System32\msvcp_win.dll
0x00007ffbdcc30000 - 0x00007ffbdcc3a000 	C:\WINDOWS\SYSTEM32\VERSION.dll
0x00007ffbe6a80000 - 0x00007ffbe6ab1000 	C:\WINDOWS\System32\IMM32.DLL
0x00007ffbe0e70000 - 0x00007ffbe0e7c000 	C:\Program Files\Java\jdk-17.0.1\bin\vcruntime140_1.dll
0x00007ffbda040000 - 0x00007ffbda0cd000 	C:\Program Files\Java\jdk-17.0.1\bin\msvcp140.dll
0x00007ffb15ca0000 - 0x00007ffb1685e000 	C:\Program Files\Java\jdk-17.0.1\bin\server\jvm.dll
0x00007ffbe6b90000 - 0x00007ffbe6b98000 	C:\WINDOWS\System32\PSAPI.DLL
0x00007ffbe1100000 - 0x00007ffbe1109000 	C:\WINDOWS\SYSTEM32\WSOCK32.dll
0x00007ffbde650000 - 0x00007ffbde683000 	C:\WINDOWS\SYSTEM32\WINMM.dll
0x00007ffbe6bc0000 - 0x00007ffbe6c2f000 	C:\WINDOWS\System32\WS2_32.dll
0x00007ffbe4180000 - 0x00007ffbe4198000 	C:\WINDOWS\SYSTEM32\kernel.appcore.dll
0x00007ffbdff20000 - 0x00007ffbdff2a000 	C:\Program Files\Java\jdk-17.0.1\bin\jimage.dll
0x00007ffbd8bb0000 - 0x00007ffbd8dd1000 	C:\WINDOWS\SYSTEM32\DBGHELP.DLL
0x00007ffbcb570000 - 0x00007ffbcb5a1000 	C:\WINDOWS\SYSTEM32\dbgcore.DLL
0x00007ffbe5680000 - 0x00007ffbe56ff000 	C:\WINDOWS\System32\bcryptPrimitives.dll
0x00007ffbda1b0000 - 0x00007ffbda1d5000 	C:\Program Files\Java\jdk-17.0.1\bin\java.dll
0x00007ffbd11f0000 - 0x00007ffbd12c6000 	C:\Program Files\Java\jdk-17.0.1\bin\svml.dll
0x00007ffbe5c90000 - 0x00007ffbe643f000 	C:\WINDOWS\System32\SHELL32.dll
0x00007ffbe3110000 - 0x00007ffbe3978000 	C:\WINDOWS\SYSTEM32\windows.storage.dll
0x00007ffbe6540000 - 0x00007ffbe68b8000 	C:\WINDOWS\System32\combase.dll
0x00007ffbe2fa0000 - 0x00007ffbe3106000 	C:\WINDOWS\SYSTEM32\wintypes.dll
0x00007ffbe7270000 - 0x00007ffbe735a000 	C:\WINDOWS\System32\SHCORE.dll
0x00007ffbe6920000 - 0x00007ffbe697d000 	C:\WINDOWS\System32\shlwapi.dll
0x00007ffbe4ec0000 - 0x00007ffbe4ee1000 	C:\WINDOWS\SYSTEM32\profapi.dll
0x00007ffbda020000 - 0x00007ffbda039000 	C:\Program Files\Java\jdk-17.0.1\bin\net.dll
0x00007ffbdf8a0000 - 0x00007ffbdf9ac000 	C:\WINDOWS\SYSTEM32\WINHTTP.dll
0x00007ffbe45b0000 - 0x00007ffbe4617000 	C:\WINDOWS\system32\mswsock.dll
0x00007ffbda000000 - 0x00007ffbda015000 	C:\Program Files\Java\jdk-17.0.1\bin\nio.dll
0x00007ffbd9fe0000 - 0x00007ffbd9ff8000 	C:\Program Files\Java\jdk-17.0.1\bin\zip.dll
0x00007ffbd9aa0000 - 0x00007ffbd9b15000 	C:\Users\pasca\AppData\Local\Temp\lwjglPascal\3.3.1-build-7\lwjgl.dll
0x00007ffbb7400000 - 0x00007ffbb7461000 	C:\Users\pasca\AppData\Local\Temp\lwjglPascal\3.3.1-build-7\glfw.dll
0x00007ffbbdc60000 - 0x00007ffbbdca5000 	C:\WINDOWS\SYSTEM32\dinput8.dll
0x00007ffbb6860000 - 0x00007ffbb6871000 	C:\WINDOWS\SYSTEM32\xinput1_4.dll
0x00007ffbe4c90000 - 0x00007ffbe4cdc000 	C:\WINDOWS\SYSTEM32\cfgmgr32.dll
0x00007ffbe4c60000 - 0x00007ffbe4c8c000 	C:\WINDOWS\SYSTEM32\DEVOBJ.dll
0x00007ffbe2a90000 - 0x00007ffbe2abf000 	C:\WINDOWS\SYSTEM32\dwmapi.dll
0x00007ffbd20b0000 - 0x00007ffbd2279000 	C:\WINDOWS\SYSTEM32\inputhost.dll
0x00007ffbe1fa0000 - 0x00007ffbe20d2000 	C:\WINDOWS\SYSTEM32\CoreMessaging.dll
0x00007ffbe2620000 - 0x00007ffbe26cc000 	C:\WINDOWS\system32\uxtheme.dll
0x00007ffbe7790000 - 0x00007ffbe78ae000 	C:\WINDOWS\System32\MSCTF.dll
0x00007ffbe4810000 - 0x00007ffbe481c000 	C:\WINDOWS\SYSTEM32\CRYPTBASE.DLL

dbghelp: loaded successfully - version: 4.0.5 - missing functions: none
symbol engine: initialized successfully - sym options: 0x614 - pdb path: .;C:\Program Files\Java\jdk-17.0.1\bin;C:\WINDOWS\SYSTEM32;C:\WINDOWS\WinSxS\amd64_microsoft.windows.common-controls_6595b64144ccf1df_6.0.22000.120_none_9d947278b86cc467;C:\Program Files\Java\jdk-17.0.1\bin\server;C:\Users\pasca\AppData\Local\Temp\lwjglPascal\3.3.1-build-7

VM Arguments:
jvm_args: -Dfile.encoding=windows-1252 -Duser.country=DE -Duser.language=de -Duser.variant 
java_command: Main
java_class_path (initial): C:\Users\pasca\OneDrive\Desktop\Java Game Engine\build\classes\java\main;C:\Users\pasca\OneDrive\Desktop\Java Game Engine\build\resources\main;C:\Users\pasca\.gradle\caches\modules-2\files-2.1\org.lwjgl\lwjgl-assimp\3.3.1\312072f451794f25670aebb0160ce6ec88aff842\lwjgl-assimp-3.3.1.jar;C:\Users\pasca\.gradle\caches\modules-2\files-2.1\org.lwjgl\lwjgl-assimp\3.3.1\bfa2a0d57acbf952b716d0ad8a3acbd7ad9f5639\lwjgl-assimp-3.3.1-natives-windows.jar;C:\Users\pasca\.gradle\caches\modules-2\files-2.1\org.lwjgl\lwjgl-glfw\3.3.1\cbac1b8d30cb4795149c1ef540f912671a8616d0\lwjgl-glfw-3.3.1.jar;C:\Users\pasca\.gradle\caches\modules-2\files-2.1\org.lwjgl\lwjgl-glfw\3.3.1\ed892f945cf7e79c8756796f32d00fa4ceaf573b\lwjgl-glfw-3.3.1-natives-windows.jar;C:\Users\pasca\.gradle\caches\modules-2\files-2.1\org.lwjgl\lwjgl-nfd\3.3.1\622318116996ddcff449b46cb38f0fdee39b8ac3\lwjgl-nfd-3.3.1.jar;C:\Users\pasca\.gradle\caches\modules-2\files-2.1\org.lwjgl\lwjgl-nfd\3.3.1\869fe532a50455e8b2d924f498bfb95f80b41aed\lwjgl-nfd-3.3.1-natives-windows.jar;C:\Users\pasca\.gradle\caches\modules-2\files-2.1\org.lwjgl\lwjgl-openal\3.3.1\2623a6b8ae1dfcd880738656a9f0243d2e6840bd\lwjgl-openal-3.3.1.jar;C:\Users\pasca\.gradle\caches\modules-2\files-2.1\org.lwjgl\lwjgl-openal\3.3.1\30a474d0e57193d7bc128849a3ab66bc9316fdb1\lwjgl-openal-3.3.1-natives-windows.jar;C:\Users\pasca\.gradle\caches\modules-2\files-2.1\org.lwjgl\lwjgl-opengl\3.3.1\831a5533a21a5f4f81bbc51bb13e9899319b5411\lwjgl-opengl-3.3.1.jar;C:\Users\pasca\.gradle\caches\modules-2\files-2.1\org.lwjgl\lwjgl-opengl\3.3.1\c1807e9bd571402787d7e37e3029776ae2513bb8\lwjgl-opengl-3.3.1-natives-windows.jar;C:\Users\pasca\.gradle\caches\modules-2\files-2.1\org.lwjgl\lwjgl-stb\3.3.1\b119297cf8ed01f247abe8685857f8e7fcf5980f\lwjgl-stb-3.3.1.jar;C:\Users\pasca\.gradle\caches\modules-2\files-2.1\org.lwjgl\lwjgl-stb\3.3.1\86315914ac119efdb02dc9e8e978ade84f1702af\lwjgl-stb-3.3.1-natives-windows.jar;C:\Users\pasca\.gradle\caches\modules-2\files-2.
Launcher Type: SUN_STANDARD

[Global flags]
     intx CICompilerCount                          = 4                                         {product} {ergonomic}
     uint ConcGCThreads                            = 3                                         {product} {ergonomic}
     uint G1ConcRefinementThreads                  = 10                                        {product} {ergonomic}
   size_t G1HeapRegionSize                         = 4194304                                   {product} {ergonomic}
    uintx GCDrainStackTargetSize                   = 64                                        {product} {ergonomic}
   size_t InitialHeapSize                          = 536870912                                 {product} {ergonomic}
   size_t MarkStackSize                            = 4194304                                   {product} {ergonomic}
   size_t MaxHeapSize                              = 8577351680                                {product} {ergonomic}
   size_t MaxNewSize                               = 5146411008                                {product} {ergonomic}
   size_t MinHeapDeltaBytes                        = 4194304                                   {product} {ergonomic}
   size_t MinHeapSize                              = 8388608                                   {product} {ergonomic}
    uintx NonNMethodCodeHeapSize                   = 5839372                                {pd product} {ergonomic}
    uintx NonProfiledCodeHeapSize                  = 122909434                              {pd product} {ergonomic}
    uintx ProfiledCodeHeapSize                     = 122909434                              {pd product} {ergonomic}
    uintx ReservedCodeCacheSize                    = 251658240                              {pd product} {ergonomic}
     bool SegmentedCodeCache                       = true                                      {product} {ergonomic}
   size_t SoftMaxHeapSize                          = 8577351680                             {manageable} {ergonomic}
     bool UseCompressedClassPointers               = true                           {product lp64_product} {ergonomic}
     bool UseCompressedOops                        = true                           {product lp64_product} {ergonomic}
     bool UseG1GC                                  = true                                      {product} {ergonomic}
     bool UseLargePagesIndividualAllocation        = false                                  {pd product} {ergonomic}

Logging:
Log output configuration:
 #0: stdout all=warning uptime,level,tags
 #1: stderr all=off uptime,level,tags

Environment Variables:
PATH=C:\Program Files\Common Files\Oracle\Java\javapath;C:\Program Files (x86)\Common Files\Oracle\Java\javapath;C:\WINDOWS\system32;C:\WINDOWS;C:\WINDOWS\System32\Wbem;C:\WINDOWS\System32\WindowsPowerShell\v1.0\;C:\WINDOWS\System32\OpenSSH\;C:\Program Files\NVIDIA Corporation\NVIDIA NvDLISR;C:\Program Files (x86)\IVI Foundation\VISA\WinNT\Bin;C:\Program Files\PuTTY\;C:\Program Files (x86)\NVIDIA Corporation\PhysX\Common;C:\Program Files\dotnet\;C:\Program Files\Microsoft SQL Server\130\Tools\Binn\;C:\WINDOWS\system32;C:\WINDOWS;C:\WINDOWS\System32\Wbem;C:\WINDOWS\System32\WindowsPowerShell\v1.0\;C:\WINDOWS\System32\OpenSSH\;C:\Program Files\Git\cmd;C:\Program Files (x86)\dotnet\;C:\Users\pasca\AppData\Local\Programs\Python\Python39\Scripts\;C:\Users\pasca\AppData\Local\Programs\Python\Python39\;C:\Users\pasca\AppData\Local\Microsoft\WindowsApps;C:\Program Files\JetBrains\PyCharm Community Edition 2021.3\bin;;C:\Users\pasca\.dotnet\tools;C:\Program Files\JetBrains\IntelliJ IDEA Community Edition 2021.3.1\bin;;C:\Users\pasca\AppData\Local\Programs\Microsoft VS Code\bin;
USERNAME=Pascal
OS=Windows_NT
PROCESSOR_IDENTIFIER=AMD64 Family 23 Model 113 Stepping 0, AuthenticAMD



---------------  S Y S T E M  ---------------

OS:
 Windows 10 , 64 bit Build 22000 (10.0.22000.675)
OS uptime: 11 days 1:11 hours

CPU: total 12 (initial active 12) (12 cores per cpu, 2 threads per core) family 23 model 113 stepping 0 microcode 0x0, cx8, cmov, fxsr, ht, mmx, 3dnowpref, sse, sse2, sse3, ssse3, sse4a, sse4.1, sse4.2, popcnt, lzcnt, tsc, tscinvbit, avx, avx2, aes, clmul, bmi1, bmi2, adx, sha, fma, vzeroupper, clflush, clflushopt

Memory: 4k page, system-wide physical 32719M (19392M free)
TotalPageFile size 37583M (AvailPageFile size 20027M)
current process WorkingSet (physical memory assigned to process): 46M, peak: 46M
current process commit charge ("private bytes"): 619M, peak: 619M

vm_info: Java HotSpot(TM) 64-Bit Server VM (17.0.1+12-LTS-39) for windows-amd64 JRE (17.0.1+12-LTS-39), built on Sep 27 2021 18:41:35 by "mach5one" with MS VC++ 16.8 (VS2019)

END.
