#
# A fatal error has been detected by the Java Runtime Environment:
#
#  EXCEPTION_ACCESS_VIOLATION (0xc0000005) at pc=0x00007ffe59c82777, pid=15308, tid=4244
#
# JRE version: OpenJDK Runtime Environment (17.0+35) (build 17+35-2724)
# Java VM: OpenJDK 64-Bit Server VM (17+35-2724, mixed mode, sharing, tiered, compressed oops, compressed class ptrs, g1 gc, windows-amd64)
# Problematic frame:
# C  [ig9icd64.dll+0x12777]
#
# No core dump will be written. Minidumps are not enabled by default on client versions of Windows
#
# If you would like to submit a bug report, please visit:
#   https://bugreport.java.com/bugreport/crash.jsp
# The crash happened outside the Java Virtual Machine in native code.
# See problematic frame for where to report the bug.
#

---------------  S U M M A R Y ------------

Command Line: -Dfile.encoding=windows-1252 -Duser.country=DE -Duser.language=de -Duser.variant Main

Host: Intel(R) Pentium(R) CPU 4425Y @ 1.70GHz, 4 cores, 7G,  Windows 10 , 64 bit Build 22000 (10.0.22000.675)
Time: Thu May 19 11:34:00 2022 Mitteleuropäische Sommerzeit elapsed time: 2.136096 seconds (0d 0h 0m 2s)

---------------  T H R E A D  ---------------

Current thread (0x000001ae2249e810):  JavaThread "main" [_thread_in_native, id=4244, stack(0x00000001a5f00000,0x00000001a6000000)]

Stack: [0x00000001a5f00000,0x00000001a6000000],  sp=0x00000001a5ffee60,  free space=1019k
Native frames: (J=compiled Java code, j=interpreted, Vv=VM code, C=native code)
C  [ig9icd64.dll+0x12777]

Java frames: (J=compiled Java code, j=interpreted, Vv=VM code)
J 609  org.lwjgl.opengl.GL11C.glClear(I)V (0 bytes) @ 0x000001ae3376fa69 [0x000001ae3376fa20+0x0000000000000049]
j  jade.Window.loop()V+23
j  jade.Window.run()V+19
j  Main.main([Ljava/lang/String;)V+5
v  ~StubRoutines::call_stub

siginfo: EXCEPTION_ACCESS_VIOLATION (0xc0000005), writing address 0x000001ae45f70000


Register to memory mapping:

RIP=0x00007ffe59c82777 ig9icd64.dll
RAX=0x00000000680b0000 is an unknown value
RBX=0x000001ae43497050 points into unknown readable memory: 0x0000000000000000 | 00 00 00 00 00 00 00 00
RCX=0x000001ae45f70000 is an unknown value
RDX=0x00007ffe5ab655d0 ig9icd64.dll
RSP=0x00000001a5ffee60 is pointing into the stack for thread: 0x000001ae2249e810
RBP=0x000001ae43462500 points into unknown readable memory: 0x000001ae4340ef80 | 80 ef 40 43 ae 01 00 00
RSI=0x0000000000000780 is an unknown value
RDI=0x0 is NULL
R8 =0x0000000000000004 is an unknown value
R9 =0x0 is NULL
R10=0xa201879b5e5a7b70 is an unknown value
R11=0x000001ae3376fa40 is at entry_point+32 in (nmethod*)0x000001ae3376f890
R12=0x0 is NULL
R13=0x00000001a5fff068 is pointing into the stack for thread: 0x000001ae2249e810
R14=0x000001ae436b0a20 points into unknown readable memory: 0x0000010100000000 | 00 00 00 00 01 01 00 00
R15=0x0 is NULL


Registers:
RAX=0x00000000680b0000, RBX=0x000001ae43497050, RCX=0x000001ae45f70000, RDX=0x00007ffe5ab655d0
RSP=0x00000001a5ffee60, RBP=0x000001ae43462500, RSI=0x0000000000000780, RDI=0x0000000000000000
R8 =0x0000000000000004, R9 =0x0000000000000000, R10=0xa201879b5e5a7b70, R11=0x000001ae3376fa40
R12=0x0000000000000000, R13=0x00000001a5fff068, R14=0x000001ae436b0a20, R15=0x0000000000000000
RIP=0x00007ffe59c82777, EFLAGS=0x0000000000010202

Top of Stack: (sp=0x00000001a5ffee60)
0x00000001a5ffee60:   0000000000000001 00007ffeba92863a
0x00000001a5ffee70:   0000000000000001 000001ae4349a670
0x00000001a5ffee80:   000001ae43462500 00007ffe5a508fbf
0x00000001a5ffee90:   0000000000000000 00000001a5ffeea0
0x00000001a5ffeea0:   00000000000a0008 00007ffe9f2a6ca0
0x00000001a5ffeeb0:   0000000000000001 000001ae228d1c30
0x00000001a5ffeec0:   0000000000000003 00000001a5fff020
0x00000001a5ffeed0:   00007ffe9f2a6ca0 000001ae228bb9a0
0x00000001a5ffeee0:   0000000000111b6e 00007ffebac5ad0a
0x00000001a5ffeef0:   0000000000004000 000001ae43462500
0x00000001a5ffef00:   0000000000000780 00000000000004a7
0x00000001a5ffef10:   00000001a5ffefd0 00007ffe5a64db5a
0x00000001a5ffef20:   000000003f800000 0000000000000000
0x00000001a5ffef30:   000001ae4255ecb0 00007ffe00000000
0x00000001a5ffef40:   0000000100000000 0000000100000780
0x00000001a5ffef50:   000066e2000004a7 00007ffe00000002 

Instructions: (pc=0x00007ffe59c82777)
0x00007ffe59c82677:   83 c2 27 49 2b c8 48 8d 41 f8 48 83 f8 1f 77 21
0x00007ffe59c82687:   49 8b c8 e8 99 bc 4f 00 48 c7 43 10 00 00 00 00
0x00007ffe59c82697:   48 c7 43 18 0f 00 00 00 c6 03 00 48 83 c4 20 5b
0x00007ffe59c826a7:   c3 e8 0f 79 50 00 cc cc cc e9 9b ff ff ff cc cc
0x00007ffe59c826b7:   cc cc cc cc cc cc cc cc cc 48 8d 05 21 30 ef 00
0x00007ffe59c826c7:   c3 cc cc cc cc cc cc cc cc 4c 89 44 24 18 4c 89
0x00007ffe59c826d7:   4c 24 20 53 55 56 57 48 83 ec 38 49 8b f0 48 8d
0x00007ffe59c826e7:   6c 24 78 48 8b da 48 8b f9 e8 cb ff ff ff 48 89
0x00007ffe59c826f7:   6c 24 28 4c 8b ce 4c 8b c3 48 c7 44 24 20 00 00
0x00007ffe59c82707:   00 00 48 8b d7 48 8b 08 e8 98 71 50 00 85 c0 b9
0x00007ffe59c82717:   ff ff ff ff 0f 48 c1 48 83 c4 38 5f 5e 5d 5b c3
0x00007ffe59c82727:   cc cc cc cc cc cc cc cc cc 48 83 ec 28 4d 85 c0
0x00007ffe59c82737:   0f 84 60 04 00 00 49 83 f8 04 77 3b 49 83 f8 01
0x00007ffe59c82747:   75 0a 0f b6 02 88 01 48 83 c4 28 c3 49 83 f8 02
0x00007ffe59c82757:   0f 84 3a 04 00 00 49 83 f8 03 75 12 0f b7 02 66
0x00007ffe59c82767:   89 01 0f b6 42 02 88 41 02 48 83 c4 28 c3 8b 02
0x00007ffe59c82777:   89 01 48 83 c4 28 c3 49 83 f8 08 76 2f f6 c1 03
0x00007ffe59c82787:   74 2a f6 c1 01 74 0e 0f b6 02 49 ff c8 88 01 48
0x00007ffe59c82797:   ff c1 48 ff c2 f6 c1 02 74 12 0f b7 02 49 83 e8
0x00007ffe59c827a7:   02 66 89 01 48 83 c1 02 48 83 c2 02 49 83 f8 40
0x00007ffe59c827b7:   0f 87 88 00 00 00 49 8b c0 48 83 e0 fc 48 03 c8
0x00007ffe59c827c7:   48 03 d0 49 8b c0 48 c1 e8 02 48 ff c8 48 83 f8
0x00007ffe59c827d7:   0f 0f 87 9f 03 00 00 4c 8d 0d 1b d8 fe ff 41 8b
0x00007ffe59c827e7:   84 81 a4 2b 01 00 49 03 c1 ff e0 8b 42 c0 89 41
0x00007ffe59c827f7:   c0 8b 42 c4 89 41 c4 8b 42 c8 89 41 c8 8b 42 cc
0x00007ffe59c82807:   89 41 cc 8b 42 d0 89 41 d0 8b 42 d4 89 41 d4 8b
0x00007ffe59c82817:   42 d8 89 41 d8 8b 42 dc 89 41 dc 8b 42 e0 89 41
0x00007ffe59c82827:   e0 8b 42 e4 89 41 e4 8b 42 e8 89 41 e8 8b 42 ec
0x00007ffe59c82837:   89 41 ec 8b 42 f0 89 41 f0 e9 26 03 00 00 48 8b
0x00007ffe59c82847:   c1 83 e0 0f 74 3d 41 b9 10 00 00 00 4c 2b c8 49
0x00007ffe59c82857:   8b c1 49 03 c9 48 c1 e8 02 49 03 d1 48 83 e8 01
0x00007ffe59c82867:   74 18 48 83 e8 01 74 0c 48 83 f8 01 75 12 8b 42 


Stack slot to memory mapping:
stack at sp + 0 slots: 0x0000000000000001 is an unknown value
stack at sp + 1 slots: 0x00007ffeba92863a KERNEL32.DLL
stack at sp + 2 slots: 0x0000000000000001 is an unknown value
stack at sp + 3 slots: 0x000001ae4349a670 points into unknown readable memory: 0xffffffff00000001 | 01 00 00 00 ff ff ff ff
stack at sp + 4 slots: 0x000001ae43462500 points into unknown readable memory: 0x000001ae4340ef80 | 80 ef 40 43 ae 01 00 00
stack at sp + 5 slots: 0x00007ffe5a508fbf ig9icd64.dll
stack at sp + 6 slots: 0x0 is NULL
stack at sp + 7 slots: 0x00000001a5ffeea0 is pointing into the stack for thread: 0x000001ae2249e810


---------------  P R O C E S S  ---------------

Threads class SMR info:
_java_thread_list=0x000001ae42898bf0, length=12, elements={
0x000001ae2249e810, 0x000001ae41bab750, 0x000001ae41bac4d0, 0x000001ae41bc5690,
0x000001ae41bc5f50, 0x000001ae41bc7820, 0x000001ae41bc88f0, 0x000001ae41bcb100,
0x000001ae41bd8be0, 0x000001ae41bfb8d0, 0x000001ae42892e10, 0x000001ae4289cd00
}

Java Threads: ( => current thread )
=>0x000001ae2249e810 JavaThread "main" [_thread_in_native, id=4244, stack(0x00000001a5f00000,0x00000001a6000000)]
  0x000001ae41bab750 JavaThread "Reference Handler" daemon [_thread_blocked, id=20860, stack(0x00000001a6600000,0x00000001a6700000)]
  0x000001ae41bac4d0 JavaThread "Finalizer" daemon [_thread_blocked, id=9636, stack(0x00000001a6700000,0x00000001a6800000)]
  0x000001ae41bc5690 JavaThread "Signal Dispatcher" daemon [_thread_blocked, id=12876, stack(0x00000001a6800000,0x00000001a6900000)]
  0x000001ae41bc5f50 JavaThread "Attach Listener" daemon [_thread_blocked, id=5148, stack(0x00000001a6900000,0x00000001a6a00000)]
  0x000001ae41bc7820 JavaThread "Service Thread" daemon [_thread_blocked, id=7064, stack(0x00000001a6a00000,0x00000001a6b00000)]
  0x000001ae41bc88f0 JavaThread "Monitor Deflation Thread" daemon [_thread_blocked, id=18740, stack(0x00000001a6b00000,0x00000001a6c00000)]
  0x000001ae41bcb100 JavaThread "C2 CompilerThread0" daemon [_thread_blocked, id=14836, stack(0x00000001a6c00000,0x00000001a6d00000)]
  0x000001ae41bd8be0 JavaThread "C1 CompilerThread0" daemon [_thread_blocked, id=12024, stack(0x00000001a6d00000,0x00000001a6e00000)]
  0x000001ae41bfb8d0 JavaThread "Sweeper thread" daemon [_thread_blocked, id=12240, stack(0x00000001a6e00000,0x00000001a6f00000)]
  0x000001ae42892e10 JavaThread "Notification Thread" daemon [_thread_blocked, id=13192, stack(0x00000001a6f00000,0x00000001a7000000)]
  0x000001ae4289cd00 JavaThread "Common-Cleaner" daemon [_thread_blocked, id=5984, stack(0x00000001a7100000,0x00000001a7200000)]

Other Threads:
  0x000001ae41ba7c50 VMThread "VM Thread" [stack: 0x00000001a6500000,0x00000001a6600000] [id=9632]
  0x000001ae244d4da0 WatcherThread [stack: 0x00000001a7000000,0x00000001a7100000] [id=18188]
  0x000001ae244b23c0 GCTaskThread "GC Thread#0" [stack: 0x00000001a6000000,0x00000001a6100000] [id=11968]
  0x000001ae244c35b0 ConcurrentGCThread "G1 Main Marker" [stack: 0x00000001a6100000,0x00000001a6200000] [id=15384]
  0x000001ae244c3ed0 ConcurrentGCThread "G1 Conc#0" [stack: 0x00000001a6200000,0x00000001a6300000] [id=15204]
  0x000001ae2453c250 ConcurrentGCThread "G1 Refine#0" [stack: 0x00000001a6300000,0x00000001a6400000] [id=9284]
  0x000001ae2453cb80 ConcurrentGCThread "G1 Service" [stack: 0x00000001a6400000,0x00000001a6500000] [id=8052]

Threads with active compile tasks:

VM state: not at safepoint (normal execution)

VM Mutex/Monitor currently owned by a thread: None

Heap address: 0x0000000082000000, size: 2016 MB, Compressed Oops mode: 32-bit

CDS archive(s) mapped at: [0x0000000800000000-0x0000000800bc0000-0x0000000800bc0000), size 12320768, SharedBaseAddress: 0x0000000800000000, ArchiveRelocationMode: 0.
Compressed class space mapped at: 0x0000000800c00000-0x0000000840c00000, reserved size: 1073741824
Narrow klass base: 0x0000000800000000, Narrow klass shift: 0, Narrow klass range: 0x100000000

GC Precious Log:
 CPUs: 4 total, 4 available
 Memory: 8061M
 Large Page Support: Disabled
 NUMA Support: Disabled
 Compressed Oops: Enabled (32-bit)
 Heap Region Size: 1M
 Heap Min Capacity: 8M
 Heap Initial Capacity: 126M
 Heap Max Capacity: 2016M
 Pre-touch: Disabled
 Parallel Workers: 4
 Concurrent Workers: 1
 Concurrent Refinement Workers: 4
 Periodic GC: Disabled

Heap:
 garbage-first heap   total 129024K, used 6144K [0x0000000082000000, 0x0000000100000000)
  region size 1024K, 7 young (7168K), 0 survivors (0K)
 Metaspace       used 2742K, committed 2944K, reserved 1056768K
  class space    used 172K, committed 256K, reserved 1048576K

Heap Regions: E=young(eden), S=young(survivor), O=old, HS=humongous(starts), HC=humongous(continues), CS=collection set, F=free, OA=open archive, CA=closed archive, TAMS=top-at-mark-start (previous, next)
|   0|0x0000000082000000, 0x0000000082000000, 0x0000000082100000|  0%| F|  |TAMS 0x0000000082000000, 0x0000000082000000| Untracked 
|   1|0x0000000082100000, 0x0000000082100000, 0x0000000082200000|  0%| F|  |TAMS 0x0000000082100000, 0x0000000082100000| Untracked 
|   2|0x0000000082200000, 0x0000000082200000, 0x0000000082300000|  0%| F|  |TAMS 0x0000000082200000, 0x0000000082200000| Untracked 
|   3|0x0000000082300000, 0x0000000082300000, 0x0000000082400000|  0%| F|  |TAMS 0x0000000082300000, 0x0000000082300000| Untracked 
|   4|0x0000000082400000, 0x0000000082400000, 0x0000000082500000|  0%| F|  |TAMS 0x0000000082400000, 0x0000000082400000| Untracked 
|   5|0x0000000082500000, 0x0000000082500000, 0x0000000082600000|  0%| F|  |TAMS 0x0000000082500000, 0x0000000082500000| Untracked 
|   6|0x0000000082600000, 0x0000000082600000, 0x0000000082700000|  0%| F|  |TAMS 0x0000000082600000, 0x0000000082600000| Untracked 
|   7|0x0000000082700000, 0x0000000082700000, 0x0000000082800000|  0%| F|  |TAMS 0x0000000082700000, 0x0000000082700000| Untracked 
|   8|0x0000000082800000, 0x0000000082800000, 0x0000000082900000|  0%| F|  |TAMS 0x0000000082800000, 0x0000000082800000| Untracked 
|   9|0x0000000082900000, 0x0000000082900000, 0x0000000082a00000|  0%| F|  |TAMS 0x0000000082900000, 0x0000000082900000| Untracked 
|  10|0x0000000082a00000, 0x0000000082a00000, 0x0000000082b00000|  0%| F|  |TAMS 0x0000000082a00000, 0x0000000082a00000| Untracked 
|  11|0x0000000082b00000, 0x0000000082b00000, 0x0000000082c00000|  0%| F|  |TAMS 0x0000000082b00000, 0x0000000082b00000| Untracked 
|  12|0x0000000082c00000, 0x0000000082c00000, 0x0000000082d00000|  0%| F|  |TAMS 0x0000000082c00000, 0x0000000082c00000| Untracked 
|  13|0x0000000082d00000, 0x0000000082d00000, 0x0000000082e00000|  0%| F|  |TAMS 0x0000000082d00000, 0x0000000082d00000| Untracked 
|  14|0x0000000082e00000, 0x0000000082e00000, 0x0000000082f00000|  0%| F|  |TAMS 0x0000000082e00000, 0x0000000082e00000| Untracked 
|  15|0x0000000082f00000, 0x0000000082f00000, 0x0000000083000000|  0%| F|  |TAMS 0x0000000082f00000, 0x0000000082f00000| Untracked 
|  16|0x0000000083000000, 0x0000000083000000, 0x0000000083100000|  0%| F|  |TAMS 0x0000000083000000, 0x0000000083000000| Untracked 
|  17|0x0000000083100000, 0x0000000083100000, 0x0000000083200000|  0%| F|  |TAMS 0x0000000083100000, 0x0000000083100000| Untracked 
|  18|0x0000000083200000, 0x0000000083200000, 0x0000000083300000|  0%| F|  |TAMS 0x0000000083200000, 0x0000000083200000| Untracked 
|  19|0x0000000083300000, 0x0000000083300000, 0x0000000083400000|  0%| F|  |TAMS 0x0000000083300000, 0x0000000083300000| Untracked 
|  20|0x0000000083400000, 0x0000000083400000, 0x0000000083500000|  0%| F|  |TAMS 0x0000000083400000, 0x0000000083400000| Untracked 
|  21|0x0000000083500000, 0x0000000083500000, 0x0000000083600000|  0%| F|  |TAMS 0x0000000083500000, 0x0000000083500000| Untracked 
|  22|0x0000000083600000, 0x0000000083600000, 0x0000000083700000|  0%| F|  |TAMS 0x0000000083600000, 0x0000000083600000| Untracked 
|  23|0x0000000083700000, 0x0000000083700000, 0x0000000083800000|  0%| F|  |TAMS 0x0000000083700000, 0x0000000083700000| Untracked 
|  24|0x0000000083800000, 0x0000000083800000, 0x0000000083900000|  0%| F|  |TAMS 0x0000000083800000, 0x0000000083800000| Untracked 
|  25|0x0000000083900000, 0x0000000083900000, 0x0000000083a00000|  0%| F|  |TAMS 0x0000000083900000, 0x0000000083900000| Untracked 
|  26|0x0000000083a00000, 0x0000000083a00000, 0x0000000083b00000|  0%| F|  |TAMS 0x0000000083a00000, 0x0000000083a00000| Untracked 
|  27|0x0000000083b00000, 0x0000000083b00000, 0x0000000083c00000|  0%| F|  |TAMS 0x0000000083b00000, 0x0000000083b00000| Untracked 
|  28|0x0000000083c00000, 0x0000000083c00000, 0x0000000083d00000|  0%| F|  |TAMS 0x0000000083c00000, 0x0000000083c00000| Untracked 
|  29|0x0000000083d00000, 0x0000000083d00000, 0x0000000083e00000|  0%| F|  |TAMS 0x0000000083d00000, 0x0000000083d00000| Untracked 
|  30|0x0000000083e00000, 0x0000000083e00000, 0x0000000083f00000|  0%| F|  |TAMS 0x0000000083e00000, 0x0000000083e00000| Untracked 
|  31|0x0000000083f00000, 0x0000000083f00000, 0x0000000084000000|  0%| F|  |TAMS 0x0000000083f00000, 0x0000000083f00000| Untracked 
|  32|0x0000000084000000, 0x0000000084000000, 0x0000000084100000|  0%| F|  |TAMS 0x0000000084000000, 0x0000000084000000| Untracked 
|  33|0x0000000084100000, 0x0000000084100000, 0x0000000084200000|  0%| F|  |TAMS 0x0000000084100000, 0x0000000084100000| Untracked 
|  34|0x0000000084200000, 0x0000000084200000, 0x0000000084300000|  0%| F|  |TAMS 0x0000000084200000, 0x0000000084200000| Untracked 
|  35|0x0000000084300000, 0x0000000084300000, 0x0000000084400000|  0%| F|  |TAMS 0x0000000084300000, 0x0000000084300000| Untracked 
|  36|0x0000000084400000, 0x0000000084400000, 0x0000000084500000|  0%| F|  |TAMS 0x0000000084400000, 0x0000000084400000| Untracked 
|  37|0x0000000084500000, 0x0000000084500000, 0x0000000084600000|  0%| F|  |TAMS 0x0000000084500000, 0x0000000084500000| Untracked 
|  38|0x0000000084600000, 0x0000000084600000, 0x0000000084700000|  0%| F|  |TAMS 0x0000000084600000, 0x0000000084600000| Untracked 
|  39|0x0000000084700000, 0x0000000084700000, 0x0000000084800000|  0%| F|  |TAMS 0x0000000084700000, 0x0000000084700000| Untracked 
|  40|0x0000000084800000, 0x0000000084800000, 0x0000000084900000|  0%| F|  |TAMS 0x0000000084800000, 0x0000000084800000| Untracked 
|  41|0x0000000084900000, 0x0000000084900000, 0x0000000084a00000|  0%| F|  |TAMS 0x0000000084900000, 0x0000000084900000| Untracked 
|  42|0x0000000084a00000, 0x0000000084a00000, 0x0000000084b00000|  0%| F|  |TAMS 0x0000000084a00000, 0x0000000084a00000| Untracked 
|  43|0x0000000084b00000, 0x0000000084b00000, 0x0000000084c00000|  0%| F|  |TAMS 0x0000000084b00000, 0x0000000084b00000| Untracked 
|  44|0x0000000084c00000, 0x0000000084c00000, 0x0000000084d00000|  0%| F|  |TAMS 0x0000000084c00000, 0x0000000084c00000| Untracked 
|  45|0x0000000084d00000, 0x0000000084d00000, 0x0000000084e00000|  0%| F|  |TAMS 0x0000000084d00000, 0x0000000084d00000| Untracked 
|  46|0x0000000084e00000, 0x0000000084e00000, 0x0000000084f00000|  0%| F|  |TAMS 0x0000000084e00000, 0x0000000084e00000| Untracked 
|  47|0x0000000084f00000, 0x0000000084f00000, 0x0000000085000000|  0%| F|  |TAMS 0x0000000084f00000, 0x0000000084f00000| Untracked 
|  48|0x0000000085000000, 0x0000000085000000, 0x0000000085100000|  0%| F|  |TAMS 0x0000000085000000, 0x0000000085000000| Untracked 
|  49|0x0000000085100000, 0x0000000085100000, 0x0000000085200000|  0%| F|  |TAMS 0x0000000085100000, 0x0000000085100000| Untracked 
|  50|0x0000000085200000, 0x0000000085200000, 0x0000000085300000|  0%| F|  |TAMS 0x0000000085200000, 0x0000000085200000| Untracked 
|  51|0x0000000085300000, 0x0000000085300000, 0x0000000085400000|  0%| F|  |TAMS 0x0000000085300000, 0x0000000085300000| Untracked 
|  52|0x0000000085400000, 0x0000000085400000, 0x0000000085500000|  0%| F|  |TAMS 0x0000000085400000, 0x0000000085400000| Untracked 
|  53|0x0000000085500000, 0x0000000085500000, 0x0000000085600000|  0%| F|  |TAMS 0x0000000085500000, 0x0000000085500000| Untracked 
|  54|0x0000000085600000, 0x0000000085600000, 0x0000000085700000|  0%| F|  |TAMS 0x0000000085600000, 0x0000000085600000| Untracked 
|  55|0x0000000085700000, 0x0000000085700000, 0x0000000085800000|  0%| F|  |TAMS 0x0000000085700000, 0x0000000085700000| Untracked 
|  56|0x0000000085800000, 0x0000000085800000, 0x0000000085900000|  0%| F|  |TAMS 0x0000000085800000, 0x0000000085800000| Untracked 
|  57|0x0000000085900000, 0x0000000085900000, 0x0000000085a00000|  0%| F|  |TAMS 0x0000000085900000, 0x0000000085900000| Untracked 
|  58|0x0000000085a00000, 0x0000000085a00000, 0x0000000085b00000|  0%| F|  |TAMS 0x0000000085a00000, 0x0000000085a00000| Untracked 
|  59|0x0000000085b00000, 0x0000000085b00000, 0x0000000085c00000|  0%| F|  |TAMS 0x0000000085b00000, 0x0000000085b00000| Untracked 
|  60|0x0000000085c00000, 0x0000000085c00000, 0x0000000085d00000|  0%| F|  |TAMS 0x0000000085c00000, 0x0000000085c00000| Untracked 
|  61|0x0000000085d00000, 0x0000000085d00000, 0x0000000085e00000|  0%| F|  |TAMS 0x0000000085d00000, 0x0000000085d00000| Untracked 
|  62|0x0000000085e00000, 0x0000000085e00000, 0x0000000085f00000|  0%| F|  |TAMS 0x0000000085e00000, 0x0000000085e00000| Untracked 
|  63|0x0000000085f00000, 0x0000000085f00000, 0x0000000086000000|  0%| F|  |TAMS 0x0000000085f00000, 0x0000000085f00000| Untracked 
|  64|0x0000000086000000, 0x0000000086000000, 0x0000000086100000|  0%| F|  |TAMS 0x0000000086000000, 0x0000000086000000| Untracked 
|  65|0x0000000086100000, 0x0000000086100000, 0x0000000086200000|  0%| F|  |TAMS 0x0000000086100000, 0x0000000086100000| Untracked 
|  66|0x0000000086200000, 0x0000000086200000, 0x0000000086300000|  0%| F|  |TAMS 0x0000000086200000, 0x0000000086200000| Untracked 
|  67|0x0000000086300000, 0x0000000086300000, 0x0000000086400000|  0%| F|  |TAMS 0x0000000086300000, 0x0000000086300000| Untracked 
|  68|0x0000000086400000, 0x0000000086400000, 0x0000000086500000|  0%| F|  |TAMS 0x0000000086400000, 0x0000000086400000| Untracked 
|  69|0x0000000086500000, 0x0000000086500000, 0x0000000086600000|  0%| F|  |TAMS 0x0000000086500000, 0x0000000086500000| Untracked 
|  70|0x0000000086600000, 0x0000000086600000, 0x0000000086700000|  0%| F|  |TAMS 0x0000000086600000, 0x0000000086600000| Untracked 
|  71|0x0000000086700000, 0x0000000086700000, 0x0000000086800000|  0%| F|  |TAMS 0x0000000086700000, 0x0000000086700000| Untracked 
|  72|0x0000000086800000, 0x0000000086800000, 0x0000000086900000|  0%| F|  |TAMS 0x0000000086800000, 0x0000000086800000| Untracked 
|  73|0x0000000086900000, 0x0000000086900000, 0x0000000086a00000|  0%| F|  |TAMS 0x0000000086900000, 0x0000000086900000| Untracked 
|  74|0x0000000086a00000, 0x0000000086a00000, 0x0000000086b00000|  0%| F|  |TAMS 0x0000000086a00000, 0x0000000086a00000| Untracked 
|  75|0x0000000086b00000, 0x0000000086b00000, 0x0000000086c00000|  0%| F|  |TAMS 0x0000000086b00000, 0x0000000086b00000| Untracked 
|  76|0x0000000086c00000, 0x0000000086c00000, 0x0000000086d00000|  0%| F|  |TAMS 0x0000000086c00000, 0x0000000086c00000| Untracked 
|  77|0x0000000086d00000, 0x0000000086d00000, 0x0000000086e00000|  0%| F|  |TAMS 0x0000000086d00000, 0x0000000086d00000| Untracked 
|  78|0x0000000086e00000, 0x0000000086e00000, 0x0000000086f00000|  0%| F|  |TAMS 0x0000000086e00000, 0x0000000086e00000| Untracked 
|  79|0x0000000086f00000, 0x0000000086f00000, 0x0000000087000000|  0%| F|  |TAMS 0x0000000086f00000, 0x0000000086f00000| Untracked 
|  80|0x0000000087000000, 0x0000000087000000, 0x0000000087100000|  0%| F|  |TAMS 0x0000000087000000, 0x0000000087000000| Untracked 
|  81|0x0000000087100000, 0x0000000087100000, 0x0000000087200000|  0%| F|  |TAMS 0x0000000087100000, 0x0000000087100000| Untracked 
|  82|0x0000000087200000, 0x0000000087200000, 0x0000000087300000|  0%| F|  |TAMS 0x0000000087200000, 0x0000000087200000| Untracked 
|  83|0x0000000087300000, 0x0000000087300000, 0x0000000087400000|  0%| F|  |TAMS 0x0000000087300000, 0x0000000087300000| Untracked 
|  84|0x0000000087400000, 0x0000000087400000, 0x0000000087500000|  0%| F|  |TAMS 0x0000000087400000, 0x0000000087400000| Untracked 
|  85|0x0000000087500000, 0x0000000087500000, 0x0000000087600000|  0%| F|  |TAMS 0x0000000087500000, 0x0000000087500000| Untracked 
|  86|0x0000000087600000, 0x0000000087600000, 0x0000000087700000|  0%| F|  |TAMS 0x0000000087600000, 0x0000000087600000| Untracked 
|  87|0x0000000087700000, 0x0000000087700000, 0x0000000087800000|  0%| F|  |TAMS 0x0000000087700000, 0x0000000087700000| Untracked 
|  88|0x0000000087800000, 0x0000000087800000, 0x0000000087900000|  0%| F|  |TAMS 0x0000000087800000, 0x0000000087800000| Untracked 
|  89|0x0000000087900000, 0x0000000087900000, 0x0000000087a00000|  0%| F|  |TAMS 0x0000000087900000, 0x0000000087900000| Untracked 
|  90|0x0000000087a00000, 0x0000000087a00000, 0x0000000087b00000|  0%| F|  |TAMS 0x0000000087a00000, 0x0000000087a00000| Untracked 
|  91|0x0000000087b00000, 0x0000000087b00000, 0x0000000087c00000|  0%| F|  |TAMS 0x0000000087b00000, 0x0000000087b00000| Untracked 
|  92|0x0000000087c00000, 0x0000000087c00000, 0x0000000087d00000|  0%| F|  |TAMS 0x0000000087c00000, 0x0000000087c00000| Untracked 
|  93|0x0000000087d00000, 0x0000000087d00000, 0x0000000087e00000|  0%| F|  |TAMS 0x0000000087d00000, 0x0000000087d00000| Untracked 
|  94|0x0000000087e00000, 0x0000000087e00000, 0x0000000087f00000|  0%| F|  |TAMS 0x0000000087e00000, 0x0000000087e00000| Untracked 
|  95|0x0000000087f00000, 0x0000000087f00000, 0x0000000088000000|  0%| F|  |TAMS 0x0000000087f00000, 0x0000000087f00000| Untracked 
|  96|0x0000000088000000, 0x0000000088000000, 0x0000000088100000|  0%| F|  |TAMS 0x0000000088000000, 0x0000000088000000| Untracked 
|  97|0x0000000088100000, 0x0000000088100000, 0x0000000088200000|  0%| F|  |TAMS 0x0000000088100000, 0x0000000088100000| Untracked 
|  98|0x0000000088200000, 0x0000000088200000, 0x0000000088300000|  0%| F|  |TAMS 0x0000000088200000, 0x0000000088200000| Untracked 
|  99|0x0000000088300000, 0x0000000088300000, 0x0000000088400000|  0%| F|  |TAMS 0x0000000088300000, 0x0000000088300000| Untracked 
| 100|0x0000000088400000, 0x0000000088400000, 0x0000000088500000|  0%| F|  |TAMS 0x0000000088400000, 0x0000000088400000| Untracked 
| 101|0x0000000088500000, 0x0000000088500000, 0x0000000088600000|  0%| F|  |TAMS 0x0000000088500000, 0x0000000088500000| Untracked 
| 102|0x0000000088600000, 0x0000000088600000, 0x0000000088700000|  0%| F|  |TAMS 0x0000000088600000, 0x0000000088600000| Untracked 
| 103|0x0000000088700000, 0x0000000088700000, 0x0000000088800000|  0%| F|  |TAMS 0x0000000088700000, 0x0000000088700000| Untracked 
| 104|0x0000000088800000, 0x0000000088800000, 0x0000000088900000|  0%| F|  |TAMS 0x0000000088800000, 0x0000000088800000| Untracked 
| 105|0x0000000088900000, 0x0000000088900000, 0x0000000088a00000|  0%| F|  |TAMS 0x0000000088900000, 0x0000000088900000| Untracked 
| 106|0x0000000088a00000, 0x0000000088a00000, 0x0000000088b00000|  0%| F|  |TAMS 0x0000000088a00000, 0x0000000088a00000| Untracked 
| 107|0x0000000088b00000, 0x0000000088b00000, 0x0000000088c00000|  0%| F|  |TAMS 0x0000000088b00000, 0x0000000088b00000| Untracked 
| 108|0x0000000088c00000, 0x0000000088c00000, 0x0000000088d00000|  0%| F|  |TAMS 0x0000000088c00000, 0x0000000088c00000| Untracked 
| 109|0x0000000088d00000, 0x0000000088d00000, 0x0000000088e00000|  0%| F|  |TAMS 0x0000000088d00000, 0x0000000088d00000| Untracked 
| 110|0x0000000088e00000, 0x0000000088e00000, 0x0000000088f00000|  0%| F|  |TAMS 0x0000000088e00000, 0x0000000088e00000| Untracked 
| 111|0x0000000088f00000, 0x0000000088f00000, 0x0000000089000000|  0%| F|  |TAMS 0x0000000088f00000, 0x0000000088f00000| Untracked 
| 112|0x0000000089000000, 0x0000000089000000, 0x0000000089100000|  0%| F|  |TAMS 0x0000000089000000, 0x0000000089000000| Untracked 
| 113|0x0000000089100000, 0x0000000089100000, 0x0000000089200000|  0%| F|  |TAMS 0x0000000089100000, 0x0000000089100000| Untracked 
| 114|0x0000000089200000, 0x0000000089200000, 0x0000000089300000|  0%| F|  |TAMS 0x0000000089200000, 0x0000000089200000| Untracked 
| 115|0x0000000089300000, 0x0000000089300000, 0x0000000089400000|  0%| F|  |TAMS 0x0000000089300000, 0x0000000089300000| Untracked 
| 116|0x0000000089400000, 0x0000000089400000, 0x0000000089500000|  0%| F|  |TAMS 0x0000000089400000, 0x0000000089400000| Untracked 
| 117|0x0000000089500000, 0x0000000089500000, 0x0000000089600000|  0%| F|  |TAMS 0x0000000089500000, 0x0000000089500000| Untracked 
| 118|0x0000000089600000, 0x0000000089600000, 0x0000000089700000|  0%| F|  |TAMS 0x0000000089600000, 0x0000000089600000| Untracked 
| 119|0x0000000089700000, 0x0000000089800000, 0x0000000089800000|100%| E|  |TAMS 0x0000000089700000, 0x0000000089700000| Complete 
| 120|0x0000000089800000, 0x0000000089900000, 0x0000000089900000|100%| E|CS|TAMS 0x0000000089800000, 0x0000000089800000| Complete 
| 121|0x0000000089900000, 0x0000000089a00000, 0x0000000089a00000|100%| E|CS|TAMS 0x0000000089900000, 0x0000000089900000| Complete 
| 122|0x0000000089a00000, 0x0000000089b00000, 0x0000000089b00000|100%| E|CS|TAMS 0x0000000089a00000, 0x0000000089a00000| Complete 
| 123|0x0000000089b00000, 0x0000000089c00000, 0x0000000089c00000|100%| E|CS|TAMS 0x0000000089b00000, 0x0000000089b00000| Complete 
| 124|0x0000000089c00000, 0x0000000089d00000, 0x0000000089d00000|100%| E|CS|TAMS 0x0000000089c00000, 0x0000000089c00000| Complete 
| 125|0x0000000089d00000, 0x0000000089e00000, 0x0000000089e00000|100%| E|CS|TAMS 0x0000000089d00000, 0x0000000089d00000| Complete 

Card table byte_map: [0x000001ae3b060000,0x000001ae3b450000] _byte_map_base: 0x000001ae3ac50000

Marking Bits (Prev, Next): (CMBitMap*) 0x000001ae244b28e0, (CMBitMap*) 0x000001ae244b2920
 Prev Bits: [0x000001ae3b840000, 0x000001ae3d7c0000)
 Next Bits: [0x000001ae3d7c0000, 0x000001ae3f740000)

Polling page: 0x000001ae22370000

Metaspace:

Usage:
  Non-class:      2.51 MB used.
      Class:    172.38 KB used.
       Both:      2.68 MB used.

Virtual space:
  Non-class space:        8.00 MB reserved,       2.62 MB ( 33%) committed,  1 nodes.
      Class space:        1.00 GB reserved,     256.00 KB ( <1%) committed,  1 nodes.
             Both:        1.01 GB reserved,       2.88 MB ( <1%) committed. 

Chunk freelists:
   Non-Class:  2.59 MB
       Class:  3.64 MB
        Both:  6.23 MB

MaxMetaspaceSize: unlimited
CompressedClassSpaceSize: 1.00 GB
Initial GC threshold: 21.00 MB
Current GC threshold: 21.00 MB
CDS: on
MetaspaceReclaimPolicy: balanced
 - commit_granule_bytes: 65536.
 - commit_granule_words: 8192.
 - virtual_space_node_default_size: 1048576.
 - enlarge_chunks_in_place: 1.
 - new_chunks_are_fully_committed: 0.
 - uncommit_free_chunks: 1.
 - use_allocation_guard: 0.
 - handle_deallocations: 1.


Internal statistics:

num_allocs_failed_limit: 0.
num_arena_births: 80.
num_arena_deaths: 0.
num_vsnodes_births: 2.
num_vsnodes_deaths: 0.
num_space_committed: 44.
num_space_uncommitted: 0.
num_chunks_returned_to_freelist: 0.
num_chunks_taken_from_freelist: 153.
num_chunk_merges: 0.
num_chunk_splits: 97.
num_chunks_enlarged: 58.
num_purges: 0.
num_inconsistent_stats: 0.

CodeHeap 'non-profiled nmethods': size=120000Kb used=192Kb max_used=192Kb free=119807Kb
 bounds [0x000001ae33740000, 0x000001ae339b0000, 0x000001ae3ac70000]
CodeHeap 'profiled nmethods': size=120000Kb used=876Kb max_used=876Kb free=119123Kb
 bounds [0x000001ae2c210000, 0x000001ae2c480000, 0x000001ae33740000]
CodeHeap 'non-nmethods': size=5760Kb used=1509Kb max_used=1523Kb free=4250Kb
 bounds [0x000001ae2bc70000, 0x000001ae2bee0000, 0x000001ae2c210000]
 total_blobs=1526 nmethods=611 adapters=829
 compilation: enabled
              stopped_count=0, restarted_count=0
 full_count=0

Compilation events (20 events):
Event: 1.327 Thread 0x000001ae41bd8be0  598       3       java.util.HashMap::containsKey (14 bytes)
Event: 1.328 Thread 0x000001ae41bd8be0 nmethod 598 0x000001ae2c2e9690 code [0x000001ae2c2e9840, 0x000001ae2c2e99e8]
Event: 1.328 Thread 0x000001ae41bd8be0  599       3       java.util.HashSet::contains (9 bytes)
Event: 1.328 Thread 0x000001ae41bd8be0 nmethod 599 0x000001ae2c2e9a90 code [0x000001ae2c2e9c40, 0x000001ae2c2e9ec8]
Event: 1.329 Thread 0x000001ae41bcb100  600       4       org.lwjgl.system.MemoryStack::pop (22 bytes)
Event: 1.330 Thread 0x000001ae41bcb100 nmethod 600 0x000001ae3376e390 code [0x000001ae3376e500, 0x000001ae3376e5d8]
Event: 1.333 Thread 0x000001ae41bd8be0  601       3       org.lwjgl.system.Checks::checkFunctions (81 bytes)
Event: 1.334 Thread 0x000001ae41bd8be0 nmethod 601 0x000001ae2c2e9f90 code [0x000001ae2c2ea180, 0x000001ae2c2ea608]
Event: 1.409 Thread 0x000001ae41bd8be0  602       1       org.lwjgl.system.CustomBuffer::limit (5 bytes)
Event: 1.409 Thread 0x000001ae41bd8be0 nmethod 602 0x000001ae3376e690 code [0x000001ae3376e820, 0x000001ae3376e8f8]
Event: 1.409 Thread 0x000001ae41bcb100  603       4       org.lwjgl.PointerBuffer::get (22 bytes)
Event: 1.411 Thread 0x000001ae41bcb100 nmethod 603 0x000001ae3376e990 code [0x000001ae3376eb00, 0x000001ae3376ebd8]
Event: 1.438 Thread 0x000001ae41bd8be0  605       3       org.lwjgl.glfw.GLFW::glfwWindowShouldClose (29 bytes)
Event: 1.439 Thread 0x000001ae41bd8be0 nmethod 605 0x000001ae2c2ea810 code [0x000001ae2c2ea9e0, 0x000001ae2c2eacd8]
Event: 1.439 Thread 0x000001ae41bd8be0  607       3       org.lwjgl.glfw.GLFW::glfwPollEvents (9 bytes)
Event: 1.439 Thread 0x000001ae41bd8be0 nmethod 607 0x000001ae2c2eae10 code [0x000001ae2c2eafa0, 0x000001ae2c2eb0c8]
Event: 1.537 Thread 0x000001ae41bcb100  610       4       org.lwjgl.glfw.GLFW::glfwWindowShouldClose (29 bytes)
Event: 1.538 Thread 0x000001ae41bcb100 nmethod 610 0x000001ae3376fc90 code [0x000001ae3376fe20, 0x000001ae3376fee8]
Event: 1.538 Thread 0x000001ae41bcb100  611       4       org.lwjgl.glfw.GLFW::glfwPollEvents (9 bytes)
Event: 1.539 Thread 0x000001ae41bcb100 nmethod 611 0x000001ae33770010 code [0x000001ae337701a0, 0x000001ae33770228]

GC Heap History (0 events):
No events

Deoptimization events (14 events):
Event: 0.532 Thread 0x000001ae2249e810 DEOPT PACKING pc=0x000001ae2c2255e7 sp=0x00000001a5ffaa00
Event: 0.532 Thread 0x000001ae2249e810 DEOPT UNPACKING pc=0x000001ae2bcc2b24 sp=0x00000001a5ff9e20 mode 0
Event: 0.625 Thread 0x000001ae2249e810 Uncommon trap: trap_request=0xffffff45 fr.pc=0x000001ae3375c464 relative=0x0000000000000064
Event: 0.625 Thread 0x000001ae2249e810 Uncommon trap: reason=unstable_if action=reinterpret pc=0x000001ae3375c464 method=java.io.WinNTFileSystem.isSlash(C)Z @ 9 c2
Event: 0.625 Thread 0x000001ae2249e810 DEOPT PACKING pc=0x000001ae3375c464 sp=0x00000001a5ffb710
Event: 0.625 Thread 0x000001ae2249e810 DEOPT UNPACKING pc=0x000001ae2bcc239d sp=0x00000001a5ffb698 mode 2
Event: 1.206 Thread 0x000001ae2249e810 Uncommon trap: trap_request=0xffffff54 fr.pc=0x000001ae3376b9e0 relative=0x0000000000000060
Event: 1.206 Thread 0x000001ae2249e810 Uncommon trap: reason=speculate_null_assert action=make_not_entrant pc=0x000001ae3376b9e0 method=sun.misc.Unsafe.putLong(Ljava/lang/Object;JJ)V @ 7 c2
Event: 1.206 Thread 0x000001ae2249e810 DEOPT PACKING pc=0x000001ae3376b9e0 sp=0x00000001a5ffec50
Event: 1.206 Thread 0x000001ae2249e810 DEOPT UNPACKING pc=0x000001ae2bcc239d sp=0x00000001a5ffebc8 mode 2
Event: 1.297 Thread 0x000001ae2249e810 Uncommon trap: trap_request=0xffffff5c fr.pc=0x000001ae3376ced8 relative=0x0000000000000058
Event: 1.297 Thread 0x000001ae2249e810 Uncommon trap: reason=speculate_null_check action=make_not_entrant pc=0x000001ae3376ced8 method=sun.misc.Unsafe.getLong(Ljava/lang/Object;J)J @ 5 c2
Event: 1.297 Thread 0x000001ae2249e810 DEOPT PACKING pc=0x000001ae3376ced8 sp=0x00000001a5ffebd0
Event: 1.297 Thread 0x000001ae2249e810 DEOPT UNPACKING pc=0x000001ae2bcc239d sp=0x00000001a5ffeb48 mode 2

Classes unloaded (0 events):
No events

Classes redefined (0 events):
No events

Internal exceptions (20 events):
Event: 0.412 Thread 0x000001ae2249e810 Exception <a 'java/lang/NoSuchMethodError'{0x0000000089bc6300}: 'java.lang.Object java.lang.invoke.DirectMethodHandle$Holder.invokeStaticInit(java.lang.Object)'> (0x0000000089bc6300) 
thrown [t:\workspace\open\src\hotspot\share\interpreter\linkResolver.cpp, line 766]
Event: 0.481 Thread 0x000001ae2249e810 Exception <a 'java/lang/NoSuchMethodError'{0x0000000089a173d0}: 'void java.lang.invoke.DirectMethodHandle$Holder.invokeStatic(java.lang.Object, java.lang.Object)'> (0x0000000089a173d0) 
thrown [t:\workspace\open\src\hotspot\share\interpreter\linkResolver.cpp, line 766]
Event: 0.492 Thread 0x000001ae2249e810 Exception <a 'java/lang/NoSuchMethodError'{0x0000000089a1cc18}: 'void java.lang.invoke.DirectMethodHandle$Holder.invokeSpecial(java.lang.Object, java.lang.Object, java.lang.Object)'> (0x0000000089a1cc18) 
thrown [t:\workspace\open\src\hotspot\share\interpreter\linkResolver.cpp, line 766]
Event: 0.509 Thread 0x000001ae2249e810 Exception <a 'java/lang/NoSuchMethodError'{0x0000000089a2e8e0}: 'java.lang.Object java.lang.invoke.DirectMethodHandle$Holder.invokeStatic(java.lang.Object, java.lang.Object, int)'> (0x0000000089a2e8e0) 
thrown [t:\workspace\open\src\hotspot\share\interpreter\linkResolver.cpp, line 766]
Event: 0.514 Thread 0x000001ae2249e810 Exception <a 'java/lang/NoSuchMethodError'{0x0000000089a3a5d0}: 'void java.lang.invoke.DelegatingMethodHandle$Holder.delegate(java.lang.Object, java.lang.Object, int, java.lang.Object)'> (0x0000000089a3a5d0) 
thrown [t:\workspace\open\src\hotspot\share\interpreter\linkResolver.cpp, line 766]
Event: 0.516 Thread 0x000001ae2249e810 Exception <a 'java/lang/NoSuchMethodError'{0x0000000089a3e810}: 'int java.lang.invoke.DirectMethodHandle$Holder.invokeSpecial(java.lang.Object, java.lang.Object, java.lang.Object)'> (0x0000000089a3e810) 
thrown [t:\workspace\open\src\hotspot\share\interpreter\linkResolver.cpp, line 766]
Event: 0.650 Thread 0x000001ae2249e810 Exception <a 'sun/nio/fs/WindowsException'{0x0000000089ab75f8}> (0x0000000089ab75f8) 
thrown [t:\workspace\open\src\hotspot\share\prims\jni.cpp, line 516]
Event: 0.651 Thread 0x000001ae2249e810 Exception <a 'sun/nio/fs/WindowsException'{0x0000000089ab7b88}> (0x0000000089ab7b88) 
thrown [t:\workspace\open\src\hotspot\share\prims\jni.cpp, line 516]
Event: 0.693 Thread 0x000001ae2249e810 Exception <a 'java/lang/NoSuchMethodError'{0x0000000089af11c0}: 'int java.lang.invoke.DirectMethodHandle$Holder.invokeStaticInit(java.lang.Object, java.lang.Object, int, long)'> (0x0000000089af11c0) 
thrown [t:\workspace\open\src\hotspot\share\interpreter\linkResolver.cpp, line 766]
Event: 0.695 Thread 0x000001ae2249e810 Exception <a 'java/lang/NoSuchMethodError'{0x0000000089af6a88}: 'java.lang.Object java.lang.invoke.DirectMethodHandle$Holder.newInvokeSpecial(java.lang.Object, java.lang.Object, int)'> (0x0000000089af6a88) 
thrown [t:\workspace\open\src\hotspot\share\interpreter\linkResolver.cpp, line 766]
Event: 0.702 Thread 0x000001ae2249e810 Exception <a 'java/lang/NoSuchMethodError'{0x00000000899077e8}: 'int java.lang.invoke.DirectMethodHandle$Holder.invokeStaticInit(java.lang.Object, java.lang.Object, long, long)'> (0x00000000899077e8) 
thrown [t:\workspace\open\src\hotspot\share\interpreter\linkResolver.cpp, line 766]
Event: 0.704 Thread 0x000001ae2249e810 Exception <a 'java/lang/NoSuchMethodError'{0x000000008990d570}: 'java.lang.Object java.lang.invoke.DirectMethodHandle$Holder.newInvokeSpecial(java.lang.Object, java.lang.Object, long)'> (0x000000008990d570) 
thrown [t:\workspace\open\src\hotspot\share\interpreter\linkResolver.cpp, line 766]
Event: 0.706 Thread 0x000001ae2249e810 Exception <a 'java/lang/NoSuchMethodError'{0x0000000089910e38}: 'java.lang.Object java.lang.invoke.Invokers$Holder.linkToTargetMethod(java.lang.Object, long, java.lang.Object)'> (0x0000000089910e38) 
thrown [t:\workspace\open\src\hotspot\share\interpreter\linkResolver.cpp, line 766]
Event: 0.708 Thread 0x000001ae2249e810 Exception <a 'java/lang/NoSuchMethodError'{0x0000000089918308}: 'int java.lang.invoke.DirectMethodHandle$Holder.invokeStaticInit(java.lang.Object, java.lang.Object, java.lang.Object, long)'> (0x0000000089918308) 
thrown [t:\workspace\open\src\hotspot\share\interpreter\linkResolver.cpp, line 766]
Event: 0.780 Thread 0x000001ae2249e810 Exception <a 'sun/nio/fs/WindowsException'{0x00000000899da390}> (0x00000000899da390) 
thrown [t:\workspace\open\src\hotspot\share\prims\jni.cpp, line 516]
Event: 0.780 Thread 0x000001ae2249e810 Exception <a 'sun/nio/fs/WindowsException'{0x00000000899da738}> (0x00000000899da738) 
thrown [t:\workspace\open\src\hotspot\share\prims\jni.cpp, line 516]
Event: 1.094 Thread 0x000001ae2249e810 Exception <a 'sun/nio/fs/WindowsException'{0x000000008985ef30}> (0x000000008985ef30) 
thrown [t:\workspace\open\src\hotspot\share\prims\jni.cpp, line 516]
Event: 1.094 Thread 0x000001ae2249e810 Exception <a 'sun/nio/fs/WindowsException'{0x000000008985f310}> (0x000000008985f310) 
thrown [t:\workspace\open\src\hotspot\share\prims\jni.cpp, line 516]
Event: 1.126 Thread 0x000001ae2249e810 Exception <a 'sun/nio/fs/WindowsException'{0x0000000089866d70}> (0x0000000089866d70) 
thrown [t:\workspace\open\src\hotspot\share\prims\jni.cpp, line 516]
Event: 1.126 Thread 0x000001ae2249e810 Exception <a 'sun/nio/fs/WindowsException'{0x0000000089867090}> (0x0000000089867090) 
thrown [t:\workspace\open\src\hotspot\share\prims\jni.cpp, line 516]

VM Operations (6 events):
Event: 0.179 Executing VM operation: HandshakeAllThreads
Event: 0.179 Executing VM operation: HandshakeAllThreads done
Event: 0.624 Executing VM operation: HandshakeAllThreads
Event: 0.624 Executing VM operation: HandshakeAllThreads done
Event: 1.633 Executing VM operation: Cleanup
Event: 1.633 Executing VM operation: Cleanup done

Events (20 events):
Event: 0.713 loading class java/nio/BufferUnderflowException done
Event: 0.782 loading class java/lang/NoSuchFieldError
Event: 0.783 loading class java/lang/NoSuchFieldError done
Event: 0.792 loading class jdk/internal/reflect/UnsafeQualifiedStaticIntegerFieldAccessorImpl
Event: 0.792 loading class jdk/internal/reflect/UnsafeQualifiedStaticIntegerFieldAccessorImpl done
Event: 1.093 loading class jdk/internal/misc/ScopedMemoryAccess$Scope
Event: 1.093 loading class jdk/internal/misc/ScopedMemoryAccess$Scope done
Event: 1.100 Loaded shared library C:\Users\p.gutsche\AppData\Local\Temp\lwjglp.gutsche\3.3.1-build-7\lwjgl_opengl.dll
Event: 1.147 loading class jdk/internal/module/ModulePatcher$PatchedModuleReader
Event: 1.147 loading class jdk/internal/module/ModulePatcher$PatchedModuleReader done
Event: 1.148 loading class sun/net/www/protocol/jrt/Handler
Event: 1.148 loading class sun/net/www/protocol/jrt/Handler done
Event: 1.164 loading class sun/util/resources/LocaleData$CommonResourceBundleProvider
Event: 1.164 loading class sun/util/resources/LocaleData$LocaleDataResourceBundleProvider
Event: 1.164 loading class java/util/spi/ResourceBundleProvider
Event: 1.164 loading class java/util/spi/ResourceBundleProvider done
Event: 1.164 loading class sun/util/resources/LocaleData$LocaleDataResourceBundleProvider done
Event: 1.164 loading class sun/util/resources/LocaleData$CommonResourceBundleProvider done
Event: 1.166 loading class sun/util/resources/Bundles$2
Event: 1.167 loading class sun/util/resources/Bundles$2 done


Dynamic libraries:
0x00007ff6ae7a0000 - 0x00007ff6ae7ae000 	C:\Users\p.gutsche\.jdks\openjdk-17\bin\java.exe
0x00007ffebbb80000 - 0x00007ffebbd89000 	C:\WINDOWS\SYSTEM32\ntdll.dll
0x00007ffeba920000 - 0x00007ffeba9dd000 	C:\WINDOWS\System32\KERNEL32.DLL
0x00007ffeb9470000 - 0x00007ffeb97e9000 	C:\WINDOWS\System32\KERNELBASE.dll
0x00007ffeb90f0000 - 0x00007ffeb9201000 	C:\WINDOWS\System32\ucrtbase.dll
0x00007ffeb51b0000 - 0x00007ffeb51c8000 	C:\Users\p.gutsche\.jdks\openjdk-17\bin\jli.dll
0x00007ffea1c70000 - 0x00007ffea1c8a000 	C:\Users\p.gutsche\.jdks\openjdk-17\bin\VCRUNTIME140.dll
0x00007ffebac40000 - 0x00007ffebadec000 	C:\WINDOWS\System32\USER32.dll
0x00007ffeb9320000 - 0x00007ffeb9346000 	C:\WINDOWS\System32\win32u.dll
0x00007ffebb430000 - 0x00007ffebb459000 	C:\WINDOWS\System32\GDI32.dll
0x00007ffea30e0000 - 0x00007ffea3385000 	C:\WINDOWS\WinSxS\amd64_microsoft.windows.common-controls_6595b64144ccf1df_6.0.22000.120_none_9d947278b86cc467\COMCTL32.dll
0x00007ffeb9350000 - 0x00007ffeb9462000 	C:\WINDOWS\System32\gdi32full.dll
0x00007ffeb9f20000 - 0x00007ffeb9fc3000 	C:\WINDOWS\System32\msvcrt.dll
0x00007ffeb9280000 - 0x00007ffeb931d000 	C:\WINDOWS\System32\msvcp_win.dll
0x00007ffebac00000 - 0x00007ffebac31000 	C:\WINDOWS\System32\IMM32.DLL
0x00007ffeb3d70000 - 0x00007ffeb3d7c000 	C:\Users\p.gutsche\.jdks\openjdk-17\bin\vcruntime140_1.dll
0x00007ffe983f0000 - 0x00007ffe9847d000 	C:\Users\p.gutsche\.jdks\openjdk-17\bin\msvcp140.dll
0x00007ffe5ac40000 - 0x00007ffe5b7fe000 	C:\Users\p.gutsche\.jdks\openjdk-17\bin\server\jvm.dll
0x00007ffeb9e60000 - 0x00007ffeb9f0e000 	C:\WINDOWS\System32\ADVAPI32.dll
0x00007ffebb8d0000 - 0x00007ffebb96e000 	C:\WINDOWS\System32\sechost.dll
0x00007ffebb310000 - 0x00007ffebb430000 	C:\WINDOWS\System32\RPCRT4.dll
0x00007ffeb9bb0000 - 0x00007ffeb9bb8000 	C:\WINDOWS\System32\PSAPI.DLL
0x00007ffe5bd20000 - 0x00007ffe5bd29000 	C:\WINDOWS\SYSTEM32\WSOCK32.dll
0x00007ffeb0db0000 - 0x00007ffeb0de3000 	C:\WINDOWS\SYSTEM32\WINMM.dll
0x00007ffeb9bd0000 - 0x00007ffeb9c3f000 	C:\WINDOWS\System32\WS2_32.dll
0x00007ffeaad50000 - 0x00007ffeaad5a000 	C:\WINDOWS\SYSTEM32\VERSION.dll
0x00007ffeb8150000 - 0x00007ffeb8168000 	C:\WINDOWS\SYSTEM32\kernel.appcore.dll
0x00007ffeb0e90000 - 0x00007ffeb0e9a000 	C:\Users\p.gutsche\.jdks\openjdk-17\bin\jimage.dll
0x00007ffea8da0000 - 0x00007ffea8fc1000 	C:\WINDOWS\SYSTEM32\DBGHELP.DLL
0x00007ffe99900000 - 0x00007ffe99931000 	C:\WINDOWS\SYSTEM32\dbgcore.DLL
0x00007ffeb9070000 - 0x00007ffeb90ef000 	C:\WINDOWS\System32\bcryptPrimitives.dll
0x00007ffe9f3c0000 - 0x00007ffe9f3e5000 	C:\Users\p.gutsche\.jdks\openjdk-17\bin\java.dll
0x00007ffe97790000 - 0x00007ffe97866000 	C:\Users\p.gutsche\.jdks\openjdk-17\bin\svml.dll
0x00007ffeba170000 - 0x00007ffeba91f000 	C:\WINDOWS\System32\SHELL32.dll
0x00007ffeb70e0000 - 0x00007ffeb7948000 	C:\WINDOWS\SYSTEM32\windows.storage.dll
0x00007ffebaf90000 - 0x00007ffebb308000 	C:\WINDOWS\System32\combase.dll
0x00007ffeb6f70000 - 0x00007ffeb70d6000 	C:\WINDOWS\SYSTEM32\wintypes.dll
0x00007ffeba080000 - 0x00007ffeba16a000 	C:\WINDOWS\System32\SHCORE.dll
0x00007ffebaba0000 - 0x00007ffebabfd000 	C:\WINDOWS\System32\shlwapi.dll
0x00007ffeb8fa0000 - 0x00007ffeb8fc1000 	C:\WINDOWS\SYSTEM32\profapi.dll
0x00007ffe9f8b0000 - 0x00007ffe9f8c9000 	C:\Users\p.gutsche\.jdks\openjdk-17\bin\net.dll
0x00007ffeb8170000 - 0x00007ffeb827c000 	C:\WINDOWS\SYSTEM32\WINHTTP.dll
0x00007ffeb8690000 - 0x00007ffeb86f7000 	C:\WINDOWS\system32\mswsock.dll
0x00007ffe9f870000 - 0x00007ffe9f885000 	C:\Users\p.gutsche\.jdks\openjdk-17\bin\nio.dll
0x00007ffe9f700000 - 0x00007ffe9f718000 	C:\Users\p.gutsche\.jdks\openjdk-17\bin\zip.dll
0x00007ffe9dfc0000 - 0x00007ffe9e035000 	C:\Users\p.gutsche\AppData\Local\Temp\lwjglp.gutsche\3.3.1-build-7\lwjgl.dll
0x00007ffe9f260000 - 0x00007ffe9f2c1000 	C:\Users\P72B6~1.GUT\AppData\Local\Temp\lwjglp.gutsche\3.3.1-build-7\glfw.dll
0x00007ffe9d630000 - 0x00007ffe9d675000 	C:\WINDOWS\SYSTEM32\dinput8.dll
0x00007ffe9f1e0000 - 0x00007ffe9f1f1000 	C:\WINDOWS\SYSTEM32\xinput1_4.dll
0x00007ffeb8d90000 - 0x00007ffeb8ddc000 	C:\WINDOWS\SYSTEM32\cfgmgr32.dll
0x00007ffeb8d40000 - 0x00007ffeb8d6c000 	C:\WINDOWS\SYSTEM32\DEVOBJ.dll
0x00007ffeb6a40000 - 0x00007ffeb6a6f000 	C:\WINDOWS\SYSTEM32\dwmapi.dll
0x00007ffeaa2e0000 - 0x00007ffeaa4a9000 	C:\WINDOWS\SYSTEM32\inputhost.dll
0x00007ffeb6230000 - 0x00007ffeb6362000 	C:\WINDOWS\SYSTEM32\CoreMessaging.dll
0x00007ffeb6650000 - 0x00007ffeb66fc000 	C:\WINDOWS\system32\uxtheme.dll
0x00007ffeb88f0000 - 0x00007ffeb88fc000 	C:\WINDOWS\SYSTEM32\CRYPTBASE.DLL
0x00007ffeb9a30000 - 0x00007ffeb9b4e000 	C:\WINDOWS\System32\MSCTF.dll
0x00007ffe8a990000 - 0x00007ffe8aa91000 	C:\WINDOWS\SYSTEM32\opengl32.dll
0x00007ffe8a8e0000 - 0x00007ffe8a90d000 	C:\WINDOWS\SYSTEM32\GLU32.dll
0x00007ffeb6880000 - 0x00007ffeb68b8000 	C:\WINDOWS\SYSTEM32\dxcore.dll
0x00007ffeb3cb0000 - 0x00007ffeb3cf4000 	C:\WINDOWS\SYSTEM32\directxdatabasehelper.dll
0x00007ffeb6900000 - 0x00007ffeb6934000 	C:\WINDOWS\SYSTEM32\ntmarta.dll
0x00007ffe59c70000 - 0x00007ffe5ac35000 	C:\Windows\System32\DriverStore\FileRepository\iigd_dch.inf_amd64_dc16e5f1dbf8051f\ig9icd64.dll
0x00007ffeb9c40000 - 0x00007ffeb9dda000 	C:\WINDOWS\System32\ole32.dll
0x00007ffeb6740000 - 0x00007ffeb6833000 	C:\WINDOWS\system32\dxgi.dll
0x00007ffeae8c0000 - 0x00007ffeaeaff000 	C:\Windows\System32\DriverStore\FileRepository\iigd_dch.inf_amd64_dc16e5f1dbf8051f\igdgmm64.dll
0x00007ffeabc50000 - 0x00007ffeae8b2000 	C:\Windows\System32\DriverStore\FileRepository\iigd_dch.inf_amd64_dc16e5f1dbf8051f\igc64.dll
0x00007ffeb7960000 - 0x00007ffeb79ad000 	C:\WINDOWS\SYSTEM32\powrprof.dll
0x00007ffeb7a50000 - 0x00007ffeb7a63000 	C:\WINDOWS\SYSTEM32\UMPDC.dll
0x00007ffe47e80000 - 0x00007ffe48295000 	C:\Windows\System32\DriverStore\FileRepository\iigd_dch.inf_amd64_dc16e5f1dbf8051f\igdml64.dll
0x00007ffeaa090000 - 0x00007ffeaa1bd000 	C:\WINDOWS\SYSTEM32\textinputframework.dll
0x00007ffebba60000 - 0x00007ffebbb36000 	C:\WINDOWS\System32\OLEAUT32.dll
0x00007ffeb34a0000 - 0x00007ffeb380d000 	C:\WINDOWS\SYSTEM32\CoreUIComponents.dll
0x00007ffe9ba70000 - 0x00007ffe9bad9000 	C:\WINDOWS\system32\Oleacc.dll
0x00007ffe97310000 - 0x00007ffe9736d000 	C:\Users\p.gutsche\AppData\Local\Temp\lwjglp.gutsche\3.3.1-build-7\lwjgl_opengl.dll

dbghelp: loaded successfully - version: 4.0.5 - missing functions: none
symbol engine: initialized successfully - sym options: 0x614 - pdb path: .;C:\Users\p.gutsche\.jdks\openjdk-17\bin;C:\WINDOWS\SYSTEM32;C:\WINDOWS\WinSxS\amd64_microsoft.windows.common-controls_6595b64144ccf1df_6.0.22000.120_none_9d947278b86cc467;C:\Users\p.gutsche\.jdks\openjdk-17\bin\server;C:\Users\p.gutsche\AppData\Local\Temp\lwjglp.gutsche\3.3.1-build-7;C:\Users\P72B6~1.GUT\AppData\Local\Temp\lwjglp.gutsche\3.3.1-build-7;C:\Windows\System32\DriverStore\FileRepository\iigd_dch.inf_amd64_dc16e5f1dbf8051f

VM Arguments:
jvm_args: -Dfile.encoding=windows-1252 -Duser.country=DE -Duser.language=de -Duser.variant 
java_command: Main
java_class_path (initial): C:\Users\p.gutsche\Desktop\Java Development\Java Game Engine\build\classes\java\main;C:\Users\p.gutsche\Desktop\Java Development\Java Game Engine\build\resources\main;C:\Users\p.gutsche\.gradle\caches\modules-2\files-2.1\org.lwjgl\lwjgl-assimp\3.3.1\312072f451794f25670aebb0160ce6ec88aff842\lwjgl-assimp-3.3.1.jar;C:\Users\p.gutsche\.gradle\caches\modules-2\files-2.1\org.lwjgl\lwjgl-assimp\3.3.1\bfa2a0d57acbf952b716d0ad8a3acbd7ad9f5639\lwjgl-assimp-3.3.1-natives-windows.jar;C:\Users\p.gutsche\.gradle\caches\modules-2\files-2.1\org.lwjgl\lwjgl-glfw\3.3.1\cbac1b8d30cb4795149c1ef540f912671a8616d0\lwjgl-glfw-3.3.1.jar;C:\Users\p.gutsche\.gradle\caches\modules-2\files-2.1\org.lwjgl\lwjgl-glfw\3.3.1\ed892f945cf7e79c8756796f32d00fa4ceaf573b\lwjgl-glfw-3.3.1-natives-windows.jar;C:\Users\p.gutsche\.gradle\caches\modules-2\files-2.1\org.lwjgl\lwjgl-nfd\3.3.1\622318116996ddcff449b46cb38f0fdee39b8ac3\lwjgl-nfd-3.3.1.jar;C:\Users\p.gutsche\.gradle\caches\modules-2\files-2.1\org.lwjgl\lwjgl-nfd\3.3.1\869fe532a50455e8b2d924f498bfb95f80b41aed\lwjgl-nfd-3.3.1-natives-windows.jar;C:\Users\p.gutsche\.gradle\caches\modules-2\files-2.1\org.lwjgl\lwjgl-openal\3.3.1\2623a6b8ae1dfcd880738656a9f0243d2e6840bd\lwjgl-openal-3.3.1.jar;C:\Users\p.gutsche\.gradle\caches\modules-2\files-2.1\org.lwjgl\lwjgl-openal\3.3.1\30a474d0e57193d7bc128849a3ab66bc9316fdb1\lwjgl-openal-3.3.1-natives-windows.jar;C:\Users\p.gutsche\.gradle\caches\modules-2\files-2.1\org.lwjgl\lwjgl-opengl\3.3.1\831a5533a21a5f4f81bbc51bb13e9899319b5411\lwjgl-opengl-3.3.1.jar;C:\Users\p.gutsche\.gradle\caches\modules-2\files-2.1\org.lwjgl\lwjgl-opengl\3.3.1\c1807e9bd571402787d7e37e3029776ae2513bb8\lwjgl-opengl-3.3.1-natives-windows.jar;C:\Users\p.gutsche\.gradle\caches\modules-2\files-2.1\org.lwjgl\lwjgl-stb\3.3.1\b119297cf8ed01f247abe8685857f8e7fcf5980f\lwjgl-stb-3.3.1.jar;C:\Users\p.gutsche\.gradle\caches\modules-2\files-2.1\org.lwjgl\lwjgl-stb\3.3.1\86315914ac119efdb02dc9e8e978ade84f1702af\lwjgl-stb-3.
Launcher Type: SUN_STANDARD

[Global flags]
     intx CICompilerCount                          = 3                                         {product} {ergonomic}
     uint ConcGCThreads                            = 1                                         {product} {ergonomic}
     uint G1ConcRefinementThreads                  = 4                                         {product} {ergonomic}
   size_t G1HeapRegionSize                         = 1048576                                   {product} {ergonomic}
    uintx GCDrainStackTargetSize                   = 64                                        {product} {ergonomic}
   size_t InitialHeapSize                          = 132120576                                 {product} {ergonomic}
   size_t MarkStackSize                            = 4194304                                   {product} {ergonomic}
   size_t MaxHeapSize                              = 2113929216                                {product} {ergonomic}
   size_t MaxNewSize                               = 1267728384                                {product} {ergonomic}
   size_t MinHeapDeltaBytes                        = 1048576                                   {product} {ergonomic}
   size_t MinHeapSize                              = 8388608                                   {product} {ergonomic}
    uintx NonNMethodCodeHeapSize                   = 5832780                                {pd product} {ergonomic}
    uintx NonProfiledCodeHeapSize                  = 122912730                              {pd product} {ergonomic}
    uintx ProfiledCodeHeapSize                     = 122912730                              {pd product} {ergonomic}
    uintx ReservedCodeCacheSize                    = 251658240                              {pd product} {ergonomic}
     bool SegmentedCodeCache                       = true                                      {product} {ergonomic}
   size_t SoftMaxHeapSize                          = 2113929216                             {manageable} {ergonomic}
     bool UseCompressedClassPointers               = true                           {product lp64_product} {ergonomic}
     bool UseCompressedOops                        = true                           {product lp64_product} {ergonomic}
     bool UseG1GC                                  = true                                      {product} {ergonomic}
     bool UseLargePagesIndividualAllocation        = false                                  {pd product} {ergonomic}

Logging:
Log output configuration:
 #0: stdout all=warning uptime,level,tags
 #1: stderr all=off uptime,level,tags

Environment Variables:
PATH=C:\Program Files (x86)\Common Files\Oracle\Java\javapath;C:\WINDOWS\system32;C:\WINDOWS;C:\WINDOWS\System32\Wbem;C:\WINDOWS\System32\WindowsPowerShell\v1.0\;C:\WINDOWS\System32\OpenSSH\;C:\Program Files\PuTTY\;C:\Program Files\dotnet\;C:\Program Files (x86)\dotnet\;C:\Users\p.gutsche\AppData\Local\Microsoft\WindowsApps;C:\Users\p.gutsche\.dotnet\tools;;C:\Program Files\JetBrains\PyCharm Community Edition 2021.2.3\bin;;C:\Users\p.gutsche\AppData\Local\Programs\Microsoft VS Code\bin;C:\Program Files\JetBrains\PyCharm 2021.3.2\bin;
USERNAME=p.gutsche
OS=Windows_NT
PROCESSOR_IDENTIFIER=Intel64 Family 6 Model 142 Stepping 9, GenuineIntel



---------------  S Y S T E M  ---------------

OS:
 Windows 10 , 64 bit Build 22000 (10.0.22000.675)
OS uptime: 6 days 21:22 hours

CPU: total 4 (initial active 4) (2 cores per cpu, 2 threads per core) family 6 model 142 stepping 9 microcode 0xec, cx8, cmov, fxsr, ht, mmx, 3dnowpref, sse, sse2, sse3, ssse3, sse4.1, sse4.2, popcnt, lzcnt, tsc, tscinvbit, aes, erms, clmul, clflush, clflushopt

Memory: 4k page, system-wide physical 8061M (655M free)
TotalPageFile size 18068M (AvailPageFile size 6525M)
current process WorkingSet (physical memory assigned to process): 110M, peak: 110M
current process commit charge ("private bytes"): 216M, peak: 216M

vm_info: OpenJDK 64-Bit Server VM (17+35-2724) for windows-amd64 JRE (17+35-2724), built on Aug  5 2021 23:26:02 by "mach5one" with MS VC++ 16.8 (VS2019)

END.
