#
# A fatal error has been detected by the Java Runtime Environment:
#
#  EXCEPTION_ACCESS_VIOLATION (0xc0000005) at pc=0x00007ffbe7aec2b6, pid=5260, tid=7904
#
# JRE version: Java(TM) SE Runtime Environment (17.0.1+12) (build 17.0.1+12-LTS-39)
# Java VM: Java HotSpot(TM) 64-Bit Server VM (17.0.1+12-LTS-39, mixed mode, sharing, tiered, compressed oops, compressed class ptrs, g1 gc, windows-amd64)
# Problematic frame:
# C  [ntdll.dll+0x4c2b6]
#
# No core dump will be written. Minidumps are not enabled by default on client versions of Windows
#
# If you would like to submit a bug report, please visit:
#   https://bugreport.java.com/bugreport/crash.jsp
# The crash happened outside the Java Virtual Machine in native code.
# See problematic frame for where to report the bug.
#

---------------  S U M M A R Y ------------

Command Line: -Dfile.encoding=windows-1252 -Duser.country=DE -Duser.language=de -Duser.variant Main

Host: AMD Ryzen 5 3600 6-Core Processor              , 12 cores, 31G,  Windows 10 , 64 bit Build 22000 (10.0.22000.675)
Time: Mon May 30 21:10:27 2022 Mitteleuropäische Sommerzeit elapsed time: 0.148968 seconds (0d 0h 0m 0s)

---------------  T H R E A D  ---------------

Current thread (0x0000020f55b0c550):  JavaThread "main" [_thread_in_native, id=7904, stack(0x000000261e200000,0x000000261e300000)]

Stack: [0x000000261e200000,0x000000261e300000],  sp=0x000000261e2fe778,  free space=1017k
Native frames: (J=compiled Java code, j=interpreted, Vv=VM code, C=native code)
C  [ntdll.dll+0x4c2b6]

Java frames: (J=compiled Java code, j=interpreted, Vv=VM code)
j  org.lwjgl.system.JNI.invokePPPP(IIJJJJ)J+0
j  org.lwjgl.glfw.GLFW.nglfwCreateWindow(IIJJJ)J+14
j  org.lwjgl.glfw.GLFW.glfwCreateWindow(IILjava/lang/CharSequence;JJ)J+34
j  jade.Window.init()V+62
j  jade.Window.run()V+15
j  Main.main([Ljava/lang/String;)V+5
v  ~StubRoutines::call_stub

siginfo: EXCEPTION_ACCESS_VIOLATION (0xc0000005), reading address 0x0000000000000109


Register to memory mapping:

RIP=0x00007ffbe7aec2b6 ntdll.dll
RAX=0x0 is NULL
RBX=0x000000261e2fe800 is pointing into the stack for thread: 0x0000020f55b0c550
RCX=0x000000261e2fe7a0 is pointing into the stack for thread: 0x0000020f55b0c550
RDX=0x0000000000000109 is an unknown value
RSP=0x000000261e2fe778 is pointing into the stack for thread: 0x0000020f55b0c550
RBP=0x0 is NULL
RSI=0x00000000000000dc is an unknown value
RDI=0x000000261e2fe970 is pointing into the stack for thread: 0x0000020f55b0c550
R8 =0x0 is NULL
R9 =0x0000000000000004 is an unknown value
R10=0x0 is NULL
R11=0x000000261e2fe800 is pointing into the stack for thread: 0x0000020f55b0c550
R12=0x00000000ffffffff is an unknown value
R13=0x0 is NULL
R14=0x0 is NULL
R15=0x0000000000000004 is an unknown value


Registers:
RAX=0x0000000000000000, RBX=0x000000261e2fe800, RCX=0x000000261e2fe7a0, RDX=0x0000000000000109
RSP=0x000000261e2fe778, RBP=0x0000000000000000, RSI=0x00000000000000dc, RDI=0x000000261e2fe970
R8 =0x0000000000000000, R9 =0x0000000000000004, R10=0x0000000000000000, R11=0x000000261e2fe800
R12=0x00000000ffffffff, R13=0x0000000000000000, R14=0x0000000000000000, R15=0x0000000000000004
RIP=0x00007ffbe7aec2b6, EFLAGS=0x0000000000010256

Top of Stack: (sp=0x000000261e2fe778)
0x000000261e2fe778:   00007ffbe5a07e86 0000020f55b0c550
0x000000261e2fe788:   0000000000000000 0000000000000000
0x000000261e2fe798:   0000000000000000 0000000000000000
0x000000261e2fe7a8:   0000000000000109 0000020f55b0c550
0x000000261e2fe7b8:   0000000086000000 0000020f7ccb2598
0x000000261e2fe7c8:   0000000000000000 000000261e2fe970
0x000000261e2fe7d8:   00007ffbd973dd30 0000000000000001
0x000000261e2fe7e8:   00000000000000dc 000000261e2fe974
0x000000261e2fe7f8:   0000000000000000 0000000000000000
0x000000261e2fe808:   0000000000000000 0000000000000000
0x000000261e2fe818:   0000000000000000 0000000000000000
0x000000261e2fe828:   0000000000000000 0000000000000000
0x000000261e2fe838:   0000000000000000 000000dc00000000
0x000000261e2fe848:   0000000000000000 0000000000000000
0x000000261e2fe858:   0000000000000000 0000000000000000
0x000000261e2fe868:   0000000000000000 0000000000000000 

Instructions: (pc=0x00007ffbe7aec2b6)
0x00007ffbe7aec1b6:   24 d0 00 00 00 48 33 cc e8 3d 74 04 00 4c 8d 9c
0x00007ffbe7aec1c6:   24 e0 00 00 00 49 8b 5b 20 49 8b 73 28 49 8b e3
0x00007ffbe7aec1d6:   5f c3 cc 41 b8 03 00 00 00 48 8d 4c 24 20 48 8b
0x00007ffbe7aec1e6:   d6 e8 04 01 00 00 85 c0 40 0f 99 c7 40 8a c7 eb
0x00007ffbe7aec1f6:   bc e8 a4 75 04 00 cc cc cc cc cc cc cc cc 48 8b
0x00007ffbe7aec206:   c4 48 89 58 08 48 89 68 10 48 89 70 18 48 89 78
0x00007ffbe7aec216:   20 41 56 48 83 ec 20 45 33 f6 48 8b f2 48 8b d9
0x00007ffbe7aec226:   48 85 c9 74 42 48 85 d2 74 3d 41 8b fe 66 44 3b
0x00007ffbe7aec236:   71 06 73 33 41 8b ee 48 8b 43 10 48 0f bf 0c 28
0x00007ffbe7aec246:   48 8b 43 18 48 8d 0c 48 48 3b ce 74 1f 48 8b d6
0x00007ffbe7aec256:   e8 45 92 04 00 85 c0 74 13 0f b7 43 06 ff c7 48
0x00007ffbe7aec266:   83 c5 02 3b f8 7c d0 83 c8 ff eb 02 8b c7 48 8b
0x00007ffbe7aec276:   5c 24 30 48 8b 6c 24 38 48 8b 74 24 40 48 8b 7c
0x00007ffbe7aec286:   24 48 48 83 c4 20 41 5e c3 cc cc cc cc cc cc cc
0x00007ffbe7aec296:   cc cc 71 8b d2 18 d3 8f ed dc 45 33 c0 4c 89 01
0x00007ffbe7aec2a6:   48 89 51 08 48 85 d2 74 2b 48 83 c8 ff 48 ff c0
0x00007ffbe7aec2b6:   66 44 39 04 42 75 f6 48 03 c0 ba fc ff 00 00 48
0x00007ffbe7aec2c6:   3d fe ff 00 00 48 0f 43 c2 66 89 01 66 83 c0 02
0x00007ffbe7aec2d6:   66 89 41 02 c3 cc cc cc cc cc cc cc cc cc cc cc
0x00007ffbe7aec2e6:   cc cc 71 69 d8 58 5c 87 85 cc 48 89 5c 24 08 48
0x00007ffbe7aec2f6:   89 6c 24 10 48 89 74 24 18 57 48 83 ec 20 41 8b
0x00007ffbe7aec306:   e8 48 8b da 48 8b f1 48 85 c9 74 71 48 85 d2 0f
0x00007ffbe7aec316:   84 75 73 07 00 41 f7 c0 fc ff ff ff 75 66 48 8b
0x00007ffbe7aec326:   3d 2d e7 12 00 48 85 ff 0f 84 66 73 07 00 48 8b
0x00007ffbe7aec336:   ce e8 5c 00 00 00 85 c0 78 33 48 63 d0 40 f6 c5
0x00007ffbe7aec346:   02 0f 84 66 73 07 00 48 8b 47 18 8b 4c d0 04 0f
0x00007ffbe7aec356:   ba f1 1f 89 0b 33 c0 48 8b 5c 24 30 48 8b 6c 24
0x00007ffbe7aec366:   38 48 8b 74 24 40 48 83 c4 20 5f c3 cc 48 8b ce
0x00007ffbe7aec376:   e8 75 34 04 00 84 c0 0f 85 61 73 07 00 b8 ef 00
0x00007ffbe7aec386:   00 c0 eb d3 b8 f1 00 00 c0 eb cc cc cc cc cc cc
0x00007ffbe7aec396:   cc cc 48 8b c4 48 89 58 08 48 89 68 10 48 89 70
0x00007ffbe7aec3a6:   18 48 89 78 20 41 56 48 83 ec 20 48 8b 05 a0 e6 


Stack slot to memory mapping:
stack at sp + 0 slots: 0x00007ffbe5a07e86 USER32.dll
stack at sp + 1 slots: 0x0000020f55b0c550 is a thread
stack at sp + 2 slots: 0x0 is NULL
stack at sp + 3 slots: 0x0 is NULL
stack at sp + 4 slots: 0x0 is NULL
stack at sp + 5 slots: 0x0 is NULL
stack at sp + 6 slots: 0x0000000000000109 is an unknown value
stack at sp + 7 slots: 0x0000020f55b0c550 is a thread


---------------  P R O C E S S  ---------------

Threads class SMR info:
_java_thread_list=0x0000020f7d3b0f80, length=13, elements={
0x0000020f55b0c550, 0x0000020f7c492d20, 0x0000020f7c493aa0, 0x0000020f7c4a9f10,
0x0000020f7c4aa7d0, 0x0000020f7c4ab090, 0x0000020f7c4ac960, 0x0000020f7d001b00,
0x0000020f7d00ca30, 0x0000020f7d00d720, 0x0000020f7d134920, 0x0000020f7d13ae10,
0x0000020f7d33b1c0
}

Java Threads: ( => current thread )
=>0x0000020f55b0c550 JavaThread "main" [_thread_in_native, id=7904, stack(0x000000261e200000,0x000000261e300000)]
  0x0000020f7c492d20 JavaThread "Reference Handler" daemon [_thread_blocked, id=19448, stack(0x000000261e900000,0x000000261ea00000)]
  0x0000020f7c493aa0 JavaThread "Finalizer" daemon [_thread_blocked, id=10308, stack(0x000000261ea00000,0x000000261eb00000)]
  0x0000020f7c4a9f10 JavaThread "Signal Dispatcher" daemon [_thread_blocked, id=12276, stack(0x000000261eb00000,0x000000261ec00000)]
  0x0000020f7c4aa7d0 JavaThread "Attach Listener" daemon [_thread_blocked, id=21460, stack(0x000000261ec00000,0x000000261ed00000)]
  0x0000020f7c4ab090 JavaThread "Service Thread" daemon [_thread_blocked, id=3632, stack(0x000000261ed00000,0x000000261ee00000)]
  0x0000020f7c4ac960 JavaThread "Monitor Deflation Thread" daemon [_thread_blocked, id=20436, stack(0x000000261ee00000,0x000000261ef00000)]
  0x0000020f7d001b00 JavaThread "C2 CompilerThread0" daemon [_thread_blocked, id=16432, stack(0x000000261ef00000,0x000000261f000000)]
  0x0000020f7d00ca30 JavaThread "C1 CompilerThread0" daemon [_thread_blocked, id=16196, stack(0x000000261f000000,0x000000261f100000)]
  0x0000020f7d00d720 JavaThread "Sweeper thread" daemon [_thread_blocked, id=23904, stack(0x000000261f100000,0x000000261f200000)]
  0x0000020f7d134920 JavaThread "Notification Thread" daemon [_thread_blocked, id=19544, stack(0x000000261f200000,0x000000261f300000)]
  0x0000020f7d13ae10 JavaThread "Common-Cleaner" daemon [_thread_blocked, id=21740, stack(0x000000261f400000,0x000000261f500000)]
  0x0000020f7d33b1c0 JavaThread "C2 CompilerThread1" daemon [_thread_blocked, id=16312, stack(0x000000261f500000,0x000000261f600000)]

Other Threads:
  0x0000020f7c48d210 VMThread "VM Thread" [stack: 0x000000261e800000,0x000000261e900000] [id=22956]
  0x0000020f55b9ae50 WatcherThread [stack: 0x000000261f300000,0x000000261f400000] [id=21572]
  0x0000020f55b82380 GCTaskThread "GC Thread#0" [stack: 0x000000261e300000,0x000000261e400000] [id=14276]
  0x0000020f55b93160 ConcurrentGCThread "G1 Main Marker" [stack: 0x000000261e400000,0x000000261e500000] [id=9088]
  0x0000020f55b94220 ConcurrentGCThread "G1 Conc#0" [stack: 0x000000261e500000,0x000000261e600000] [id=13796]
  0x0000020f55bddb60 ConcurrentGCThread "G1 Refine#0" [stack: 0x000000261e600000,0x000000261e700000] [id=10140]
  0x0000020f55bde490 ConcurrentGCThread "G1 Service" [stack: 0x000000261e700000,0x000000261e800000] [id=9720]

Threads with active compile tasks:

VM state: not at safepoint (normal execution)

VM Mutex/Monitor currently owned by a thread: None

Heap address: 0x0000000600c00000, size: 8180 MB, Compressed Oops mode: Zero based, Oop shift amount: 3

CDS archive(s) mapped at: [0x0000000800000000-0x0000000800bc0000-0x0000000800bc0000), size 12320768, SharedBaseAddress: 0x0000000800000000, ArchiveRelocationMode: 0.
Compressed class space mapped at: 0x0000000800c00000-0x0000000840c00000, reserved size: 1073741824
Narrow klass base: 0x0000000800000000, Narrow klass shift: 0, Narrow klass range: 0x100000000

GC Precious Log:
 CPUs: 12 total, 12 available
 Memory: 32719M
 Large Page Support: Disabled
 NUMA Support: Disabled
 Compressed Oops: Enabled (Zero based)
 Heap Region Size: 4M
 Heap Min Capacity: 8M
 Heap Initial Capacity: 512M
 Heap Max Capacity: 8180M
 Pre-touch: Disabled
 Parallel Workers: 10
 Concurrent Workers: 3
 Concurrent Refinement Workers: 10
 Periodic GC: Disabled

Heap:
 garbage-first heap   total 524288K, used 4096K [0x0000000600c00000, 0x0000000800000000)
  region size 4096K, 2 young (8192K), 0 survivors (0K)
 Metaspace       used 2136K, committed 2304K, reserved 1056768K
  class space    used 156K, committed 256K, reserved 1048576K

Heap Regions: E=young(eden), S=young(survivor), O=old, HS=humongous(starts), HC=humongous(continues), CS=collection set, F=free, OA=open archive, CA=closed archive, TAMS=top-at-mark-start (previous, next)
|   0|0x0000000600c00000, 0x0000000600c00000, 0x0000000601000000|  0%| F|  |TAMS 0x0000000600c00000, 0x0000000600c00000| Untracked 
|   1|0x0000000601000000, 0x0000000601000000, 0x0000000601400000|  0%| F|  |TAMS 0x0000000601000000, 0x0000000601000000| Untracked 
|   2|0x0000000601400000, 0x0000000601400000, 0x0000000601800000|  0%| F|  |TAMS 0x0000000601400000, 0x0000000601400000| Untracked 
|   3|0x0000000601800000, 0x0000000601800000, 0x0000000601c00000|  0%| F|  |TAMS 0x0000000601800000, 0x0000000601800000| Untracked 
|   4|0x0000000601c00000, 0x0000000601c00000, 0x0000000602000000|  0%| F|  |TAMS 0x0000000601c00000, 0x0000000601c00000| Untracked 
|   5|0x0000000602000000, 0x0000000602000000, 0x0000000602400000|  0%| F|  |TAMS 0x0000000602000000, 0x0000000602000000| Untracked 
|   6|0x0000000602400000, 0x0000000602400000, 0x0000000602800000|  0%| F|  |TAMS 0x0000000602400000, 0x0000000602400000| Untracked 
|   7|0x0000000602800000, 0x0000000602800000, 0x0000000602c00000|  0%| F|  |TAMS 0x0000000602800000, 0x0000000602800000| Untracked 
|   8|0x0000000602c00000, 0x0000000602c00000, 0x0000000603000000|  0%| F|  |TAMS 0x0000000602c00000, 0x0000000602c00000| Untracked 
|   9|0x0000000603000000, 0x0000000603000000, 0x0000000603400000|  0%| F|  |TAMS 0x0000000603000000, 0x0000000603000000| Untracked 
|  10|0x0000000603400000, 0x0000000603400000, 0x0000000603800000|  0%| F|  |TAMS 0x0000000603400000, 0x0000000603400000| Untracked 
|  11|0x0000000603800000, 0x0000000603800000, 0x0000000603c00000|  0%| F|  |TAMS 0x0000000603800000, 0x0000000603800000| Untracked 
|  12|0x0000000603c00000, 0x0000000603c00000, 0x0000000604000000|  0%| F|  |TAMS 0x0000000603c00000, 0x0000000603c00000| Untracked 
|  13|0x0000000604000000, 0x0000000604000000, 0x0000000604400000|  0%| F|  |TAMS 0x0000000604000000, 0x0000000604000000| Untracked 
|  14|0x0000000604400000, 0x0000000604400000, 0x0000000604800000|  0%| F|  |TAMS 0x0000000604400000, 0x0000000604400000| Untracked 
|  15|0x0000000604800000, 0x0000000604800000, 0x0000000604c00000|  0%| F|  |TAMS 0x0000000604800000, 0x0000000604800000| Untracked 
|  16|0x0000000604c00000, 0x0000000604c00000, 0x0000000605000000|  0%| F|  |TAMS 0x0000000604c00000, 0x0000000604c00000| Untracked 
|  17|0x0000000605000000, 0x0000000605000000, 0x0000000605400000|  0%| F|  |TAMS 0x0000000605000000, 0x0000000605000000| Untracked 
|  18|0x0000000605400000, 0x0000000605400000, 0x0000000605800000|  0%| F|  |TAMS 0x0000000605400000, 0x0000000605400000| Untracked 
|  19|0x0000000605800000, 0x0000000605800000, 0x0000000605c00000|  0%| F|  |TAMS 0x0000000605800000, 0x0000000605800000| Untracked 
|  20|0x0000000605c00000, 0x0000000605c00000, 0x0000000606000000|  0%| F|  |TAMS 0x0000000605c00000, 0x0000000605c00000| Untracked 
|  21|0x0000000606000000, 0x0000000606000000, 0x0000000606400000|  0%| F|  |TAMS 0x0000000606000000, 0x0000000606000000| Untracked 
|  22|0x0000000606400000, 0x0000000606400000, 0x0000000606800000|  0%| F|  |TAMS 0x0000000606400000, 0x0000000606400000| Untracked 
|  23|0x0000000606800000, 0x0000000606800000, 0x0000000606c00000|  0%| F|  |TAMS 0x0000000606800000, 0x0000000606800000| Untracked 
|  24|0x0000000606c00000, 0x0000000606c00000, 0x0000000607000000|  0%| F|  |TAMS 0x0000000606c00000, 0x0000000606c00000| Untracked 
|  25|0x0000000607000000, 0x0000000607000000, 0x0000000607400000|  0%| F|  |TAMS 0x0000000607000000, 0x0000000607000000| Untracked 
|  26|0x0000000607400000, 0x0000000607400000, 0x0000000607800000|  0%| F|  |TAMS 0x0000000607400000, 0x0000000607400000| Untracked 
|  27|0x0000000607800000, 0x0000000607800000, 0x0000000607c00000|  0%| F|  |TAMS 0x0000000607800000, 0x0000000607800000| Untracked 
|  28|0x0000000607c00000, 0x0000000607c00000, 0x0000000608000000|  0%| F|  |TAMS 0x0000000607c00000, 0x0000000607c00000| Untracked 
|  29|0x0000000608000000, 0x0000000608000000, 0x0000000608400000|  0%| F|  |TAMS 0x0000000608000000, 0x0000000608000000| Untracked 
|  30|0x0000000608400000, 0x0000000608400000, 0x0000000608800000|  0%| F|  |TAMS 0x0000000608400000, 0x0000000608400000| Untracked 
|  31|0x0000000608800000, 0x0000000608800000, 0x0000000608c00000|  0%| F|  |TAMS 0x0000000608800000, 0x0000000608800000| Untracked 
|  32|0x0000000608c00000, 0x0000000608c00000, 0x0000000609000000|  0%| F|  |TAMS 0x0000000608c00000, 0x0000000608c00000| Untracked 
|  33|0x0000000609000000, 0x0000000609000000, 0x0000000609400000|  0%| F|  |TAMS 0x0000000609000000, 0x0000000609000000| Untracked 
|  34|0x0000000609400000, 0x0000000609400000, 0x0000000609800000|  0%| F|  |TAMS 0x0000000609400000, 0x0000000609400000| Untracked 
|  35|0x0000000609800000, 0x0000000609800000, 0x0000000609c00000|  0%| F|  |TAMS 0x0000000609800000, 0x0000000609800000| Untracked 
|  36|0x0000000609c00000, 0x0000000609c00000, 0x000000060a000000|  0%| F|  |TAMS 0x0000000609c00000, 0x0000000609c00000| Untracked 
|  37|0x000000060a000000, 0x000000060a000000, 0x000000060a400000|  0%| F|  |TAMS 0x000000060a000000, 0x000000060a000000| Untracked 
|  38|0x000000060a400000, 0x000000060a400000, 0x000000060a800000|  0%| F|  |TAMS 0x000000060a400000, 0x000000060a400000| Untracked 
|  39|0x000000060a800000, 0x000000060a800000, 0x000000060ac00000|  0%| F|  |TAMS 0x000000060a800000, 0x000000060a800000| Untracked 
|  40|0x000000060ac00000, 0x000000060ac00000, 0x000000060b000000|  0%| F|  |TAMS 0x000000060ac00000, 0x000000060ac00000| Untracked 
|  41|0x000000060b000000, 0x000000060b000000, 0x000000060b400000|  0%| F|  |TAMS 0x000000060b000000, 0x000000060b000000| Untracked 
|  42|0x000000060b400000, 0x000000060b400000, 0x000000060b800000|  0%| F|  |TAMS 0x000000060b400000, 0x000000060b400000| Untracked 
|  43|0x000000060b800000, 0x000000060b800000, 0x000000060bc00000|  0%| F|  |TAMS 0x000000060b800000, 0x000000060b800000| Untracked 
|  44|0x000000060bc00000, 0x000000060bc00000, 0x000000060c000000|  0%| F|  |TAMS 0x000000060bc00000, 0x000000060bc00000| Untracked 
|  45|0x000000060c000000, 0x000000060c000000, 0x000000060c400000|  0%| F|  |TAMS 0x000000060c000000, 0x000000060c000000| Untracked 
|  46|0x000000060c400000, 0x000000060c400000, 0x000000060c800000|  0%| F|  |TAMS 0x000000060c400000, 0x000000060c400000| Untracked 
|  47|0x000000060c800000, 0x000000060c800000, 0x000000060cc00000|  0%| F|  |TAMS 0x000000060c800000, 0x000000060c800000| Untracked 
|  48|0x000000060cc00000, 0x000000060cc00000, 0x000000060d000000|  0%| F|  |TAMS 0x000000060cc00000, 0x000000060cc00000| Untracked 
|  49|0x000000060d000000, 0x000000060d000000, 0x000000060d400000|  0%| F|  |TAMS 0x000000060d000000, 0x000000060d000000| Untracked 
|  50|0x000000060d400000, 0x000000060d400000, 0x000000060d800000|  0%| F|  |TAMS 0x000000060d400000, 0x000000060d400000| Untracked 
|  51|0x000000060d800000, 0x000000060d800000, 0x000000060dc00000|  0%| F|  |TAMS 0x000000060d800000, 0x000000060d800000| Untracked 
|  52|0x000000060dc00000, 0x000000060dc00000, 0x000000060e000000|  0%| F|  |TAMS 0x000000060dc00000, 0x000000060dc00000| Untracked 
|  53|0x000000060e000000, 0x000000060e000000, 0x000000060e400000|  0%| F|  |TAMS 0x000000060e000000, 0x000000060e000000| Untracked 
|  54|0x000000060e400000, 0x000000060e400000, 0x000000060e800000|  0%| F|  |TAMS 0x000000060e400000, 0x000000060e400000| Untracked 
|  55|0x000000060e800000, 0x000000060e800000, 0x000000060ec00000|  0%| F|  |TAMS 0x000000060e800000, 0x000000060e800000| Untracked 
|  56|0x000000060ec00000, 0x000000060ec00000, 0x000000060f000000|  0%| F|  |TAMS 0x000000060ec00000, 0x000000060ec00000| Untracked 
|  57|0x000000060f000000, 0x000000060f000000, 0x000000060f400000|  0%| F|  |TAMS 0x000000060f000000, 0x000000060f000000| Untracked 
|  58|0x000000060f400000, 0x000000060f400000, 0x000000060f800000|  0%| F|  |TAMS 0x000000060f400000, 0x000000060f400000| Untracked 
|  59|0x000000060f800000, 0x000000060f800000, 0x000000060fc00000|  0%| F|  |TAMS 0x000000060f800000, 0x000000060f800000| Untracked 
|  60|0x000000060fc00000, 0x000000060fc00000, 0x0000000610000000|  0%| F|  |TAMS 0x000000060fc00000, 0x000000060fc00000| Untracked 
|  61|0x0000000610000000, 0x0000000610000000, 0x0000000610400000|  0%| F|  |TAMS 0x0000000610000000, 0x0000000610000000| Untracked 
|  62|0x0000000610400000, 0x0000000610400000, 0x0000000610800000|  0%| F|  |TAMS 0x0000000610400000, 0x0000000610400000| Untracked 
|  63|0x0000000610800000, 0x0000000610800000, 0x0000000610c00000|  0%| F|  |TAMS 0x0000000610800000, 0x0000000610800000| Untracked 
|  64|0x0000000610c00000, 0x0000000610c00000, 0x0000000611000000|  0%| F|  |TAMS 0x0000000610c00000, 0x0000000610c00000| Untracked 
|  65|0x0000000611000000, 0x0000000611000000, 0x0000000611400000|  0%| F|  |TAMS 0x0000000611000000, 0x0000000611000000| Untracked 
|  66|0x0000000611400000, 0x0000000611400000, 0x0000000611800000|  0%| F|  |TAMS 0x0000000611400000, 0x0000000611400000| Untracked 
|  67|0x0000000611800000, 0x0000000611800000, 0x0000000611c00000|  0%| F|  |TAMS 0x0000000611800000, 0x0000000611800000| Untracked 
|  68|0x0000000611c00000, 0x0000000611c00000, 0x0000000612000000|  0%| F|  |TAMS 0x0000000611c00000, 0x0000000611c00000| Untracked 
|  69|0x0000000612000000, 0x0000000612000000, 0x0000000612400000|  0%| F|  |TAMS 0x0000000612000000, 0x0000000612000000| Untracked 
|  70|0x0000000612400000, 0x0000000612400000, 0x0000000612800000|  0%| F|  |TAMS 0x0000000612400000, 0x0000000612400000| Untracked 
|  71|0x0000000612800000, 0x0000000612800000, 0x0000000612c00000|  0%| F|  |TAMS 0x0000000612800000, 0x0000000612800000| Untracked 
|  72|0x0000000612c00000, 0x0000000612c00000, 0x0000000613000000|  0%| F|  |TAMS 0x0000000612c00000, 0x0000000612c00000| Untracked 
|  73|0x0000000613000000, 0x0000000613000000, 0x0000000613400000|  0%| F|  |TAMS 0x0000000613000000, 0x0000000613000000| Untracked 
|  74|0x0000000613400000, 0x0000000613400000, 0x0000000613800000|  0%| F|  |TAMS 0x0000000613400000, 0x0000000613400000| Untracked 
|  75|0x0000000613800000, 0x0000000613800000, 0x0000000613c00000|  0%| F|  |TAMS 0x0000000613800000, 0x0000000613800000| Untracked 
|  76|0x0000000613c00000, 0x0000000613c00000, 0x0000000614000000|  0%| F|  |TAMS 0x0000000613c00000, 0x0000000613c00000| Untracked 
|  77|0x0000000614000000, 0x0000000614000000, 0x0000000614400000|  0%| F|  |TAMS 0x0000000614000000, 0x0000000614000000| Untracked 
|  78|0x0000000614400000, 0x0000000614400000, 0x0000000614800000|  0%| F|  |TAMS 0x0000000614400000, 0x0000000614400000| Untracked 
|  79|0x0000000614800000, 0x0000000614800000, 0x0000000614c00000|  0%| F|  |TAMS 0x0000000614800000, 0x0000000614800000| Untracked 
|  80|0x0000000614c00000, 0x0000000614c00000, 0x0000000615000000|  0%| F|  |TAMS 0x0000000614c00000, 0x0000000614c00000| Untracked 
|  81|0x0000000615000000, 0x0000000615000000, 0x0000000615400000|  0%| F|  |TAMS 0x0000000615000000, 0x0000000615000000| Untracked 
|  82|0x0000000615400000, 0x0000000615400000, 0x0000000615800000|  0%| F|  |TAMS 0x0000000615400000, 0x0000000615400000| Untracked 
|  83|0x0000000615800000, 0x0000000615800000, 0x0000000615c00000|  0%| F|  |TAMS 0x0000000615800000, 0x0000000615800000| Untracked 
|  84|0x0000000615c00000, 0x0000000615c00000, 0x0000000616000000|  0%| F|  |TAMS 0x0000000615c00000, 0x0000000615c00000| Untracked 
|  85|0x0000000616000000, 0x0000000616000000, 0x0000000616400000|  0%| F|  |TAMS 0x0000000616000000, 0x0000000616000000| Untracked 
|  86|0x0000000616400000, 0x0000000616400000, 0x0000000616800000|  0%| F|  |TAMS 0x0000000616400000, 0x0000000616400000| Untracked 
|  87|0x0000000616800000, 0x0000000616800000, 0x0000000616c00000|  0%| F|  |TAMS 0x0000000616800000, 0x0000000616800000| Untracked 
|  88|0x0000000616c00000, 0x0000000616c00000, 0x0000000617000000|  0%| F|  |TAMS 0x0000000616c00000, 0x0000000616c00000| Untracked 
|  89|0x0000000617000000, 0x0000000617000000, 0x0000000617400000|  0%| F|  |TAMS 0x0000000617000000, 0x0000000617000000| Untracked 
|  90|0x0000000617400000, 0x0000000617400000, 0x0000000617800000|  0%| F|  |TAMS 0x0000000617400000, 0x0000000617400000| Untracked 
|  91|0x0000000617800000, 0x0000000617800000, 0x0000000617c00000|  0%| F|  |TAMS 0x0000000617800000, 0x0000000617800000| Untracked 
|  92|0x0000000617c00000, 0x0000000617c00000, 0x0000000618000000|  0%| F|  |TAMS 0x0000000617c00000, 0x0000000617c00000| Untracked 
|  93|0x0000000618000000, 0x0000000618000000, 0x0000000618400000|  0%| F|  |TAMS 0x0000000618000000, 0x0000000618000000| Untracked 
|  94|0x0000000618400000, 0x0000000618400000, 0x0000000618800000|  0%| F|  |TAMS 0x0000000618400000, 0x0000000618400000| Untracked 
|  95|0x0000000618800000, 0x0000000618800000, 0x0000000618c00000|  0%| F|  |TAMS 0x0000000618800000, 0x0000000618800000| Untracked 
|  96|0x0000000618c00000, 0x0000000618c00000, 0x0000000619000000|  0%| F|  |TAMS 0x0000000618c00000, 0x0000000618c00000| Untracked 
|  97|0x0000000619000000, 0x0000000619000000, 0x0000000619400000|  0%| F|  |TAMS 0x0000000619000000, 0x0000000619000000| Untracked 
|  98|0x0000000619400000, 0x0000000619400000, 0x0000000619800000|  0%| F|  |TAMS 0x0000000619400000, 0x0000000619400000| Untracked 
|  99|0x0000000619800000, 0x0000000619800000, 0x0000000619c00000|  0%| F|  |TAMS 0x0000000619800000, 0x0000000619800000| Untracked 
| 100|0x0000000619c00000, 0x0000000619c00000, 0x000000061a000000|  0%| F|  |TAMS 0x0000000619c00000, 0x0000000619c00000| Untracked 
| 101|0x000000061a000000, 0x000000061a000000, 0x000000061a400000|  0%| F|  |TAMS 0x000000061a000000, 0x000000061a000000| Untracked 
| 102|0x000000061a400000, 0x000000061a400000, 0x000000061a800000|  0%| F|  |TAMS 0x000000061a400000, 0x000000061a400000| Untracked 
| 103|0x000000061a800000, 0x000000061a800000, 0x000000061ac00000|  0%| F|  |TAMS 0x000000061a800000, 0x000000061a800000| Untracked 
| 104|0x000000061ac00000, 0x000000061ac00000, 0x000000061b000000|  0%| F|  |TAMS 0x000000061ac00000, 0x000000061ac00000| Untracked 
| 105|0x000000061b000000, 0x000000061b000000, 0x000000061b400000|  0%| F|  |TAMS 0x000000061b000000, 0x000000061b000000| Untracked 
| 106|0x000000061b400000, 0x000000061b400000, 0x000000061b800000|  0%| F|  |TAMS 0x000000061b400000, 0x000000061b400000| Untracked 
| 107|0x000000061b800000, 0x000000061b800000, 0x000000061bc00000|  0%| F|  |TAMS 0x000000061b800000, 0x000000061b800000| Untracked 
| 108|0x000000061bc00000, 0x000000061bc00000, 0x000000061c000000|  0%| F|  |TAMS 0x000000061bc00000, 0x000000061bc00000| Untracked 
| 109|0x000000061c000000, 0x000000061c000000, 0x000000061c400000|  0%| F|  |TAMS 0x000000061c000000, 0x000000061c000000| Untracked 
| 110|0x000000061c400000, 0x000000061c400000, 0x000000061c800000|  0%| F|  |TAMS 0x000000061c400000, 0x000000061c400000| Untracked 
| 111|0x000000061c800000, 0x000000061c800000, 0x000000061cc00000|  0%| F|  |TAMS 0x000000061c800000, 0x000000061c800000| Untracked 
| 112|0x000000061cc00000, 0x000000061cc00000, 0x000000061d000000|  0%| F|  |TAMS 0x000000061cc00000, 0x000000061cc00000| Untracked 
| 113|0x000000061d000000, 0x000000061d000000, 0x000000061d400000|  0%| F|  |TAMS 0x000000061d000000, 0x000000061d000000| Untracked 
| 114|0x000000061d400000, 0x000000061d400000, 0x000000061d800000|  0%| F|  |TAMS 0x000000061d400000, 0x000000061d400000| Untracked 
| 115|0x000000061d800000, 0x000000061d800000, 0x000000061dc00000|  0%| F|  |TAMS 0x000000061d800000, 0x000000061d800000| Untracked 
| 116|0x000000061dc00000, 0x000000061dc00000, 0x000000061e000000|  0%| F|  |TAMS 0x000000061dc00000, 0x000000061dc00000| Untracked 
| 117|0x000000061e000000, 0x000000061e000000, 0x000000061e400000|  0%| F|  |TAMS 0x000000061e000000, 0x000000061e000000| Untracked 
| 118|0x000000061e400000, 0x000000061e400000, 0x000000061e800000|  0%| F|  |TAMS 0x000000061e400000, 0x000000061e400000| Untracked 
| 119|0x000000061e800000, 0x000000061e800000, 0x000000061ec00000|  0%| F|  |TAMS 0x000000061e800000, 0x000000061e800000| Untracked 
| 120|0x000000061ec00000, 0x000000061ec00000, 0x000000061f000000|  0%| F|  |TAMS 0x000000061ec00000, 0x000000061ec00000| Untracked 
| 121|0x000000061f000000, 0x000000061f000000, 0x000000061f400000|  0%| F|  |TAMS 0x000000061f000000, 0x000000061f000000| Untracked 
| 122|0x000000061f400000, 0x000000061f400000, 0x000000061f800000|  0%| F|  |TAMS 0x000000061f400000, 0x000000061f400000| Untracked 
| 123|0x000000061f800000, 0x000000061f800000, 0x000000061fc00000|  0%| F|  |TAMS 0x000000061f800000, 0x000000061f800000| Untracked 
| 124|0x000000061fc00000, 0x000000061fc00000, 0x0000000620000000|  0%| F|  |TAMS 0x000000061fc00000, 0x000000061fc00000| Untracked 
| 125|0x0000000620000000, 0x0000000620000000, 0x0000000620400000|  0%| F|  |TAMS 0x0000000620000000, 0x0000000620000000| Untracked 
| 126|0x0000000620400000, 0x00000006205ec918, 0x0000000620800000| 48%| E|  |TAMS 0x0000000620400000, 0x0000000620400000| Complete 
| 127|0x0000000620800000, 0x0000000620c00000, 0x0000000620c00000|100%| E|CS|TAMS 0x0000000620800000, 0x0000000620800000| Complete 

Card table byte_map: [0x0000020f6f7a0000,0x0000020f707a0000] _byte_map_base: 0x0000020f6c79a000

Marking Bits (Prev, Next): (CMBitMap*) 0x0000020f55b828a0, (CMBitMap*) 0x0000020f55b828e0
 Prev Bits: [0x0000020f717a0000, 0x0000020f79770000)
 Next Bits: [0x0000020f00000000, 0x0000020f07fd0000)

Polling page: 0x0000020f55be0000

Metaspace:

Usage:
  Non-class:      1.93 MB used.
      Class:    156.07 KB used.
       Both:      2.09 MB used.

Virtual space:
  Non-class space:        8.00 MB reserved,       2.00 MB ( 25%) committed,  1 nodes.
      Class space:        1.00 GB reserved,     256.00 KB ( <1%) committed,  1 nodes.
             Both:        1.01 GB reserved,       2.25 MB ( <1%) committed. 

Chunk freelists:
   Non-Class:  3.09 MB
       Class:  3.66 MB
        Both:  6.75 MB

MaxMetaspaceSize: unlimited
CompressedClassSpaceSize: 1.00 GB
Initial GC threshold: 21.00 MB
Current GC threshold: 21.00 MB
CDS: on
MetaspaceReclaimPolicy: balanced
 - commit_granule_bytes: 65536.
 - commit_granule_words: 8192.
 - virtual_space_node_default_size: 1048576.
 - enlarge_chunks_in_place: 1.
 - new_chunks_are_fully_committed: 0.
 - uncommit_free_chunks: 1.
 - use_allocation_guard: 0.
 - handle_deallocations: 1.


Internal statistics:

num_allocs_failed_limit: 0.
num_arena_births: 76.
num_arena_deaths: 0.
num_vsnodes_births: 2.
num_vsnodes_deaths: 0.
num_space_committed: 36.
num_space_uncommitted: 0.
num_chunks_returned_to_freelist: 0.
num_chunks_taken_from_freelist: 134.
num_chunk_merges: 0.
num_chunk_splits: 82.
num_chunks_enlarged: 53.
num_purges: 0.
num_inconsistent_stats: 0.

CodeHeap 'non-profiled nmethods': size=120000Kb used=146Kb max_used=146Kb free=119853Kb
 bounds [0x0000020f665f0000, 0x0000020f66860000, 0x0000020f6db20000]
CodeHeap 'profiled nmethods': size=120000Kb used=685Kb max_used=685Kb free=119314Kb
 bounds [0x0000020f5f0c0000, 0x0000020f5f330000, 0x0000020f665f0000]
CodeHeap 'non-nmethods': size=5760Kb used=1508Kb max_used=1508Kb free=4251Kb
 bounds [0x0000020f5eb20000, 0x0000020f5ed90000, 0x0000020f5f0c0000]
 total_blobs=1384 nmethods=476 adapters=821
 compilation: enabled
              stopped_count=0, restarted_count=0
 full_count=0

Compilation events (20 events):
Event: 0.134 Thread 0x0000020f7d00ca30  467       3       java.lang.String::indexOf (64 bytes)
Event: 0.134 Thread 0x0000020f7d00ca30 nmethod 467 0x0000020f5f167010 code [0x0000020f5f167220, 0x0000020f5f167708]
Event: 0.134 Thread 0x0000020f7d00ca30  450       3       java.lang.AbstractStringBuilder::appendChars (207 bytes)
Event: 0.134 Thread 0x0000020f7d00ca30 nmethod 450 0x0000020f5f167890 code [0x0000020f5f167b40, 0x0000020f5f168ae8]
Event: 0.134 Thread 0x0000020f7d00ca30  470       3       org.lwjgl.system.MemoryUtil::write8 (19 bytes)
Event: 0.134 Thread 0x0000020f7d00ca30 nmethod 470 0x0000020f5f169090 code [0x0000020f5f169240, 0x0000020f5f169498]
Event: 0.134 Thread 0x0000020f7d00ca30  471       3       sun.misc.Unsafe::putByte (11 bytes)
Event: 0.134 Thread 0x0000020f7d00ca30 nmethod 471 0x0000020f5f169590 code [0x0000020f5f169720, 0x0000020f5f169838]
Event: 0.134 Thread 0x0000020f7d00ca30  469       3       java.lang.Integer::toUnsignedLong (7 bytes)
Event: 0.135 Thread 0x0000020f7d00ca30 nmethod 469 0x0000020f5f169910 code [0x0000020f5f169aa0, 0x0000020f5f169b98]
Event: 0.135 Thread 0x0000020f7d00ca30  473       3       java.lang.ThreadLocal::get (38 bytes)
Event: 0.135 Thread 0x0000020f7d00ca30 nmethod 473 0x0000020f5f169c10 code [0x0000020f5f169de0, 0x0000020f5f16a118]
Event: 0.135 Thread 0x0000020f7d00ca30  474       3       java.lang.ThreadLocal$ThreadLocalMap::getEntry (42 bytes)
Event: 0.135 Thread 0x0000020f7d00ca30 nmethod 474 0x0000020f5f16a290 code [0x0000020f5f16a460, 0x0000020f5f16a7d8]
Event: 0.135 Thread 0x0000020f7d00ca30  468       1       java.security.CodeSource::getLocation (5 bytes)
Event: 0.135 Thread 0x0000020f7d00ca30 nmethod 468 0x0000020f66614710 code [0x0000020f666148a0, 0x0000020f66614978]
Event: 0.135 Thread 0x0000020f7d00ca30  475       3       java.lang.String::getBytes (44 bytes)
Event: 0.135 Thread 0x0000020f7d00ca30 nmethod 475 0x0000020f5f16a990 code [0x0000020f5f16ab60, 0x0000020f5f16ae78]
Event: 0.135 Thread 0x0000020f7d00ca30  476       3       java.lang.StringConcatHelper::prepend (37 bytes)
Event: 0.135 Thread 0x0000020f7d00ca30 nmethod 476 0x0000020f5f16af90 code [0x0000020f5f16b160, 0x0000020f5f16b438]

GC Heap History (0 events):
No events

Deoptimization events (4 events):
Event: 0.088 Thread 0x0000020f55b0c550 DEOPT PACKING pc=0x0000020f5f0d76e7 sp=0x000000261e2f9e40
Event: 0.088 Thread 0x0000020f55b0c550 DEOPT UNPACKING pc=0x0000020f5eb72b43 sp=0x000000261e2f9260 mode 0
Event: 0.096 Thread 0x0000020f55b0c550 DEOPT PACKING pc=0x0000020f5f0c7d51 sp=0x000000261e2faba0
Event: 0.096 Thread 0x0000020f55b0c550 DEOPT UNPACKING pc=0x0000020f5eb72b43 sp=0x000000261e2fa018 mode 0

Classes unloaded (0 events):
No events

Classes redefined (0 events):
No events

Internal exceptions (16 events):
Event: 0.079 Thread 0x0000020f55b0c550 Exception <a 'java/lang/NoSuchMethodError'{0x0000000620b44f30}: 'java.lang.Object java.lang.invoke.DirectMethodHandle$Holder.invokeStaticInit(java.lang.Object)'> (0x0000000620b44f30) 
thrown [t:\workspace\open\src\hotspot\share\interpreter\linkResolver.cpp, line 766]
Event: 0.085 Thread 0x0000020f55b0c550 Exception <a 'java/lang/NoSuchMethodError'{0x0000000620b95e48}: 'void java.lang.invoke.DirectMethodHandle$Holder.invokeStatic(java.lang.Object, java.lang.Object)'> (0x0000000620b95e48) 
thrown [t:\workspace\open\src\hotspot\share\interpreter\linkResolver.cpp, line 766]
Event: 0.085 Thread 0x0000020f55b0c550 Exception <a 'java/lang/NoSuchMethodError'{0x0000000620b9b690}: 'void java.lang.invoke.DirectMethodHandle$Holder.invokeSpecial(java.lang.Object, java.lang.Object, java.lang.Object)'> (0x0000000620b9b690) 
thrown [t:\workspace\open\src\hotspot\share\interpreter\linkResolver.cpp, line 766]
Event: 0.087 Thread 0x0000020f55b0c550 Exception <a 'java/lang/NoSuchMethodError'{0x0000000620bad3c0}: 'java.lang.Object java.lang.invoke.DirectMethodHandle$Holder.invokeStatic(java.lang.Object, java.lang.Object, int)'> (0x0000000620bad3c0) 
thrown [t:\workspace\open\src\hotspot\share\interpreter\linkResolver.cpp, line 766]
Event: 0.087 Thread 0x0000020f55b0c550 Exception <a 'java/lang/NoSuchMethodError'{0x0000000620bb90b0}: 'void java.lang.invoke.DelegatingMethodHandle$Holder.delegate(java.lang.Object, java.lang.Object, int, java.lang.Object)'> (0x0000000620bb90b0) 
thrown [t:\workspace\open\src\hotspot\share\interpreter\linkResolver.cpp, line 766]
Event: 0.088 Thread 0x0000020f55b0c550 Exception <a 'java/lang/NoSuchMethodError'{0x0000000620bbd2f0}: 'int java.lang.invoke.DirectMethodHandle$Holder.invokeSpecial(java.lang.Object, java.lang.Object, java.lang.Object)'> (0x0000000620bbd2f0) 
thrown [t:\workspace\open\src\hotspot\share\interpreter\linkResolver.cpp, line 766]
Event: 0.107 Thread 0x0000020f55b0c550 Exception <a 'sun/nio/fs/WindowsException'{0x0000000620435fb8}> (0x0000000620435fb8) 
thrown [t:\workspace\open\src\hotspot\share\prims\jni.cpp, line 516]
Event: 0.107 Thread 0x0000020f55b0c550 Exception <a 'sun/nio/fs/WindowsException'{0x0000000620436510}> (0x0000000620436510) 
thrown [t:\workspace\open\src\hotspot\share\prims\jni.cpp, line 516]
Event: 0.113 Thread 0x0000020f55b0c550 Exception <a 'java/lang/NoSuchMethodError'{0x000000062046f090}: 'int java.lang.invoke.DirectMethodHandle$Holder.invokeStaticInit(java.lang.Object, java.lang.Object, int, long)'> (0x000000062046f090) 
thrown [t:\workspace\open\src\hotspot\share\interpreter\linkResolver.cpp, line 766]
Event: 0.114 Thread 0x0000020f55b0c550 Exception <a 'java/lang/NoSuchMethodError'{0x0000000620474958}: 'java.lang.Object java.lang.invoke.DirectMethodHandle$Holder.newInvokeSpecial(java.lang.Object, java.lang.Object, int)'> (0x0000000620474958) 
thrown [t:\workspace\open\src\hotspot\share\interpreter\linkResolver.cpp, line 766]
Event: 0.115 Thread 0x0000020f55b0c550 Exception <a 'java/lang/NoSuchMethodError'{0x0000000620484ec8}: 'int java.lang.invoke.DirectMethodHandle$Holder.invokeStaticInit(java.lang.Object, java.lang.Object, long, long)'> (0x0000000620484ec8) 
thrown [t:\workspace\open\src\hotspot\share\interpreter\linkResolver.cpp, line 766]
Event: 0.115 Thread 0x0000020f55b0c550 Exception <a 'java/lang/NoSuchMethodError'{0x000000062048ac50}: 'java.lang.Object java.lang.invoke.DirectMethodHandle$Holder.newInvokeSpecial(java.lang.Object, java.lang.Object, long)'> (0x000000062048ac50) 
thrown [t:\workspace\open\src\hotspot\share\interpreter\linkResolver.cpp, line 766]
Event: 0.115 Thread 0x0000020f55b0c550 Exception <a 'java/lang/NoSuchMethodError'{0x000000062048e518}: 'java.lang.Object java.lang.invoke.Invokers$Holder.linkToTargetMethod(java.lang.Object, long, java.lang.Object)'> (0x000000062048e518) 
thrown [t:\workspace\open\src\hotspot\share\interpreter\linkResolver.cpp, line 766]
Event: 0.116 Thread 0x0000020f55b0c550 Exception <a 'java/lang/NoSuchMethodError'{0x00000006204959e8}: 'int java.lang.invoke.DirectMethodHandle$Holder.invokeStaticInit(java.lang.Object, java.lang.Object, java.lang.Object, long)'> (0x00000006204959e8) 
thrown [t:\workspace\open\src\hotspot\share\interpreter\linkResolver.cpp, line 766]
Event: 0.129 Thread 0x0000020f55b0c550 Exception <a 'sun/nio/fs/WindowsException'{0x00000006205564d0}> (0x00000006205564d0) 
thrown [t:\workspace\open\src\hotspot\share\prims\jni.cpp, line 516]
Event: 0.129 Thread 0x0000020f55b0c550 Exception <a 'sun/nio/fs/WindowsException'{0x0000000620556840}> (0x0000000620556840) 
thrown [t:\workspace\open\src\hotspot\share\prims\jni.cpp, line 516]

VM Operations (4 events):
Event: 0.047 Executing VM operation: HandshakeAllThreads
Event: 0.047 Executing VM operation: HandshakeAllThreads done
Event: 0.102 Executing VM operation: HandshakeAllThreads
Event: 0.102 Executing VM operation: HandshakeAllThreads done

Events (20 events):
Event: 0.110 loading class sun/misc/Unsafe
Event: 0.110 loading class sun/misc/Unsafe done
Event: 0.111 loading class jdk/internal/reflect/UnsafeFieldAccessorFactory
Event: 0.111 loading class jdk/internal/reflect/UnsafeFieldAccessorFactory done
Event: 0.111 loading class jdk/internal/reflect/UnsafeQualifiedStaticObjectFieldAccessorImpl
Event: 0.111 loading class jdk/internal/reflect/UnsafeQualifiedStaticFieldAccessorImpl
Event: 0.111 loading class jdk/internal/reflect/UnsafeQualifiedStaticFieldAccessorImpl done
Event: 0.111 loading class jdk/internal/reflect/UnsafeQualifiedStaticObjectFieldAccessorImpl done
Event: 0.113 loading class java/util/function/LongPredicate
Event: 0.113 loading class java/util/function/LongPredicate done
Event: 0.114 loading class jdk/internal/access/foreign/MemorySegmentProxy
Event: 0.114 loading class jdk/internal/access/foreign/MemorySegmentProxy done
Event: 0.116 loading class java/nio/InvalidMarkException
Event: 0.116 loading class java/nio/InvalidMarkException done
Event: 0.117 loading class java/nio/BufferUnderflowException
Event: 0.117 loading class java/nio/BufferUnderflowException done
Event: 0.130 loading class java/lang/NoSuchFieldError
Event: 0.130 loading class java/lang/NoSuchFieldError done
Event: 0.132 loading class jdk/internal/reflect/UnsafeQualifiedStaticIntegerFieldAccessorImpl
Event: 0.132 loading class jdk/internal/reflect/UnsafeQualifiedStaticIntegerFieldAccessorImpl done


Dynamic libraries:
0x00007ff66bfe0000 - 0x00007ff66bff0000 	C:\Program Files\Java\jdk-17.0.1\bin\java.exe
0x00007ffbe7aa0000 - 0x00007ffbe7ca9000 	C:\WINDOWS\SYSTEM32\ntdll.dll
0x00007ffbe69b0000 - 0x00007ffbe6a6d000 	C:\WINDOWS\System32\KERNEL32.DLL
0x00007ffbe4f90000 - 0x00007ffbe5309000 	C:\WINDOWS\System32\KERNELBASE.dll
0x00007ffbe5820000 - 0x00007ffbe5931000 	C:\WINDOWS\System32\ucrtbase.dll
0x00007ffbda890000 - 0x00007ffbda8a8000 	C:\Program Files\Java\jdk-17.0.1\bin\jli.dll
0x00007ffbda1e0000 - 0x00007ffbda1fa000 	C:\Program Files\Java\jdk-17.0.1\bin\VCRUNTIME140.dll
0x00007ffbe5940000 - 0x00007ffbe59ee000 	C:\WINDOWS\System32\ADVAPI32.dll
0x00007ffbe6ae0000 - 0x00007ffbe6b83000 	C:\WINDOWS\System32\msvcrt.dll
0x00007ffbe7520000 - 0x00007ffbe75be000 	C:\WINDOWS\System32\sechost.dll
0x00007ffbe6c30000 - 0x00007ffbe6d50000 	C:\WINDOWS\System32\RPCRT4.dll
0x00007ffbe59f0000 - 0x00007ffbe5b9c000 	C:\WINDOWS\System32\USER32.dll
0x00007ffbd3c80000 - 0x00007ffbd3f25000 	C:\WINDOWS\WinSxS\amd64_microsoft.windows.common-controls_6595b64144ccf1df_6.0.22000.120_none_9d947278b86cc467\COMCTL32.dll
0x00007ffbe54e0000 - 0x00007ffbe5506000 	C:\WINDOWS\System32\win32u.dll
0x00007ffbe6980000 - 0x00007ffbe69a9000 	C:\WINDOWS\System32\GDI32.dll
0x00007ffbe5700000 - 0x00007ffbe5812000 	C:\WINDOWS\System32\gdi32full.dll
0x00007ffbe5440000 - 0x00007ffbe54dd000 	C:\WINDOWS\System32\msvcp_win.dll
0x00007ffbdcc30000 - 0x00007ffbdcc3a000 	C:\WINDOWS\SYSTEM32\VERSION.dll
0x00007ffbe6a80000 - 0x00007ffbe6ab1000 	C:\WINDOWS\System32\IMM32.DLL
0x00007ffbe0e70000 - 0x00007ffbe0e7c000 	C:\Program Files\Java\jdk-17.0.1\bin\vcruntime140_1.dll
0x00007ffbda040000 - 0x00007ffbda0cd000 	C:\Program Files\Java\jdk-17.0.1\bin\msvcp140.dll
0x00007ffb15ca0000 - 0x00007ffb1685e000 	C:\Program Files\Java\jdk-17.0.1\bin\server\jvm.dll
0x00007ffbe6b90000 - 0x00007ffbe6b98000 	C:\WINDOWS\System32\PSAPI.DLL
0x00007ffbde650000 - 0x00007ffbde683000 	C:\WINDOWS\SYSTEM32\WINMM.dll
0x00007ffbe1100000 - 0x00007ffbe1109000 	C:\WINDOWS\SYSTEM32\WSOCK32.dll
0x00007ffbe6bc0000 - 0x00007ffbe6c2f000 	C:\WINDOWS\System32\WS2_32.dll
0x00007ffbe4180000 - 0x00007ffbe4198000 	C:\WINDOWS\SYSTEM32\kernel.appcore.dll
0x00007ffbdff20000 - 0x00007ffbdff2a000 	C:\Program Files\Java\jdk-17.0.1\bin\jimage.dll
0x00007ffbd8bb0000 - 0x00007ffbd8dd1000 	C:\WINDOWS\SYSTEM32\DBGHELP.DLL
0x00007ffbcb570000 - 0x00007ffbcb5a1000 	C:\WINDOWS\SYSTEM32\dbgcore.DLL
0x00007ffbe5680000 - 0x00007ffbe56ff000 	C:\WINDOWS\System32\bcryptPrimitives.dll
0x00007ffbda1b0000 - 0x00007ffbda1d5000 	C:\Program Files\Java\jdk-17.0.1\bin\java.dll
0x00007ffbd11f0000 - 0x00007ffbd12c6000 	C:\Program Files\Java\jdk-17.0.1\bin\svml.dll
0x00007ffbe5c90000 - 0x00007ffbe643f000 	C:\WINDOWS\System32\SHELL32.dll
0x00007ffbe3110000 - 0x00007ffbe3978000 	C:\WINDOWS\SYSTEM32\windows.storage.dll
0x00007ffbe6540000 - 0x00007ffbe68b8000 	C:\WINDOWS\System32\combase.dll
0x00007ffbe2fa0000 - 0x00007ffbe3106000 	C:\WINDOWS\SYSTEM32\wintypes.dll
0x00007ffbe7270000 - 0x00007ffbe735a000 	C:\WINDOWS\System32\SHCORE.dll
0x00007ffbe6920000 - 0x00007ffbe697d000 	C:\WINDOWS\System32\shlwapi.dll
0x00007ffbe4ec0000 - 0x00007ffbe4ee1000 	C:\WINDOWS\SYSTEM32\profapi.dll
0x00007ffbda020000 - 0x00007ffbda039000 	C:\Program Files\Java\jdk-17.0.1\bin\net.dll
0x00007ffbdf8a0000 - 0x00007ffbdf9ac000 	C:\WINDOWS\SYSTEM32\WINHTTP.dll
0x00007ffbe45b0000 - 0x00007ffbe4617000 	C:\WINDOWS\system32\mswsock.dll
0x00007ffbda000000 - 0x00007ffbda015000 	C:\Program Files\Java\jdk-17.0.1\bin\nio.dll
0x00007ffbd9fe0000 - 0x00007ffbd9ff8000 	C:\Program Files\Java\jdk-17.0.1\bin\zip.dll
0x00007ffbd9aa0000 - 0x00007ffbd9b15000 	C:\Users\pasca\AppData\Local\Temp\lwjglPascal\3.3.1-build-7\lwjgl.dll
0x00007ffbd9730000 - 0x00007ffbd9791000 	C:\Users\pasca\AppData\Local\Temp\lwjglPascal\3.3.1-build-7\glfw.dll
0x00007ffbd1110000 - 0x00007ffbd1155000 	C:\WINDOWS\SYSTEM32\dinput8.dll
0x00007ffbb6860000 - 0x00007ffbb6871000 	C:\WINDOWS\SYSTEM32\xinput1_4.dll
0x00007ffbe4c90000 - 0x00007ffbe4cdc000 	C:\WINDOWS\SYSTEM32\cfgmgr32.dll
0x00007ffbe4c60000 - 0x00007ffbe4c8c000 	C:\WINDOWS\SYSTEM32\DEVOBJ.dll
0x00007ffbe2a90000 - 0x00007ffbe2abf000 	C:\WINDOWS\SYSTEM32\dwmapi.dll
0x00007ffbd20b0000 - 0x00007ffbd2279000 	C:\WINDOWS\SYSTEM32\inputhost.dll
0x00007ffbe1fa0000 - 0x00007ffbe20d2000 	C:\WINDOWS\SYSTEM32\CoreMessaging.dll
0x00007ffbe2620000 - 0x00007ffbe26cc000 	C:\WINDOWS\system32\uxtheme.dll
0x00007ffbe7790000 - 0x00007ffbe78ae000 	C:\WINDOWS\System32\MSCTF.dll
0x00007ffbe4810000 - 0x00007ffbe481c000 	C:\WINDOWS\SYSTEM32\CRYPTBASE.DLL

dbghelp: loaded successfully - version: 4.0.5 - missing functions: none
symbol engine: initialized successfully - sym options: 0x614 - pdb path: .;C:\Program Files\Java\jdk-17.0.1\bin;C:\WINDOWS\SYSTEM32;C:\WINDOWS\WinSxS\amd64_microsoft.windows.common-controls_6595b64144ccf1df_6.0.22000.120_none_9d947278b86cc467;C:\Program Files\Java\jdk-17.0.1\bin\server;C:\Users\pasca\AppData\Local\Temp\lwjglPascal\3.3.1-build-7

VM Arguments:
jvm_args: -Dfile.encoding=windows-1252 -Duser.country=DE -Duser.language=de -Duser.variant 
java_command: Main
java_class_path (initial): C:\Users\pasca\OneDrive\Desktop\Java Game Engine\build\classes\java\main;C:\Users\pasca\OneDrive\Desktop\Java Game Engine\build\resources\main;C:\Users\pasca\.gradle\caches\modules-2\files-2.1\org.lwjgl\lwjgl-assimp\3.3.1\312072f451794f25670aebb0160ce6ec88aff842\lwjgl-assimp-3.3.1.jar;C:\Users\pasca\.gradle\caches\modules-2\files-2.1\org.lwjgl\lwjgl-assimp\3.3.1\bfa2a0d57acbf952b716d0ad8a3acbd7ad9f5639\lwjgl-assimp-3.3.1-natives-windows.jar;C:\Users\pasca\.gradle\caches\modules-2\files-2.1\org.lwjgl\lwjgl-glfw\3.3.1\cbac1b8d30cb4795149c1ef540f912671a8616d0\lwjgl-glfw-3.3.1.jar;C:\Users\pasca\.gradle\caches\modules-2\files-2.1\org.lwjgl\lwjgl-glfw\3.3.1\ed892f945cf7e79c8756796f32d00fa4ceaf573b\lwjgl-glfw-3.3.1-natives-windows.jar;C:\Users\pasca\.gradle\caches\modules-2\files-2.1\org.lwjgl\lwjgl-nfd\3.3.1\622318116996ddcff449b46cb38f0fdee39b8ac3\lwjgl-nfd-3.3.1.jar;C:\Users\pasca\.gradle\caches\modules-2\files-2.1\org.lwjgl\lwjgl-nfd\3.3.1\869fe532a50455e8b2d924f498bfb95f80b41aed\lwjgl-nfd-3.3.1-natives-windows.jar;C:\Users\pasca\.gradle\caches\modules-2\files-2.1\org.lwjgl\lwjgl-openal\3.3.1\2623a6b8ae1dfcd880738656a9f0243d2e6840bd\lwjgl-openal-3.3.1.jar;C:\Users\pasca\.gradle\caches\modules-2\files-2.1\org.lwjgl\lwjgl-openal\3.3.1\30a474d0e57193d7bc128849a3ab66bc9316fdb1\lwjgl-openal-3.3.1-natives-windows.jar;C:\Users\pasca\.gradle\caches\modules-2\files-2.1\org.lwjgl\lwjgl-opengl\3.3.1\831a5533a21a5f4f81bbc51bb13e9899319b5411\lwjgl-opengl-3.3.1.jar;C:\Users\pasca\.gradle\caches\modules-2\files-2.1\org.lwjgl\lwjgl-opengl\3.3.1\c1807e9bd571402787d7e37e3029776ae2513bb8\lwjgl-opengl-3.3.1-natives-windows.jar;C:\Users\pasca\.gradle\caches\modules-2\files-2.1\org.lwjgl\lwjgl-stb\3.3.1\b119297cf8ed01f247abe8685857f8e7fcf5980f\lwjgl-stb-3.3.1.jar;C:\Users\pasca\.gradle\caches\modules-2\files-2.1\org.lwjgl\lwjgl-stb\3.3.1\86315914ac119efdb02dc9e8e978ade84f1702af\lwjgl-stb-3.3.1-natives-windows.jar;C:\Users\pasca\.gradle\caches\modules-2\files-2.
Launcher Type: SUN_STANDARD

[Global flags]
     intx CICompilerCount                          = 4                                         {product} {ergonomic}
     uint ConcGCThreads                            = 3                                         {product} {ergonomic}
     uint G1ConcRefinementThreads                  = 10                                        {product} {ergonomic}
   size_t G1HeapRegionSize                         = 4194304                                   {product} {ergonomic}
    uintx GCDrainStackTargetSize                   = 64                                        {product} {ergonomic}
   size_t InitialHeapSize                          = 536870912                                 {product} {ergonomic}
   size_t MarkStackSize                            = 4194304                                   {product} {ergonomic}
   size_t MaxHeapSize                              = 8577351680                                {product} {ergonomic}
   size_t MaxNewSize                               = 5146411008                                {product} {ergonomic}
   size_t MinHeapDeltaBytes                        = 4194304                                   {product} {ergonomic}
   size_t MinHeapSize                              = 8388608                                   {product} {ergonomic}
    uintx NonNMethodCodeHeapSize                   = 5839372                                {pd product} {ergonomic}
    uintx NonProfiledCodeHeapSize                  = 122909434                              {pd product} {ergonomic}
    uintx ProfiledCodeHeapSize                     = 122909434                              {pd product} {ergonomic}
    uintx ReservedCodeCacheSize                    = 251658240                              {pd product} {ergonomic}
     bool SegmentedCodeCache                       = true                                      {product} {ergonomic}
   size_t SoftMaxHeapSize                          = 8577351680                             {manageable} {ergonomic}
     bool UseCompressedClassPointers               = true                           {product lp64_product} {ergonomic}
     bool UseCompressedOops                        = true                           {product lp64_product} {ergonomic}
     bool UseG1GC                                  = true                                      {product} {ergonomic}
     bool UseLargePagesIndividualAllocation        = false                                  {pd product} {ergonomic}

Logging:
Log output configuration:
 #0: stdout all=warning uptime,level,tags
 #1: stderr all=off uptime,level,tags

Environment Variables:
PATH=C:\Program Files\Common Files\Oracle\Java\javapath;C:\Program Files (x86)\Common Files\Oracle\Java\javapath;C:\WINDOWS\system32;C:\WINDOWS;C:\WINDOWS\System32\Wbem;C:\WINDOWS\System32\WindowsPowerShell\v1.0\;C:\WINDOWS\System32\OpenSSH\;C:\Program Files\NVIDIA Corporation\NVIDIA NvDLISR;C:\Program Files (x86)\IVI Foundation\VISA\WinNT\Bin;C:\Program Files\PuTTY\;C:\Program Files (x86)\NVIDIA Corporation\PhysX\Common;C:\Program Files\dotnet\;C:\Program Files\Microsoft SQL Server\130\Tools\Binn\;C:\WINDOWS\system32;C:\WINDOWS;C:\WINDOWS\System32\Wbem;C:\WINDOWS\System32\WindowsPowerShell\v1.0\;C:\WINDOWS\System32\OpenSSH\;C:\Program Files\Git\cmd;C:\Program Files (x86)\dotnet\;C:\Users\pasca\AppData\Local\Programs\Python\Python39\Scripts\;C:\Users\pasca\AppData\Local\Programs\Python\Python39\;C:\Users\pasca\AppData\Local\Microsoft\WindowsApps;C:\Program Files\JetBrains\PyCharm Community Edition 2021.3\bin;;C:\Users\pasca\.dotnet\tools;C:\Program Files\JetBrains\IntelliJ IDEA Community Edition 2021.3.1\bin;;C:\Users\pasca\AppData\Local\Programs\Microsoft VS Code\bin;
USERNAME=Pascal
OS=Windows_NT
PROCESSOR_IDENTIFIER=AMD64 Family 23 Model 113 Stepping 0, AuthenticAMD



---------------  S Y S T E M  ---------------

OS:
 Windows 10 , 64 bit Build 22000 (10.0.22000.675)
OS uptime: 11 days 1:02 hours

CPU: total 12 (initial active 12) (12 cores per cpu, 2 threads per core) family 23 model 113 stepping 0 microcode 0x0, cx8, cmov, fxsr, ht, mmx, 3dnowpref, sse, sse2, sse3, ssse3, sse4a, sse4.1, sse4.2, popcnt, lzcnt, tsc, tscinvbit, avx, avx2, aes, clmul, bmi1, bmi2, adx, sha, fma, vzeroupper, clflush, clflushopt

Memory: 4k page, system-wide physical 32719M (19597M free)
TotalPageFile size 37583M (AvailPageFile size 20158M)
current process WorkingSet (physical memory assigned to process): 46M, peak: 46M
current process commit charge ("private bytes"): 619M, peak: 619M

vm_info: Java HotSpot(TM) 64-Bit Server VM (17.0.1+12-LTS-39) for windows-amd64 JRE (17.0.1+12-LTS-39), built on Sep 27 2021 18:41:35 by "mach5one" with MS VC++ 16.8 (VS2019)

END.
